\BOOKMARK [0][-]{content.0}{\376\377\000M\036\345\000c\000\040\000l\036\345\000c}{}% 1
\BOOKMARK [1][-]{Item.10}{\376\377\000L\036\334\000I\000\040\000C\000A\000M\000\040\000K\036\276\000T}{content.0}% 2
\BOOKMARK [1][-]{Item.10}{\376\377\000L\036\334\000I\000\040\000C\036\242\000M\000\040\001\240\000N}{content.0}% 3
\BOOKMARK [1][-]{section*.5}{\376\377\000D\000a\000n\000h\000\040\000s\000\341\000c\000h\000\040\000b\036\243\000n\000g}{content.0}% 4
\BOOKMARK [1][-]{section*.6}{\376\377\000D\000a\000n\000h\000\040\000s\000\341\000c\000h\000\040\000h\000\354\000n\000h}{content.0}% 5
\BOOKMARK [1][-]{section*.7}{\376\377\000D\000a\000n\000h\000\040\000p\000h\000\341\000p}{content.0}% 6
\BOOKMARK [1][-]{section.1}{\376\377\000M\036\337\000\040\001\021\036\247\000u}{content.0}% 7
\BOOKMARK [2][-]{subsection.1.1}{\376\377\000G\000i\036\333\000i\000\040\000t\000h\000i\036\307\000u\000\040\000v\036\301\000\040\000p\000h\001\260\001\241\000n\000g\000\040\000p\000h\000\341\000p\000\040\000k\000h\000o\000a\000n\000\040\000d\001\260\036\333\000i\000\040\000c\000\342\000n\000\040\000b\036\261\000n\000g}{section.1}% 8
\BOOKMARK [2][-]{subsection.1.2}{\376\377\000M\036\345\000c\000\040\001\021\000\355\000c\000h\000\040\000n\000g\000h\000i\000\352\000n\000\040\000c\036\351\000u}{section.1}% 9
\BOOKMARK [2][-]{subsection.1.3}{\376\377\000V\036\245\000n\000\040\001\021\036\301\000\040\000n\000g\000h\000i\036\301\000n\000\040\000c\036\351\000u}{section.1}% 10
\BOOKMARK [2][-]{subsection.1.4}{\376\377\000P\000h\036\241\000m\000\040\000v\000i\000\040\000n\000g\000h\000i\000\352\000n\000\040\000c\036\351\000u}{section.1}% 11
\BOOKMARK [1][-]{section.2}{\376\377\000C\001\241\000\040\000s\036\337\000\040\000l\000\375\000\040\000t\000h\000u\000y\036\277\000t}{content.0}% 12
\BOOKMARK [2][-]{subsection.2.1}{\376\377\000\301\000p\000\040\000s\000u\036\245\000t\000\040\000v\036\311\000a\000\040\000v\000\340\000\040\000v\036\341\000\040\000v\036\311\000a}{section.2}% 13
\BOOKMARK [3][-]{subsubsection.2.1.1}{\376\377\000\301\000p\000\040\000s\000u\036\245\000t\000\040\000v\036\311\000a}{subsection.2.1}% 14
\BOOKMARK [3][-]{subsubsection.2.1.2}{\376\377\000\301\000p\000\040\000s\000u\036\245\000t\000\040\000v\036\341\000\040\000v\036\311\000a}{subsection.2.1}% 15
\BOOKMARK [2][-]{subsection.2.2}{\376\377\000\301\000p\000\040\000s\000u\036\245\000t\000\040\001\021\000\341\000y\000\040\000g\000i\036\277\000n\000g}{section.2}% 16
\BOOKMARK [2][-]{subsection.2.3}{\376\377\000D\000u\000n\000g\000\040\000d\036\313\000c\000h\000\040\000k\000h\000o\000a\000n}{section.2}% 17
\BOOKMARK [2][-]{subsection.2.4}{\376\377\000T\036\325\000n\000\040\000t\000h\036\245\000t\000\040\000\341\000p\000\040\000s\000u\036\245\000t}{section.2}% 18
\BOOKMARK [1][-]{section.3}{\376\377\000C\000\341\000c\000\040\000k\036\371\000\040\000t\000h\000u\036\255\000t\000\040\000k\000h\000o\000a\000n\000\040\000t\000r\000o\000n\000g\000\040\000p\000h\001\260\001\241\000n\000g\000\040\000p\000h\000\341\000p\000\040\000k\000h\000o\000a\000n\000\040\000d\001\260\036\333\000i\000\040\000c\000\342\000n\000\040\000b\036\261\000n\000g}{content.0}% 19
\BOOKMARK [2][-]{subsection.3.1}{\376\377\000T\036\325\000n\000g\000\040\000q\000u\000a\000n}{section.3}% 20
\BOOKMARK [2][-]{subsection.3.2}{\376\377\000N\000h\036\357\000n\000g\000\040\000k\036\371\000\040\000t\000h\000u\036\255\000t\000\040\000t\000r\000o\000n\000g\000\040\000k\000h\000o\000a\000n\000\040\000d\001\260\036\333\000i\000\040\000c\000\342\000n\000\040\000b\036\261\000n\000g}{section.3}% 21
\BOOKMARK [2][-]{subsection.3.3}{\376\377\000N\000h\036\357\000n\000g\000\040\001\260\000u\000\040\001\021\000i\036\303\000m\000\040\000v\000\340\000\040\000h\036\241\000n\000\040\000c\000h\036\277\000\040\000k\000h\000i\000\040\000s\036\355\000\040\000d\036\345\000n\000g\000\040\000p\000h\001\260\001\241\000n\000g\000\040\000p\000h\000\341\000p\000\040\000k\000h\000o\000a\000n\000\040\000d\001\260\036\333\000i\000\040\000c\000\342\000n\000\040\000b\036\261\000n\000g}{section.3}% 22
\BOOKMARK [2][-]{subsection.3.4}{\376\377\000K\036\371\000\040\000t\000h\000u\036\255\000t\000\040\000k\000h\000o\000a\000n\000\040\000k\000h\000\355\000\040\000k\000h\000\364}{section.3}% 23
\BOOKMARK [3][-]{subsubsection.3.4.1}{\376\377\000T\036\325\000n\000g\000\040\000q\000u\000a\000n}{subsection.3.4}% 24
\BOOKMARK [3][-]{subsubsection.3.4.2}{\376\377\000T\000h\000i\036\277\000t\000\040\000b\036\313\000\040\000k\000h\000o\000a\000n}{subsection.3.4}% 25
\BOOKMARK [4][-]{paragraph.3.4.2.1}{\376\377\001\020\036\247\000u\000\040\000x\000o\000a\000y}{subsubsection.3.4.2}% 26
\BOOKMARK [4][-]{paragraph.3.4.2.2}{\376\377\000B\000i\000t\000\040\000f\000l\000o\000a\000t\000\040\000v\000\340\000\040\000S\000t\000r\000i\000n\000g\000\040\000f\000l\000o\000a\000t}{subsubsection.3.4.2}% 27
\BOOKMARK [4][-]{paragraph.3.4.2.3}{\376\377\000F\000i\000r\000e\000\040\000f\000l\000o\000a\000t\000\040\000v\000\340\000\040\000F\000i\000r\000e\000\040\000s\000t\000o\000p\000\040\000f\000l\000o\000a\000t}{subsubsection.3.4.2}% 28
\BOOKMARK [4][-]{paragraph.3.4.2.4}{\376\377\036\320\000n\000g\000\040\000t\000h\000\341\000o\000\040\000c\036\241\000n}{subsubsection.3.4.2}% 29
\BOOKMARK [4][-]{paragraph.3.4.2.5}{\376\377\000B\000\354\000n\000h\000\040\000t\000\341\000c\000h\000,\000\040\000m\000\341\000y\000\040\000k\000h\036\355\000\040\000b\036\345\000i\000,\000\040\000b\036\331\000\040\000g\000i\036\243\000m\000\040\000\342\000m}{subsubsection.3.4.2}% 30
\BOOKMARK [4][-]{paragraph.3.4.2.6}{\376\377\000H\036\307\000\040\000t\000h\036\321\000n\000g\000\040\000b\001\241\000m\000\040\000k\000h\000\355}{subsubsection.3.4.2}% 31
\BOOKMARK [4][-]{paragraph.3.4.2.7}{\376\377\000B\001\241\000m\000\040\000s\001\260\001\241\000n\000g}{subsubsection.3.4.2}% 32
\BOOKMARK [2][-]{subsection.3.5}{\376\377\000P\000h\001\260\001\241\000n\000g\000\040\000p\000h\000\341\000p\000\040\000v\036\255\000n\000\040\000h\000\340\000n\000h}{section.3}% 33
\BOOKMARK [3][-]{subsubsection.3.5.1}{\376\377\000T\000u\036\247\000n\000\040\000h\000o\000\340\000n\000\040\000d\000u\000n\000g\000\040\000d\036\313\000c\000h}{subsection.3.5}% 34
\BOOKMARK [4][-]{paragraph.3.5.1.1}{\376\377\000L\000\340\000m\000\040\000k\000h\000\364\000\040\000g\000i\036\277\000n\000g}{subsubsection.3.5.1}% 35
\BOOKMARK [4][-]{paragraph.3.5.1.2}{\376\377\000V\036\255\000n\000\040\000h\000\340\000n\000h}{subsubsection.3.5.1}% 36
\BOOKMARK [4][-]{paragraph.3.5.1.3}{\376\377\000K\036\277\000t\000\040\000n\036\321\000i}{subsubsection.3.5.1}% 37
\BOOKMARK [4][-]{paragraph.3.5.1.4}{\376\377\000L\000\340\000m\000\040\000s\036\241\000c\000h\000\040\000g\000i\036\277\000n\000g}{subsubsection.3.5.1}% 38
\BOOKMARK [4][-]{paragraph.3.5.1.5}{\376\377\000D\000o\000w\000n\000h\000o\000l\000e\000\040\000f\000i\000r\000e\000s}{subsubsection.3.5.1}% 39
\BOOKMARK [3][-]{subsubsection.3.5.2}{\376\377\000H\036\307\000\040\000t\000h\036\321\000n\000g\000\040\000t\000u\036\247\000n\000\040\000h\000o\000\340\000n\000\040\000n\000g\001\260\036\343\000c}{subsection.3.5}% 40
\BOOKMARK [2][-]{subsection.3.6}{\376\377\000K\036\371\000\040\000t\000h\000u\036\255\000t\000\040\000k\000h\000o\000a\000n\000\040\000b\036\261\000n\000g\000\040\000k\000h\000\355\000\040\000m\000\371}{section.3}% 41
\BOOKMARK [3][-]{subsubsection.3.6.1}{\376\377\000T\036\325\000n\000g\000\040\000q\000u\000a\000n}{subsection.3.6}% 42
\BOOKMARK [3][-]{subsubsection.3.6.2}{\376\377\000V\036\255\000n\000\040\000h\000\340\000n\000h}{subsection.3.6}% 43
\BOOKMARK [2][-]{subsection.3.7}{\376\377\000K\036\371\000\040\000t\000h\000u\036\255\000t\000\040\000k\000h\000o\000a\000n\000\040\000b\036\261\000n\000g\000\040\000k\000h\000\355\000\040\000t\036\361\000\040\000n\000h\000i\000\352\000n}{section.3}% 44
\BOOKMARK [3][-]{subsubsection.3.7.1}{\376\377\000T\036\325\000n\000g\000\040\000q\000u\000a\000n}{subsection.3.7}% 45
\BOOKMARK [3][-]{subsubsection.3.7.2}{\376\377\001\257\000u\000\040\001\021\000i\036\303\000m}{subsection.3.7}% 46
\BOOKMARK [4][-]{paragraph.3.7.2.1}{\376\377\000C\000h\036\321\000n\000g\000\040\001\003\000n\000\040\000m\000\362\000n}{subsubsection.3.7.2}% 47
\BOOKMARK [4][-]{paragraph.3.7.2.2}{\376\377\000D\000o\000w\000n\000-\000H\000o\000l\000e\000\040\000F\000i\000r\000e\000s}{subsubsection.3.7.2}% 48
\BOOKMARK [4][-]{paragraph.3.7.2.3}{\376\377\000T\000i\036\307\000n\000\040\000l\036\343\000i}{subsubsection.3.7.2}% 49
\BOOKMARK [2][-]{subsection.3.8}{\376\377\000K\036\371\000\040\000t\000h\000u\036\255\000t\000\040\000k\000h\000o\000a\000n\000\040\000b\036\261\000n\000g\000\040\000b\036\315\000t}{section.3}% 50
\BOOKMARK [3][-]{subsubsection.3.8.1}{\376\377\000T\036\325\000n\000g\000\040\000q\000u\000a\000n}{subsection.3.8}% 51
\BOOKMARK [3][-]{subsubsection.3.8.2}{\376\377\000K\000h\036\243\000\040\000n\001\003\000n\000g\000\040\000l\000\340\000m\000\040\000s\036\241\000c\000h\000\040\000g\000i\036\277\000n\000g}{subsection.3.8}% 52
\BOOKMARK [3][-]{subsubsection.3.8.3}{\376\377\000H\036\307\000\040\000t\000h\036\321\000n\000g\000\040\000t\000h\000i\036\277\000t\000\040\000b\036\313}{subsection.3.8}% 53
\BOOKMARK [3][-]{subsubsection.3.8.4}{\376\377\000T\000h\000\340\000n\000h\000\040\000p\000h\036\247\000n\000\040\000d\000u\000n\000g\000\040\000d\036\313\000c\000h}{subsection.3.8}% 54
\BOOKMARK [4][-]{paragraph.3.8.4.1}{\376\377\000D\000u\000n\000g\000\040\000d\036\313\000c\000h\000\040\000b\036\315\000t\000\040\000g\036\321\000c\000\040\000n\001\260\036\333\000c}{subsubsection.3.8.4}% 55
\BOOKMARK [4][-]{paragraph.3.8.4.2}{\376\377\000D\000u\000n\000g\000\040\000d\036\313\000c\000h\000\040\000b\036\315\000t\000\040\000g\036\321\000c\000\040\000d\036\247\000u}{subsubsection.3.8.4}% 56
\BOOKMARK [3][-]{subsubsection.3.8.5}{\376\377\000H\036\241\000n\000\040\000c\000h\036\277}{subsection.3.8}% 57
\BOOKMARK [2][-]{subsection.3.9}{\376\377\000K\036\371\000\040\000t\000h\000u\036\255\000t\000\040\000k\000h\000o\000a\000n\000\040\000b\036\261\000n\000g\000\040\000b\036\315\000t\000\040\000s\000\341\000n\000h}{section.3}% 58
\BOOKMARK [2][-]{subsection.3.10}{\376\377\000K\036\371\000\040\000t\000h\000u\036\255\000t\000\040\000S\000n\000u\000b\000\040\000d\000r\000i\000l\000l\000i\000n\000g}{section.3}% 59
\BOOKMARK [3][-]{subsubsection.3.10.1}{\376\377\000T\036\325\000n\000g\000\040\000q\000u\000a\000n}{subsection.3.10}% 60
\BOOKMARK [3][-]{subsubsection.3.10.2}{\376\377\000T\000h\000i\036\277\000t\000\040\000b\036\313}{subsection.3.10}% 61
\BOOKMARK [4][-]{paragraph.3.10.2.1}{\376\377\000H\036\307\000\040\000t\000h\036\321\000n\000g\000\040\000t\000h\036\347\000y\000\040\000l\036\361\000c}{subsubsection.3.10.2}% 62
\BOOKMARK [4][-]{paragraph.3.10.2.2}{\376\377\000H\036\307\000\040\000t\000h\036\321\000n\000g\000\040\000S\000n\000u\000b\000b\000i\000n\000g}{subsubsection.3.10.2}% 63
\BOOKMARK [2][-]{subsection.3.11}{\376\377\000K\036\371\000\040\000t\000h\000u\036\255\000t\000\040\000k\000h\000o\000a\000n\000\040\000b\036\261\000n\000g\000\040\000k\000h\000\355\000\040\000N\000i\000t\001\241}{section.3}% 64
\BOOKMARK [3][-]{subsubsection.3.11.1}{\376\377\000N\000i\000t\001\241\000\040\000m\000\340\000n\000g}{subsection.3.11}% 65
\BOOKMARK [4][-]{paragraph.3.11.1.1}{\376\377\001\257\000u\000\040\001\021\000i\036\303\000m}{subsubsection.3.11.1}% 66
\BOOKMARK [4][-]{paragraph.3.11.1.2}{\376\377\000H\036\241\000n\000\040\000c\000h\036\277}{subsubsection.3.11.1}% 67
\BOOKMARK [3][-]{subsubsection.3.11.2}{\376\377\000N\000i\000t\001\241\000\040\000l\036\317\000n\000g}{subsection.3.11}% 68
\BOOKMARK [4][-]{paragraph.3.11.2.1}{\376\377\001\257\000u\000\040\001\021\000i\036\303\000m}{subsubsection.3.11.2}% 69
\BOOKMARK [4][-]{paragraph.3.11.2.2}{\376\377\000H\036\241\000n\000\040\000c\000h\036\277}{subsubsection.3.11.2}% 70
\BOOKMARK [2][-]{subsection.3.12}{\376\377\000K\036\371\000\040\000t\000h\000u\036\255\000t\000\040\000k\000h\000o\000a\000n\000\040\000b\036\261\000n\000g\000\040\000G\000a\000s\000e\000a\000t\000e\000d\000\040\000F\000l\000u\000i\000d}{section.3}% 71
\BOOKMARK [3][-]{subsubsection.3.12.1}{\376\377\000T\036\325\000n\000g\000\040\000q\000u\000a\000n}{subsection.3.12}% 72
\BOOKMARK [3][-]{subsubsection.3.12.2}{\376\377\000D\036\361\000\040\001\021\000o\000\341\000n\000\040\000\341\000p\000\040\000s\000u\036\245\000t\000\040\000t\000h\036\347\000y\000\040\000t\001\051\000n\000h}{subsection.3.12}% 73
\BOOKMARK [3][-]{subsubsection.3.12.3}{\376\377\000G\000i\036\333\000i\000\040\000h\036\241\000n\000\040\000t\000h\036\303\000\040\000t\000\355\000c\000h\000\040\000k\000h\000\355\000\040\000v\000\340\000\040\000t\000h\036\303\000\040\000t\000\355\000c\000h\000\040\000d\000u\000n\000g\000\040\000d\036\313\000c\000h}{subsection.3.12}% 74
\BOOKMARK [4][-]{paragraph.3.12.3.1}{\376\377\000G\000i\036\333\000i\000\040\000h\036\241\000n\000\040\000t\000h\036\303\000\040\000t\000\355\000c\000h\000\040\000k\000h\000\355}{subsubsection.3.12.3}% 75
\BOOKMARK [4][-]{paragraph.3.12.3.2}{\376\377\000G\000i\036\333\000i\000\040\000h\036\241\000n\000\040\000t\000h\036\303\000\040\000t\000\355\000c\000h\000\040\000d\000u\000n\000g\000\040\000d\036\313\000c\000h}{subsubsection.3.12.3}% 76
\BOOKMARK [3][-]{subsubsection.3.12.4}{\376\377\001\257\000u\000\040\001\021\000i\036\303\000m}{subsection.3.12}% 77
\BOOKMARK [4][-]{paragraph.3.12.4.1}{\376\377\000B\036\243\000o\000\040\000v\036\307\000\040\000v\036\311\000a}{subsubsection.3.12.4}% 78
\BOOKMARK [4][-]{paragraph.3.12.4.2}{\376\377\000L\000o\036\241\000i\000\040\000b\036\317\000\040\000h\000o\036\267\000c\000\040\000l\000\340\000m\000\040\000g\000i\036\243\000m\000\040\000m\036\245\000t\000\040\000d\000u\000n\000g\000\040\000d\036\313\000c\000h}{subsubsection.3.12.4}% 79
\BOOKMARK [4][-]{paragraph.3.12.4.3}{\376\377\000L\000o\036\241\000i\000\040\000b\036\317\000\040\000v\036\245\000n\000\040\001\021\036\301\000\040\000k\036\271\000t\000\040\000c\036\247\000n\000\040\000d\000o\000\040\000c\000h\000\352\000n\000h\000\040\000l\036\307\000c\000h\000\040\000\341\000p\000\040\000s\000u\036\245\000t}{subsubsection.3.12.4}% 80
\BOOKMARK [4][-]{paragraph.3.12.4.4}{\376\377\000T\001\003\000n\000g\000\040\000t\036\321\000c\000\040\001\021\036\331\000\040\000k\000h\000o\000a\000n\000\040\000v\000\340\000\040\000t\000u\036\325\000i\000\040\000t\000h\036\315\000\040\000c\036\347\000a\000\040\000c\000h\000\362\000o\000n\000g\000\040\000k\000h\000o\000a\000n}{subsubsection.3.12.4}% 81
\BOOKMARK [4][-]{paragraph.3.12.4.5}{\376\377\001\020\000\341\000n\000h\000\040\000g\000i\000\341\000\040\000v\036\311\000a}{subsubsection.3.12.4}% 82
\BOOKMARK [3][-]{subsubsection.3.12.5}{\376\377\000H\036\241\000n\000\040\000c\000h\036\277}{subsection.3.12}% 83
\BOOKMARK [4][-]{paragraph.3.12.5.1}{\376\377\000G\000i\000\341\000\040\000t\000h\000\340\000n\000h}{subsubsection.3.12.5}% 84
\BOOKMARK [4][-]{paragraph.3.12.5.2}{\376\377\000P\000r\000e\000s\000s\000u\000r\000e\000\040\000s\000u\000r\000g\000e\000s}{subsubsection.3.12.5}% 85
\BOOKMARK [4][-]{paragraph.3.12.5.3}{\376\377\000M\036\331\000t\000\040\000s\036\321\000\040\000h\036\241\000n\000\040\000c\000h\036\277\000\040\000k\000h\000\341\000c}{subsubsection.3.12.5}% 86
\BOOKMARK [2][-]{subsection.3.13}{\376\377\000F\000l\000o\000w\000-\000d\000r\000i\000l\000l\000i\000n\000g\000\040\000\050\000D\000r\000i\000l\000l\000i\000n\000g\000\040\000m\000u\000d\000\051}{section.3}% 87
\BOOKMARK [3][-]{subsubsection.3.13.1}{\376\377\000T\036\325\000n\000g\000\040\000q\000u\000a\000n\000\040\000v\036\301\000\040\000h\036\307\000\040\000t\000h\036\321\000n\000g\000\040\000d\000u\000n\000g\000\040\000d\036\313\000c\000h\000\040\000k\000h\000o\000a\000n\000\040\001\021\001\241\000n\000\040\000p\000h\000a}{subsection.3.13}% 88
\BOOKMARK [3][-]{subsubsection.3.13.2}{\376\377\000L\036\343\000i\000\040\000\355\000c\000h\000\040\000k\000h\000i\000\040\000s\036\355\000\040\000d\036\345\000n\000g\000\040\000d\000u\000n\000g\000\040\000d\036\313\000c\000h\000\040\000k\000h\000o\000a\000n\000\040\001\021\001\241\000n\000\040\000p\000h\000a}{subsection.3.13}% 89
\BOOKMARK [4][-]{paragraph.3.13.2.1}{\376\377\000H\036\307\000\040\000t\000h\036\321\000n\000g\000\040\001\021\001\241\000n\000\040\000g\000i\036\243\000n}{subsubsection.3.13.2}% 90
\BOOKMARK [4][-]{paragraph.3.13.2.2}{\376\377\000C\000h\000i\000\040\000p\000h\000\355\000\040\000t\000h\036\245\000p}{subsubsection.3.13.2}% 91
\BOOKMARK [4][-]{paragraph.3.13.2.3}{\376\377\000C\000\363\000\040\000t\000h\036\303\000\040\000s\036\355\000\040\000d\036\345\000n\000g\000\040\001\021\036\331\000n\000g\000\040\000c\001\241\000\040\001\021\000\341\000y\000\040\000v\000\340\000\040\000c\000\341\000c\000\040\000t\000h\000i\036\277\000t\000\040\000b\036\313\000\040\001\021\000o\000\040\000t\000r\000o\000n\000g\000\040\000k\000h\000i\000\040\000k\000h\000o\000a\000n\000\040\000t\000r\000u\000y\036\301\000n\000\040\000t\000h\036\321\000n\000g}{subsubsection.3.13.2}% 92
\BOOKMARK [4][-]{paragraph.3.13.2.4}{\376\377\000T\001\003\000n\000g\000\040\000t\036\321\000c\000\040\001\021\036\331\000\040\000k\000h\000o\000a\000n}{subsubsection.3.13.2}% 93
\BOOKMARK [4][-]{paragraph.3.13.2.5}{\376\377\000G\000i\036\243\000m\000\040\000m\036\245\000t\000\040\000m\000\341\000t\000\040\000d\000u\000n\000g\000\040\000d\036\313\000c\000h\000\040\000t\000u\036\247\000n\000\040\000h\000o\000\340\000n}{subsubsection.3.13.2}% 94
\BOOKMARK [4][-]{paragraph.3.13.2.6}{\376\377\000G\000i\036\243\000m\000\040\000k\036\271\000t\000\040\000c\036\247\000n\000\040\000d\000o\000\040\000c\000h\000\352\000n\000h\000\040\000\341\000p}{subsubsection.3.13.2}% 95
\BOOKMARK [4][-]{paragraph.3.13.2.7}{\376\377\000G\000i\036\243\000m\000\040\000h\001\260\000\040\000h\036\241\000i\000\040\000t\000h\000\340\000n\000h\000\040\000h\036\307}{subsubsection.3.13.2}% 96
\BOOKMARK [4][-]{paragraph.3.13.2.8}{\376\377\000T\000h\036\361\000c\000\040\000h\000i\036\307\000n\000\040\000t\000h\036\355\000\040\000v\036\311\000a\000\040\000t\000r\000o\000n\000g\000\040\000k\000h\000i\000\040\000k\000h\000o\000a\000n}{subsubsection.3.13.2}% 97
\BOOKMARK [3][-]{subsubsection.3.13.3}{\376\377\000G\000i\036\333\000i\000\040\000h\036\241\000n}{subsection.3.13}% 98
\BOOKMARK [4][-]{paragraph.3.13.3.1}{\376\377\001\020\036\331\000\040\036\325\000n\000\040\001\021\036\313\000n\000h\000\040\000t\000h\000\340\000n\000h\000\040\000h\036\307}{subsubsection.3.13.3}% 99
\BOOKMARK [4][-]{paragraph.3.13.3.2}{\376\377\001\020\036\331\000\040\000t\000h\036\245\000m\000\040\001\021\036\351\000t\000\040\000g\000\343\000y\000\040\000v\000\340\000\040\000l\001\260\000u\000\040\000l\001\260\036\343\000n\000g\000\040\000d\000\362\000n\000g\000\040\000t\000r\000o\000n\000g\000\040\000v\036\311\000a}{subsubsection.3.13.3}% 100
\BOOKMARK [4][-]{paragraph.3.13.3.3}{\376\377\000K\000h\000\355\000\040\000H\0002\000S}{subsubsection.3.13.3}% 101
\BOOKMARK [1][-]{section.4}{\376\377\000C\000\341\000c\000\040\000v\036\245\000n\000\040\001\021\036\301\000\040\000t\000h\001\260\036\335\000n\000g\000\040\000g\036\267\000p\000\040\000t\000r\000o\000n\000g\000\040\000k\000h\000o\000a\000n\000\040\000d\001\260\036\333\000i\000\040\000c\000\342\000n\000\040\000b\036\261\000n\000g}{content.0}% 102
\BOOKMARK [2][-]{subsection.4.1}{\376\377\000H\036\307\000\040\000t\000h\036\321\000n\000g\000\040\000C\000o\000i\000l\000e\000d\000\040\000T\000u\000b\000i\000n\000g}{section.4}% 103
\BOOKMARK [3][-]{subsubsection.4.1.1}{\376\377\000T\036\325\000n\000g\000\040\000q\000u\000a\000n}{subsection.4.1}% 104
\BOOKMARK [3][-]{subsubsection.4.1.2}{\376\377\000H\036\307\000\040\000t\000h\036\321\000n\000g\000\040\000t\000h\000i\036\277\000t\000\040\000b\036\313}{subsection.4.1}% 105
\BOOKMARK [4][-]{paragraph.4.1.2.1}{\376\377\000B\001\241\000m\000\040\000\351\000p\000\040\000c\000o\000i\000l\000e\000d\000\040\000t\000u\000b\000i\000n\000g}{subsubsection.4.1.2}% 106
\BOOKMARK [4][-]{paragraph.4.1.2.2}{\376\377\000C\036\325\000\040\000n\000g\036\327\000n\000g}{subsubsection.4.1.2}% 107
\BOOKMARK [4][-]{paragraph.4.1.2.3}{\376\377\000H\036\307\000\040\000t\000h\036\321\000n\000g\000\040\000c\000u\036\331\000n}{subsubsection.4.1.2}% 108
\BOOKMARK [4][-]{paragraph.4.1.2.4}{\376\377\000P\000h\000\362\000n\000g\000\040\001\021\000i\036\301\000u\000\040\000h\000\340\000n\000h}{subsubsection.4.1.2}% 109
\BOOKMARK [3][-]{subsubsection.4.1.3}{\376\377\000H\036\307\000\040\000t\000h\036\321\000n\000g\000\040\000k\000i\036\303\000m\000\040\000s\000o\000\341\000t\000\040\000g\000i\036\277\000n\000g}{subsection.4.1}% 110
\BOOKMARK [4][-]{paragraph.4.1.3.1}{\376\377\000H\036\307\000\040\000t\000h\036\321\000n\000g\000\040\000d\036\247\000u\000\040\000b\000\364\000i\000\040\000t\000r\001\241\000n}{subsubsection.4.1.3}% 111
\BOOKMARK [4][-]{paragraph.4.1.3.2}{\376\377\000B\036\331\000\040\000k\000h\000o\000a\000n\000\040\000c\036\345}{subsubsection.4.1.3}% 112
\BOOKMARK [3][-]{subsubsection.4.1.4}{\376\377\000V\036\255\000n\000\040\000h\000\340\000n\000h}{subsection.4.1}% 113
\BOOKMARK [4][-]{paragraph.4.1.4.1}{\376\377\000K\000i\036\303\000m\000\040\000s\000o\000\341\000t\000\040\000c\000o\000i\000l\000e\000d\000\040\000t\000u\000b\000i\000n\000g}{subsubsection.4.1.4}% 114
\BOOKMARK [4][-]{paragraph.4.1.4.2}{\376\377\000N\000h\036\357\000n\000g\000\040\000v\036\245\000n\000\040\001\021\036\301\000\040\000c\036\247\000n\000\040\001\021\001\260\036\343\000c\000\040\000t\000h\036\361\000c\000\040\000h\000i\036\307\000n\000\040\000t\000r\000o\000n\000g\000\040\000q\000u\000\341\000\040\000t\000r\000\354\000n\000h\000\040\000v\036\255\000n\000\040\000h\000\340\000n\000h\000\040\000k\000h\000o\000a\000n}{subsubsection.4.1.4}% 115
\BOOKMARK [3][-]{subsubsection.4.1.5}{\376\377\000T\000h\000\341\000c\000h\000\040\000t\000h\036\351\000c}{subsection.4.1}% 116
\BOOKMARK [4][-]{paragraph.4.1.5.1}{\376\377\000L\000\340\000m\000\040\000s\036\241\000c\000h\000\040\000g\000i\036\277\000n\000g}{subsubsection.4.1.5}% 117
\BOOKMARK [4][-]{paragraph.4.1.5.2}{\376\377\000T\036\321\000c\000\040\001\021\036\331\000\040\000k\000h\000o\000a\000n}{subsubsection.4.1.5}% 118
\BOOKMARK [4][-]{paragraph.4.1.5.3}{\376\377\000W\000e\000l\000l\000h\000e\000a\000d\000\040\000v\000\340\000\040\000\341\000p\000\040\000s\000u\036\245\000t\000\040\000k\000h\000o\036\243\000n\000g\000\040\000k\000h\000\364\000n\000g\000\040\000v\000\340\000n\000h\000\040\000x\000u\000y\036\277\000n}{subsubsection.4.1.5}% 119
\BOOKMARK [4][-]{paragraph.4.1.5.4}{\376\377\000\301\000p\000\040\000s\000u\036\245\000t\000\040\000b\001\241\000m\000\040\000\351\000p\000\040\000b\036\301\000\040\000m\036\267\000t}{subsubsection.4.1.5}% 120
\BOOKMARK [4][-]{paragraph.4.1.5.5}{\376\377\000\301\000p\000\040\000s\000u\036\245\000t\000\040\000t\000u\000b\000i\000n\000g}{subsubsection.4.1.5}% 121
\BOOKMARK [4][-]{paragraph.4.1.5.6}{\376\377\000K\000h\000o\000a\000n\000\040\000t\000r\000o\000n\000g\000\040\000t\036\247\000n\000g\000\040\000v\036\311\000a\000\040\000n\036\351\000t\000\040\000n\036\273}{subsubsection.4.1.5}% 122
\BOOKMARK [2][-]{subsection.4.2}{\376\377\000W\000e\000l\000l\000\040\000l\000o\000g\000g\000i\000n\000g}{section.4}% 123
\BOOKMARK [2][-]{subsection.4.3}{\376\377\000H\000S\000E\000\040\000t\000r\000a\000i\000n\000i\000n\000g}{section.4}% 124
\BOOKMARK [2][-]{subsection.4.4}{\376\377\000C\000a\000n\000d\000i\000d\000a\000t\000e\000s\000\040\000s\000e\000l\000e\000c\000t\000i\000o\000n}{section.4}% 125
\BOOKMARK [2][-]{subsection.4.5}{\376\377\000K\000i\036\303\000m\000\040\000s\000o\000\341\000t\000\040\000\341\000p\000\040\000s\000u\036\245\000t\000\040\000t\000r\000o\000n\000g\000\040\000k\000h\000i\000\040\000k\000h\000o\000a\000n\000\040\000\050\000M\000P\000D\000\051}{section.4}% 126
\BOOKMARK [3][-]{subsubsection.4.5.1}{\376\377\000V\036\255\000n\000\040\000h\000\340\000n\000h\000\040\000M\000P\000D}{subsection.4.5}% 127
\BOOKMARK [3][-]{subsubsection.4.5.2}{\376\377\000T\000h\000i\036\277\000t\000\040\000b\036\313\000\040\000k\000i\036\303\000m\000\040\000s\000o\000\341\000t}{subsection.4.5}% 128
\BOOKMARK [1][-]{section.5}{\376\377\000K\000i\036\303\000m\000\040\000s\000o\000\341\000t\000\040\000t\000h\000\364\000n\000g\000\040\000s\036\321\000\040\000t\000r\000o\000n\000g\000\040\000q\000u\000\341\000\040\000t\000r\000\354\000n\000h\000\040\000k\000h\000o\000a\000n\000\040\000d\001\260\036\333\000i\000\040\000c\000\342\000n\000\040\000b\036\261\000n\000g}{content.0}% 129
\BOOKMARK [2][-]{subsection.5.1}{\376\377\000C\000\341\000c\000\040\000t\000h\036\321\000n\000g\000\040\000s\036\321\000\040\000t\000r\000o\000n\000g\000\040\000q\000u\000\341\000\040\000t\000r\000\354\000n\000h\000\040\000k\000h\000o\000a\000n\000\040\000d\001\260\036\333\000i\000\040\000c\000\342\000n\000\040\000b\036\261\000n\000g}{section.5}% 130
\BOOKMARK [2][-]{subsection.5.2}{\376\377\036\324\000n\000\040\001\021\036\313\000n\000h\000\040\000t\000h\000\340\000n\000h\000\040\000h\036\307\000\040\000t\000r\000o\000n\000g\000\040\000k\000h\000o\000a\000n\000\040\000d\001\260\036\333\000i\000\040\000c\000\342\000n\000\040\000b\036\261\000n\000g}{section.5}% 131
\BOOKMARK [2][-]{subsection.5.3}{\376\377\000T\000h\000i\036\277\000t\000\040\000b\036\313\000\040\000t\000r\000o\000n\000g\000\040\000k\000h\000o\000a\000n\000\040\000d\001\260\036\333\000i\000\040\000c\000\342\000n\000\040\000b\036\261\000n\000g}{section.5}% 132
\BOOKMARK [3][-]{subsubsection.5.3.1}{\376\377\000T\000h\000i\036\277\000t\000\040\000b\036\313\000\040\000l\036\245\000y\000\040\000m\036\253\000u\000\040\001\021\036\313\000a\000\040\000c\000h\036\245\000t}{subsection.5.3}% 133
\BOOKMARK [3][-]{subsubsection.5.3.2}{\376\377\000T\000h\000i\036\277\000t\000\040\000b\036\313\000\040\000k\000i\036\303\000m\000\040\000s\000o\000\341\000t\000\040\000\341\000p\000\040\000s\000u\036\245\000t\000\040\000R\000C\000D}{subsection.5.3}% 134
\BOOKMARK [3][-]{subsubsection.5.3.3}{\376\377\000B\000\354\000n\000h\000\040\000t\000\341\000c\000h\000\040\000b\036\321\000n\000\040\000p\000h\000a}{subsection.5.3}% 135
\BOOKMARK [1][-]{section.6}{\376\377\000K\036\277\000t\000\040\000l\000u\036\255\000n\000\040\000v\000\340\000\040\000k\000i\036\277\000n\000\040\000n\000g\000h\036\313}{content.0}% 136
\BOOKMARK [2][-]{subsection.6.1}{\376\377\000K\036\277\000t\000\040\000l\000u\036\255\000n}{section.6}% 137
\BOOKMARK [2][-]{subsection.6.2}{\376\377\000K\000i\036\277\000n\000\040\000n\000g\000h\036\313}{section.6}% 138
