This is pdfTeX, Version 3.14159265-2.6-1.40.17 (MiKTeX 2.9 64-bit) (preloaded format=pdflatex 2017.11.20)  12 APR 2018 15:16
entering extended mode
**"F:/ /Document/Previous/Đồ án khoan/Tex/final.tex"
("F:/ /Document/Previous/Đồ án khoan/Tex/final.tex"
LaTeX2e <2016/03/31>
Babel <3.9r> and hyphenation patterns for 75 language(s) loaded.
("C:\Program Files\MiKTeX 2.9\tex\latex\base\article.cls"
Document Class: article 2014/09/29 v1.4h Standard LaTeX document class
("C:\Program Files\MiKTeX 2.9\tex\latex\base\size12.clo"
File: size12.clo 2014/09/29 v1.4h Standard LaTeX file (size option)
)
\c@part=\count79
\c@section=\count80
\c@subsection=\count81
\c@subsubsection=\count82
\c@paragraph=\count83
\c@subparagraph=\count84
\c@figure=\count85
\c@table=\count86
\abovecaptionskip=\skip41
\belowcaptionskip=\skip42
\bibindent=\dimen102
)
("C:\Program Files\MiKTeX 2.9\tex\latex\base\inputenc.sty"
Package: inputenc 2015/03/17 v1.2c Input encoding file
\inpenc@prehook=\toks14
\inpenc@posthook=\toks15

(C:\vntex\tex\latex\vietnam\utf8.def
File: utf8.def 2002/05/21 UCS: Input encoding UTF-8
)) (C:\vntex\tex\latex\vietnam\ucs.sty
Package: ucs 2002/06/22 UCS: Unicode input support

(C:\vntex\tex\latex\vietnam\uni-global.def
File: uni-global.def 2002/07/04 UCS: Unicode global data
)
\uc@secondtry=\count87
\uc@combtoks=\toks16
\uc@combtoksb=\toks17
\uc@temptokena=\toks18
)
(C:\vntex\tex\latex\vietnam\vietnam.sty
Package: vietnam 2000/01/27 v1.0 Vietnamese captions

("C:\Program Files\MiKTeX 2.9\tex\latex\base\ifthen.sty"
Package: ifthen 2014/09/29 v1.1c Standard LaTeX ifthen package (DPC)
)
("C:\Program Files\MiKTeX 2.9\tex\latex\base\fontenc.sty"
Package: fontenc 2005/09/27 v1.99g Standard LaTeX package

(C:\vntex\tex\latex\vietnam\t5enc.def
File: t5enc.def 2001/09/21 v1.1 Vietnamese T5 encoding
)
LaTeX Font Info:    Try loading font information for T5+cmr on input line 105.
 (C:\vntex\tex\latex\vietnam\t5cmr.fd
File: t5cmr.fd 1999/05/25 v2.5h Standard LaTeX font definitions
))

Package vietnam Warning: No input encoding specified, used VISCII as default on
 input line 45.

(C:\vntex\tex\latex\vietnam\vncaps.tex))
("C:\Program Files\MiKTeX 2.9\tex\latex\geometry\geometry.sty"
Package: geometry 2010/09/12 v5.6 Page Geometry

("C:\Program Files\MiKTeX 2.9\tex\latex\graphics\keyval.sty"
Package: keyval 2014/10/28 v1.15 key=value parser (DPC)
\KV@toks@=\toks19
)
(C:\vntex\tex\latex\math\ifpdf.sty
Package: ifpdf 2001/06/14 v1.0 Providing \ifpdf (HO)
Package ifpdf Info: pdfTeX in pdf mode detected on input line 140.
) (C:\vntex\tex\latex\math\ifvtex.sty
Package: ifvtex 2001/06/14 v1.0 *TEST* Providing \ifvtex switches (HO)
Package ifvtex Info: VTeX not detected.
)
("C:\Program Files\MiKTeX 2.9\tex\generic\ifxetex\ifxetex.sty"
Package: ifxetex 2010/09/12 v0.6 Provides ifxetex conditional
)
\Gm@cnth=\count88
\Gm@cntv=\count89
\c@Gm@tempcnt=\count90
\Gm@bindingoffset=\dimen103
\Gm@wd@mp=\dimen104
\Gm@odd@mp=\dimen105
\Gm@even@mp=\dimen106
\Gm@layoutwidth=\dimen107
\Gm@layoutheight=\dimen108
\Gm@layouthoffset=\dimen109
\Gm@layoutvoffset=\dimen110
\Gm@dimlist=\toks20

("C:\Program Files\MiKTeX 2.9\tex\latex\geometry\geometry.cfg"))
("C:\Program Files\MiKTeX 2.9\tex\latex\amsmath\amsmath.sty"
Package: amsmath 2016/03/10 v2.15b AMS math features
\@mathmargin=\skip43

For additional information on amsmath, use the `?' option.
("C:\Program Files\MiKTeX 2.9\tex\latex\amsmath\amstext.sty"
Package: amstext 2000/06/29 v2.01 AMS text

("C:\Program Files\MiKTeX 2.9\tex\latex\amsmath\amsgen.sty"
File: amsgen.sty 1999/11/30 v2.0 generic functions
\@emptytoks=\toks21
\ex@=\dimen111
))
("C:\Program Files\MiKTeX 2.9\tex\latex\amsmath\amsbsy.sty"
Package: amsbsy 1999/11/29 v1.2d Bold Symbols
\pmbraise@=\dimen112
)
("C:\Program Files\MiKTeX 2.9\tex\latex\amsmath\amsopn.sty"
Package: amsopn 2016/03/08 v2.02 operator names
)
\inf@bad=\count91
LaTeX Info: Redefining \frac on input line 199.
\uproot@=\count92
\leftroot@=\count93
LaTeX Info: Redefining \overline on input line 297.
\classnum@=\count94
\DOTSCASE@=\count95
LaTeX Info: Redefining \ldots on input line 394.
LaTeX Info: Redefining \dots on input line 397.
LaTeX Info: Redefining \cdots on input line 518.
\Mathstrutbox@=\box26
\strutbox@=\box27
\big@size=\dimen113
LaTeX Font Info:    Redeclaring font encoding OML on input line 634.
LaTeX Font Info:    Redeclaring font encoding OMS on input line 635.
\macc@depth=\count96
\c@MaxMatrixCols=\count97
\dotsspace@=\muskip10
\c@parentequation=\count98
\dspbrk@lvl=\count99
\tag@help=\toks22
\row@=\count100
\column@=\count101
\maxfields@=\count102
\andhelp@=\toks23
\eqnshift@=\dimen114
\alignsep@=\dimen115
\tagshift@=\dimen116
\tagwidth@=\dimen117
\totwidth@=\dimen118
\lineht@=\dimen119
\@envbody=\toks24
\multlinegap=\skip44
\multlinetaggap=\skip45
\mathdisplay@stack=\toks25
LaTeX Info: Redefining \[ on input line 2739.
LaTeX Info: Redefining \] on input line 2740.
)
("C:\Program Files\MiKTeX 2.9\tex\latex\float\float.sty"
Package: float 2001/11/08 v1.3d Float enhancements (AL)
\c@float@type=\count103
\float@exts=\toks26
\float@box=\box28
\@float@everytoks=\toks27
\@floatcapt=\box29
)
("C:\Program Files\MiKTeX 2.9\tex\latex\amsfonts\amssymb.sty"
Package: amssymb 2013/01/14 v3.01 AMS font symbols

("C:\Program Files\MiKTeX 2.9\tex\latex\amsfonts\amsfonts.sty"
Package: amsfonts 2013/01/14 v3.01 Basic AMSFonts support
\symAMSa=\mathgroup4
\symAMSb=\mathgroup5
LaTeX Font Info:    Overwriting math alphabet `\mathfrak' in version `bold'
(Font)                  U/euf/m/n --> U/euf/b/n on input line 106.
))
("C:\Program Files\MiKTeX 2.9\tex\latex\graphics\graphicx.sty"
Package: graphicx 2014/10/28 v1.0g Enhanced LaTeX Graphics (DPC,SPQR)

("C:\Program Files\MiKTeX 2.9\tex\latex\graphics\graphics.sty"
Package: graphics 2016/05/09 v1.0r Standard LaTeX Graphics (DPC,SPQR)

("C:\Program Files\MiKTeX 2.9\tex\latex\graphics\trig.sty"
Package: trig 2016/01/03 v1.10 sin cos tan (DPC)
)
("C:\Program Files\MiKTeX 2.9\tex\latex\00miktex\graphics.cfg"
File: graphics.cfg 2016/01/02 v1.10 sample graphics configuration
)
Package graphics Info: Driver file: pdftex.def on input line 96.

("C:\Program Files\MiKTeX 2.9\tex\latex\pdftex-def\pdftex.def"
File: pdftex.def 2011/05/27 v0.06d Graphics/color for pdfTeX

("C:\Program Files\MiKTeX 2.9\tex\generic\oberdiek\infwarerr.sty"
Package: infwarerr 2016/05/16 v1.4 Providing info/warning/error messages (HO)
)
("C:\Program Files\MiKTeX 2.9\tex\generic\oberdiek\ltxcmds.sty"
Package: ltxcmds 2016/05/16 v1.23 LaTeX kernel commands for general use (HO)
)
\Gread@gobject=\count104
))
\Gin@req@height=\dimen120
\Gin@req@width=\dimen121
)
("C:\Program Files\MiKTeX 2.9\tex\latex\hyperref\hyperref.sty"
Package: hyperref 2016/05/21 v6.83p Hypertext links for LaTeX

("C:\Program Files\MiKTeX 2.9\tex\generic\oberdiek\hobsub-hyperref.sty"
Package: hobsub-hyperref 2016/05/16 v1.14 Bundle oberdiek, subset hyperref (HO)


("C:\Program Files\MiKTeX 2.9\tex\generic\oberdiek\hobsub-generic.sty"
Package: hobsub-generic 2016/05/16 v1.14 Bundle oberdiek, subset generic (HO)
Package: hobsub 2016/05/16 v1.14 Construct package bundles (HO)
Package hobsub Info: Skipping package `infwarerr' (already loaded).
Package hobsub Info: Skipping package `ltxcmds' (already loaded).
Package: ifluatex 2016/05/16 v1.4 Provides the ifluatex switch (HO)
Package ifluatex Info: LuaTeX not detected.
Package hobsub Info: Skipping package `ifvtex' (already loaded).
Package: intcalc 2016/05/16 v1.2 Expandable calculations with integers (HO)
Package hobsub Info: Skipping package `ifpdf' (already loaded).
Package: etexcmds 2016/05/16 v1.6 Avoid name clashes with e-TeX commands (HO)
Package etexcmds Info: Could not find \expanded.
(etexcmds)             That can mean that you are not using pdfTeX 1.50 or
(etexcmds)             that some package has redefined \expanded.
(etexcmds)             In the latter case, load this package earlier.
Package: kvsetkeys 2016/05/16 v1.17 Key value parser (HO)
Package: kvdefinekeys 2016/05/16 v1.4 Define keys (HO)
Package: pdftexcmds 2016/05/21 v0.22 Utility functions of pdfTeX for LuaTeX (HO
)


LaTeX Warning: You have requested, on input line 4644, version
               `2010/09/13' of package ifpdf,
               but only version
               `2001/06/14 v1.0 Providing \ifpdf (HO)'
               is available.

Package pdftexcmds Info: LuaTeX not detected.
Package pdftexcmds Info: \pdf@primitive is available.
Package pdftexcmds Info: \pdf@ifprimitive is available.
Package pdftexcmds Info: \pdfdraftmode found.
Package: pdfescape 2016/05/16 v1.14 Implements pdfTeX's escape features (HO)
Package: bigintcalc 2016/05/16 v1.4 Expandable calculations on big integers (HO
)
Package: bitset 2016/05/16 v1.2 Handle bit-vector datatype (HO)
Package: uniquecounter 2016/05/16 v1.3 Provide unlimited unique counter (HO)
)
Package hobsub Info: Skipping package `hobsub' (already loaded).
Package: letltxmacro 2016/05/16 v1.5 Let assignment for LaTeX macros (HO)
Package: hopatch 2016/05/16 v1.3 Wrapper for package hooks (HO)
Package: xcolor-patch 2016/05/16 xcolor patch
Package: atveryend 2016/05/16 v1.9 Hooks at the very end of document (HO)
Package atveryend Info: \enddocument detected (standard20110627).
Package: atbegshi 2016/05/16 v1.17 At begin shipout hook (HO)


LaTeX Warning: You have requested, on input line 1837, version
               `2011/01/30' of package ifpdf,
               but only version
               `2001/06/14 v1.0 Providing \ifpdf (HO)'
               is available.

Package: refcount 2016/05/16 v3.5 Data extraction from label references (HO)
Package: hycolor 2016/05/16 v1.8 Color options for hyperref/bookmark (HO)
)

LaTeX Warning: You have requested, on input line 108, version
               `2006/02/20' of package ifpdf,
               but only version
               `2001/06/14 v1.0 Providing \ifpdf (HO)'
               is available.

("C:\Program Files\MiKTeX 2.9\tex\latex\oberdiek\auxhook.sty"
Package: auxhook 2016/05/16 v1.4 Hooks for auxiliary files (HO)
)
("C:\Program Files\MiKTeX 2.9\tex\latex\oberdiek\kvoptions.sty"
Package: kvoptions 2016/05/16 v3.12 Key value format for package options (HO)
)
\@linkdim=\dimen122
\Hy@linkcounter=\count105
\Hy@pagecounter=\count106

("C:\Program Files\MiKTeX 2.9\tex\latex\hyperref\pd1enc.def"
File: pd1enc.def 2016/05/21 v6.83p Hyperref: PDFDocEncoding definition (HO)
)
\Hy@SavedSpaceFactor=\count107

("C:\Program Files\MiKTeX 2.9\tex\latex\00miktex\hyperref.cfg"
File: hyperref.cfg 2002/06/06 v1.2 hyperref configuration of TeXLive
)
Package hyperref Info: Option `unicode' set `true' on input line 4362.

("C:\Program Files\MiKTeX 2.9\tex\latex\hyperref\puenc.def"
File: puenc.def 2016/05/21 v6.83p Hyperref: PDF Unicode definition (HO)
)
Package hyperref Info: Hyper figures OFF on input line 4486.
Package hyperref Info: Link nesting OFF on input line 4491.
Package hyperref Info: Hyper index ON on input line 4494.
Package hyperref Info: Plain pages OFF on input line 4501.
Package hyperref Info: Backreferencing OFF on input line 4506.
Package hyperref Info: Implicit mode ON; LaTeX internals redefined.
Package hyperref Info: Bookmarks ON on input line 4735.
\c@Hy@tempcnt=\count108

(C:\vntex\tex\latex\mystyle\url.sty
\Urlmuskip=\muskip11
Package: url 1999/03/28  ver 1.5x  Verb mode for urls, etc.
)
LaTeX Info: Redefining \url on input line 5088.
\XeTeXLinkMargin=\dimen123
\Fld@menulength=\count109
\Field@Width=\dimen124
\Fld@charsize=\dimen125
Package hyperref Info: Hyper figures OFF on input line 6342.
Package hyperref Info: Link nesting OFF on input line 6347.
Package hyperref Info: Hyper index ON on input line 6350.
Package hyperref Info: backreferencing OFF on input line 6357.
Package hyperref Info: Link coloring OFF on input line 6362.
Package hyperref Info: Link coloring with OCG OFF on input line 6367.
Package hyperref Info: PDF/A mode OFF on input line 6372.
LaTeX Info: Redefining \ref on input line 6412.
LaTeX Info: Redefining \pageref on input line 6416.
\Hy@abspage=\count110
\c@Item=\count111
\c@Hfootnote=\count112
)

Package hyperref Message: Driver (autodetected): hpdftex.

("C:\Program Files\MiKTeX 2.9\tex\latex\hyperref\hpdftex.def"
File: hpdftex.def 2016/05/21 v6.83p Hyperref driver for pdfTeX
\Fld@listcount=\count113
\c@bookmark@seq@number=\count114

("C:\Program Files\MiKTeX 2.9\tex\latex\oberdiek\rerunfilecheck.sty"
Package: rerunfilecheck 2016/05/16 v1.8 Rerun checks for auxiliary files (HO)
Package uniquecounter Info: New unique counter `rerunfilecheck' on input line 2
82.
)
\Hy@SectionHShift=\skip46
)
("C:\Program Files\MiKTeX 2.9\tex\latex\caption\caption.sty"
Package: caption 2016/02/21 v3.3-144 Customizing captions (AR)

("C:\Program Files\MiKTeX 2.9\tex\latex\caption\caption3.sty"
Package: caption3 2016/05/22 v1.7-166 caption3 kernel (AR)
Package caption3 Info: TeX engine: e-TeX on input line 67.
\captionmargin=\dimen126
\captionmargin@=\dimen127
\captionwidth=\dimen128
\caption@tempdima=\dimen129
\caption@indent=\dimen130
\caption@parindent=\dimen131
\caption@hangindent=\dimen132
)
\c@ContinuedFloat=\count115
Package caption Info: float package is loaded.
Package caption Info: hyperref package is loaded.
)
("C:\Program Files\MiKTeX 2.9\tex\latex\xcolor\xcolor.sty"
Package: xcolor 2016/05/11 v2.12 LaTeX color extensions (UK)

("C:\Program Files\MiKTeX 2.9\tex\latex\00miktex\color.cfg"
File: color.cfg 2016/01/02 v1.6 sample color configuration
)
Package xcolor Info: Driver file: pdftex.def on input line 225.

(C:\vntex\tex\latex\mystyle\colortbl.sty
Package: colortbl 1998/05/06 v0.1h Color table columns (DPC)

("C:\Program Files\MiKTeX 2.9\tex\latex\tools\array.sty"
Package: array 2014/10/28 v2.4c Tabular extension package (FMi)
\col@sep=\dimen133
\extrarowheight=\dimen134
\NC@list=\toks28
\extratabsurround=\skip47
\backup@length=\skip48
)
\everycr=\toks29
\minrowclearance=\skip49
)
\rownum=\count116
Package xcolor Info: Model `cmy' substituted by `cmy0' on input line 1348.
Package xcolor Info: Model `hsb' substituted by `rgb' on input line 1352.
Package xcolor Info: Model `RGB' extended on input line 1364.
Package xcolor Info: Model `HTML' substituted by `rgb' on input line 1366.
Package xcolor Info: Model `Hsb' substituted by `hsb' on input line 1367.
Package xcolor Info: Model `tHsb' substituted by `hsb' on input line 1368.
Package xcolor Info: Model `HSB' substituted by `hsb' on input line 1369.
Package xcolor Info: Model `Gray' substituted by `gray' on input line 1370.
Package xcolor Info: Model `wave' substituted by `hsb' on input line 1371.
)
("C:\Program Files\MiKTeX 2.9\tex\latex\psnfss\mathptmx.sty"
Package: mathptmx 2005/04/12 PSNFSS-v9.2a Times w/ Math, improved (SPQR, WaS) 
LaTeX Font Info:    Redeclaring symbol font `operators' on input line 28.
LaTeX Font Info:    Overwriting symbol font `operators' in version `normal'
(Font)                  OT1/cmr/m/n --> OT1/ztmcm/m/n on input line 28.
LaTeX Font Info:    Overwriting symbol font `operators' in version `bold'
(Font)                  OT1/cmr/bx/n --> OT1/ztmcm/m/n on input line 28.
LaTeX Font Info:    Redeclaring symbol font `letters' on input line 29.
LaTeX Font Info:    Overwriting symbol font `letters' in version `normal'
(Font)                  OML/cmm/m/it --> OML/ztmcm/m/it on input line 29.
LaTeX Font Info:    Overwriting symbol font `letters' in version `bold'
(Font)                  OML/cmm/b/it --> OML/ztmcm/m/it on input line 29.
LaTeX Font Info:    Redeclaring symbol font `symbols' on input line 30.
LaTeX Font Info:    Overwriting symbol font `symbols' in version `normal'
(Font)                  OMS/cmsy/m/n --> OMS/ztmcm/m/n on input line 30.
LaTeX Font Info:    Overwriting symbol font `symbols' in version `bold'
(Font)                  OMS/cmsy/b/n --> OMS/ztmcm/m/n on input line 30.
LaTeX Font Info:    Redeclaring symbol font `largesymbols' on input line 31.
LaTeX Font Info:    Overwriting symbol font `largesymbols' in version `normal'
(Font)                  OMX/cmex/m/n --> OMX/ztmcm/m/n on input line 31.
LaTeX Font Info:    Overwriting symbol font `largesymbols' in version `bold'
(Font)                  OMX/cmex/m/n --> OMX/ztmcm/m/n on input line 31.
\symbold=\mathgroup6
\symitalic=\mathgroup7
LaTeX Font Info:    Redeclaring math alphabet \mathbf on input line 34.
LaTeX Font Info:    Overwriting math alphabet `\mathbf' in version `normal'
(Font)                  OT1/cmr/bx/n --> OT1/ptm/bx/n on input line 34.
LaTeX Font Info:    Overwriting math alphabet `\mathbf' in version `bold'
(Font)                  OT1/cmr/bx/n --> OT1/ptm/bx/n on input line 34.
LaTeX Font Info:    Redeclaring math alphabet \mathit on input line 35.
LaTeX Font Info:    Overwriting math alphabet `\mathit' in version `normal'
(Font)                  OT1/cmr/m/it --> OT1/ptm/m/it on input line 35.
LaTeX Font Info:    Overwriting math alphabet `\mathit' in version `bold'
(Font)                  OT1/cmr/bx/it --> OT1/ptm/m/it on input line 35.
LaTeX Info: Redefining \hbar on input line 50.
) (final.aux

LaTeX Warning: Label `my-label' multiply defined.


LaTeX Warning: Label `my-label' multiply defined.

)
\openout1 = `final.aux'.

LaTeX Font Info:    Checking defaults for OML/cmm/m/it on input line 25.
LaTeX Font Info:    ... okay on input line 25.
LaTeX Font Info:    Checking defaults for T1/cmr/m/n on input line 25.
LaTeX Font Info:    ... okay on input line 25.
LaTeX Font Info:    Checking defaults for OT1/cmr/m/n on input line 25.
LaTeX Font Info:    ... okay on input line 25.
LaTeX Font Info:    Checking defaults for OMS/cmsy/m/n on input line 25.
LaTeX Font Info:    ... okay on input line 25.
LaTeX Font Info:    Checking defaults for OMX/cmex/m/n on input line 25.
LaTeX Font Info:    ... okay on input line 25.
LaTeX Font Info:    Checking defaults for U/cmr/m/n on input line 25.
LaTeX Font Info:    ... okay on input line 25.
LaTeX Font Info:    Checking defaults for T5/cmr/m/n on input line 25.
LaTeX Font Info:    ... okay on input line 25.
LaTeX Font Info:    Checking defaults for PD1/pdf/m/n on input line 25.
LaTeX Font Info:    ... okay on input line 25.
LaTeX Font Info:    Checking defaults for PU/pdf/m/n on input line 25.
LaTeX Font Info:    ... okay on input line 25.
LaTeX Font Info:    Try loading font information for T5+ptm on input line 25.
 ("C:\Program Files\MiKTeX 2.9\tex\latex\vntex\t5ptm.fd"
File: t5utm.fd 2005/08/24 Fontinst v1.929 font definitions for T5/ptm.
)
(C:\vntex\tex\latex\vietnam\ucsencs.def
File: ucsencs.def 2002/06/15 Fixes to fontencodings LGR, LHE, T3
)
*geometry* driver: auto-detecting
*geometry* detected driver: pdftex
*geometry* verbose mode - [ preamble ] result:
* driver: pdftex
* paper: letterpaper
* layout: <same size as paper>
* layoutoffset:(h,v)=(0.0pt,0.0pt)
* modes: 
* h-part:(L,W,R)=(85.35826pt, 472.03123pt, 56.9055pt)
* v-part:(T,H,B)=(71.13188pt, 652.70622pt, 71.13188pt)
* \paperwidth=614.295pt
* \paperheight=794.96999pt
* \textwidth=472.03123pt
* \textheight=652.70622pt
* \oddsidemargin=13.08827pt
* \evensidemargin=13.08827pt
* \topmargin=-38.1381pt
* \headheight=12.0pt
* \headsep=25.0pt
* \topskip=12.0pt
* \footskip=30.0pt
* \marginparwidth=35.0pt
* \marginparsep=10.0pt
* \columnsep=10.0pt
* \skip\footins=10.8pt plus 4.0pt minus 2.0pt
* \hoffset=0.0pt
* \voffset=0.0pt
* \mag=1000
* \@twocolumnfalse
* \@twosidefalse
* \@mparswitchfalse
* \@reversemarginfalse
* (1in=72.27pt=25.4mm, 1cm=28.453pt)

("C:\Program Files\MiKTeX 2.9\tex\context\base\supp-pdf.mkii"
[Loading MPS to PDF converter (version 2006.09.02).]
\scratchcounter=\count117
\scratchdimen=\dimen135
\scratchbox=\box30
\nofMPsegments=\count118
\nofMParguments=\count119
\everyMPshowfont=\toks30
\MPscratchCnt=\count120
\MPscratchDim=\dimen136
\MPnumerator=\count121
\makeMPintoPDFobject=\count122
\everyMPtoPDFconversion=\toks31
) ("C:\Program Files\MiKTeX 2.9\tex\latex\oberdiek\epstopdf-base.sty"
Package: epstopdf-base 2016/05/15 v2.6 Base part for package epstopdf

("C:\Program Files\MiKTeX 2.9\tex\latex\oberdiek\grfext.sty"
Package: grfext 2016/05/16 v1.2 Manage graphics extensions (HO)
)
Package grfext Info: Graphics extension search list:
(grfext)             [.png,.pdf,.jpg,.mps,.jpeg,.jbig2,.jb2,.PNG,.PDF,.JPG,.JPE
G,.JBIG2,.JB2,.eps]
(grfext)             \AppendGraphicsExtensions on input line 456.
)
\AtBeginShipoutBox=\box31
Package hyperref Info: Link coloring OFF on input line 25.

("C:\Program Files\MiKTeX 2.9\tex\latex\hyperref\nameref.sty"
Package: nameref 2016/05/21 v2.44 Cross-referencing by name of section

("C:\Program Files\MiKTeX 2.9\tex\generic\oberdiek\gettitlestring.sty"
Package: gettitlestring 2016/05/16 v1.5 Cleanup title references (HO)
)
\c@section@level=\count123
)
LaTeX Info: Redefining \ref on input line 25.
LaTeX Info: Redefining \pageref on input line 25.
LaTeX Info: Redefining \nameref on input line 25.

(final.out) (final.out)
\@outlinefile=\write3
\openout3 = `final.out'.

Package caption Info: Begin \AtBeginDocument code.
Package caption Info: End \AtBeginDocument code.
LaTeX Font Info:    Font shape `T5/ptm/bx/n' in size <20.74> not available
(Font)              Font shape `T5/ptm/b/n' tried instead on input line 33.
 (C:\vntex\tex\latex\vietnam\uni-1.def
File: uni-1.def 2002/07/04 UCS: Unicode data U+0100..U+01FF
)
(C:\vntex\tex\latex\vietnam\uni-30.def
File: uni-30.def 2002/07/04 UCS: Unicode data U+1E00..U+1EFF
) (C:\vntex\tex\latex\vietnam\uni-0.def
File: uni-0.def 2002/07/04 UCS: Unicode data U+0000..U+00FF
)
LaTeX Font Info:    Try loading font information for OT1+ztmcm on input line 33
.

("C:\Program Files\MiKTeX 2.9\tex\latex\psnfss\ot1ztmcm.fd"
File: ot1ztmcm.fd 2000/01/03 Fontinst v1.801 font definitions for OT1/ztmcm.
)
LaTeX Font Info:    Try loading font information for OML+ztmcm on input line 33
.

("C:\Program Files\MiKTeX 2.9\tex\latex\psnfss\omlztmcm.fd"
File: omlztmcm.fd 2000/01/03 Fontinst v1.801 font definitions for OML/ztmcm.
)
LaTeX Font Info:    Try loading font information for OMS+ztmcm on input line 33
.

("C:\Program Files\MiKTeX 2.9\tex\latex\psnfss\omsztmcm.fd"
File: omsztmcm.fd 2000/01/03 Fontinst v1.801 font definitions for OMS/ztmcm.
)
LaTeX Font Info:    Try loading font information for OMX+ztmcm on input line 33
.

("C:\Program Files\MiKTeX 2.9\tex\latex\psnfss\omxztmcm.fd"
File: omxztmcm.fd 2000/01/03 Fontinst v1.801 font definitions for OMX/ztmcm.
)
LaTeX Font Info:    Try loading font information for OT1+ptm on input line 33.

("C:\Program Files\MiKTeX 2.9\tex\latex\psnfss\ot1ptm.fd"
File: ot1ptm.fd 2001/06/04 font definitions for OT1/ptm.
)
LaTeX Font Info:    Font shape `OT1/ptm/bx/n' in size <14.4> not available
(Font)              Font shape `OT1/ptm/b/n' tried instead on input line 33.
LaTeX Font Info:    Font shape `OT1/ptm/bx/n' in size <10.95> not available
(Font)              Font shape `OT1/ptm/b/n' tried instead on input line 33.
LaTeX Font Info:    Font shape `OT1/ptm/bx/n' in size <8> not available
(Font)              Font shape `OT1/ptm/b/n' tried instead on input line 33.
 [1


{C:/ProgramData/MiKTeX/2.9/pdftex/config/pdftex.map}]
LaTeX Font Info:    Font shape `T5/ptm/bx/n' in size <12> not available
(Font)              Font shape `T5/ptm/b/n' tried instead on input line 37.

Underfull \hbox (badness 10000) in paragraph at lines 39--54

 []


Underfull \hbox (badness 10000) in paragraph at lines 39--54

 []


Underfull \hbox (badness 10000) in paragraph at lines 39--54

 []


Underfull \hbox (badness 10000) in paragraph at lines 39--54

 []


Underfull \hbox (badness 10000) in paragraph at lines 39--54

 []


Underfull \hbox (badness 10000) in paragraph at lines 39--54

 []


Underfull \hbox (badness 10000) in paragraph at lines 39--54

 []


Underfull \hbox (badness 10000) in paragraph at lines 39--54

 []

pdfTeX warning (ext4): destination with the same identifier (name{page.}) has b
een already used, duplicate ignored
<to be read again> 
                   \relax 
l.60 \newpage
              [2]
LaTeX Font Info:    Font shape `OT1/ptm/bx/n' in size <12> not available
(Font)              Font shape `OT1/ptm/b/n' tried instead on input line 64.
LaTeX Font Info:    Font shape `OT1/ptm/bx/n' in size <9> not available
(Font)              Font shape `OT1/ptm/b/n' tried instead on input line 64.
LaTeX Font Info:    Font shape `OT1/ptm/bx/n' in size <7> not available
(Font)              Font shape `OT1/ptm/b/n' tried instead on input line 64.

Overfull \hbox (26.56873pt too wide) in paragraph at lines 64--68
 [][] 
 []

pdfTeX warning (ext4): destination with the same identifier (name{page.}) has b
een already used, duplicate ignored
<to be read again> 
                   \relax 
l.99 \newpage
              [3]
Overfull \hbox (26.56873pt too wide) in paragraph at lines 103--107
 [][] 
 []

pdfTeX warning (ext4): destination with the same identifier (name{page.}) has b
een already used, duplicate ignored
<to be read again> 
                   \relax 
l.133 \newpage
               [4]
Overfull \hbox (26.56873pt too wide) in paragraph at lines 137--141
 [][] 
 []

pdfTeX warning (ext4): destination with the same identifier (name{page.}) has b
een already used, duplicate ignored
<to be read again> 
                   \relax 
l.167 \newpage
               [5]
Underfull \hbox (badness 10000) in paragraph at lines 174--180

 []

pdfTeX warning (ext4): destination with the same identifier (name{page.}) has b
een already used, duplicate ignored
<to be read again> 
                   \relax 
l.182 \clearpage
                 [6] (C:\vntex\tex\latex\vietnam\uni-32.def
File: uni-32.def 2002/07/04 UCS: Unicode data U+2000..U+20FF
) [1

]
LaTeX Font Info:    Font shape `T5/ptm/bx/n' in size <17.28> not available
(Font)              Font shape `T5/ptm/b/n' tried instead on input line 204.
 (final.toc
[2] [3] [4] [5])
\tf@toc=\write4
\openout4 = `final.toc'.

 (final.lot)
\tf@lot=\write5
\openout5 = `final.lot'.

 [6] (final.lof)
\tf@lof=\write6
\openout6 = `final.lof'.

 [7] [8] [9]
LaTeX Font Info:    Font shape `T5/ptm/bx/n' in size <14.4> not available
(Font)              Font shape `T5/ptm/b/n' tried instead on input line 249.
 [1

] [2]
LaTeX Font Info:    Try loading font information for OMS+ptm on input line 312.


("C:\Program Files\MiKTeX 2.9\tex\latex\psnfss\omsptm.fd"
File: omsptm.fd 
)
LaTeX Font Info:    Font shape `OMS/ptm/m/n' in size <12> not available
(Font)              Font shape `OMS/cmsy/m/n' tried instead on input line 312.
 [3] [4] [5] [6]
Underfull \hbox (badness 10000) in paragraph at lines 390--392

 []

[7] <Figs/Fig2.PNG, id=896, 545.78906pt x 395.97937pt>
File: Figs/Fig2.PNG Graphic file (type png)
 <use Figs/Fig2.PNG>
Package pdftex.def Info: Figs/Fig2.PNG used on input line 395.
(pdftex.def)             Requested size: 382.04973pt x 277.18367pt.

Underfull \hbox (badness 10000) in paragraph at lines 398--400

 []

<Figs/Fig3.PNG, id=900, 484.05844pt x 478.03593pt>
File: Figs/Fig3.PNG Graphic file (type png)
 <use Figs/Fig3.PNG>
Package pdftex.def Info: Figs/Fig3.PNG used on input line 405.
(pdftex.def)             Requested size: 338.8386pt x 334.62286pt.

Underfull \hbox (badness 10000) in paragraph at lines 400--408

 []

[8

 <./Figs/Fig2.PNG>]
Underfull \hbox (badness 10000) in paragraph at lines 408--410

 []


Underfull \hbox (badness 10000) in paragraph at lines 410--414

 []

[9 <./Figs/Fig3.PNG>]
Underfull \hbox (badness 10000) in paragraph at lines 414--417

 []


Underfull \hbox (badness 10000) in paragraph at lines 417--422

 []

[10]
Underfull \hbox (badness 10000) in paragraph at lines 425--428

 []

[11]
Underfull \hbox (badness 10000) in paragraph at lines 428--432

 []


Underfull \hbox (badness 10000) in paragraph at lines 432--435

 []

[12]
Underfull \hbox (badness 10000) in paragraph at lines 435--438

 []


Underfull \hbox (badness 10000) in paragraph at lines 438--440

 []

[13] [14] <Figs/Fig4.png, id=936, 768.62157pt x 1503.36656pt>
File: Figs/Fig4.png Graphic file (type png)

<use Figs/Fig4.png>
Package pdftex.def Info: Figs/Fig4.png used on input line 451.
(pdftex.def)             Requested size: 153.72159pt x 300.66798pt.
 [15

 <./Figs/Fig4.png>]
Underfull \hbox (badness 10000) in paragraph at lines 466--468

 []

[16] <Figs/Fig6.png, id=949, 961.34157pt x 958.3303pt>
File: Figs/Fig6.png Graphic file (type png)
 <use Figs/Fig6.png>
Package pdftex.def Info: Figs/Fig6.png used on input line 483.
(pdftex.def)             Requested size: 288.4047pt x 287.50131pt.

[17 <./Figs/Fig6.png>]
Underfull \hbox (badness 10000) in paragraph at lines 494--496

 []


Underfull \hbox (badness 10000) in paragraph at lines 496--499

 []

[18]
Underfull \hbox (badness 10000) in paragraph at lines 499--501

 []

[19] <Figs/Fig5.png, id=966, 965.85844pt x 970.3753pt>
File: Figs/Fig5.png Graphic file (type png)
 <use Figs/Fig5.png>
Package pdftex.def Info: Figs/Fig5.png used on input line 517.
(pdftex.def)             Requested size: 386.33653pt x 388.14325pt.

[20 <./Figs/Fig5.png>]
Underfull \hbox (badness 10000) in paragraph at lines 522--527

 []


Underfull \hbox (badness 10000) in paragraph at lines 527--530

 []

[21] [22] [23]
Underfull \hbox (badness 10000) in paragraph at lines 565--567

 []

[24]
Underfull \hbox (badness 10000) in paragraph at lines 567--569

 []

[25] [26] <Figs/Fig7.png, id=1001, 1036.62282pt x 804.75656pt>
File: Figs/Fig7.png Graphic file (type png)

<use Figs/Fig7.png>
Package pdftex.def Info: Figs/Fig7.png used on input line 597.
(pdftex.def)             Requested size: 414.64178pt x 321.89691pt.
 <Figs/Fig8.png, id=1004, 979.40906pt x 485.56406pt>
File: Figs/Fig8.png Graphic file (type png)

<use Figs/Fig8.png>
Package pdftex.def Info: Figs/Fig8.png used on input line 602.
(pdftex.def)             Requested size: 391.75668pt x 194.22217pt.


LaTeX Warning: `h' float specifier changed to `ht'.

[27

 <./Figs/Fig7.png>] [28 <./Figs/Fig8.png>]
<Figs/Fig9.png, id=1019, 980.91469pt x 450.9347pt>
File: Figs/Fig9.png Graphic file (type png)
 <use Figs/Fig9.png>
Package pdftex.def Info: Figs/Fig9.png used on input line 659.
(pdftex.def)             Requested size: 490.45615pt x 225.4668pt.

Overfull \hbox (18.42491pt too wide) in paragraph at lines 659--660
 [][] 
 []

[29]
Underfull \hbox (badness 10000) in paragraph at lines 663--666

 []

[30 <./Figs/Fig9.png>]
Underfull \hbox (badness 10000) in paragraph at lines 666--668

 []


Underfull \hbox (badness 10000) in paragraph at lines 672--679

 []


Underfull \hbox (badness 10000) in paragraph at lines 679--686

 []

[31] [32]
Underfull \hbox (badness 10000) in paragraph at lines 708--711

 []

[33]
Underfull \hbox (badness 10000) in paragraph at lines 711--713

 []


Underfull \hbox (badness 10000) in paragraph at lines 726--727

 []


Underfull \hbox (badness 10000) in paragraph at lines 727--729

 []

[34]
Underfull \hbox (badness 10000) in paragraph at lines 729--731

 []


Underfull \hbox (badness 10000) in paragraph at lines 731--733

 []


Underfull \hbox (badness 10000) in paragraph at lines 733--736

 []

<Figs/Fig11.PNG, id=1052, 468.24937pt x 430.60875pt>
File: Figs/Fig11.PNG Graphic file (type png)
 <use Figs/Fig11.PNG>
Package pdftex.def Info: Figs/Fig11.PNG used on input line 741.
(pdftex.def)             Requested size: 234.1241pt x 215.30383pt.

Underfull \hbox (badness 10000) in paragraph at lines 736--744

 []

[35]
Underfull \hbox (badness 10000) in paragraph at lines 745--747

 []

<Figs/Fig12.PNG, id=1059, 590.95781pt x 409.53pt>
File: Figs/Fig12.PNG Graphic file (type png)
 <use Figs/Fig12.PNG>
Package pdftex.def Info: Figs/Fig12.PNG used on input line 754.
(pdftex.def)             Requested size: 295.47818pt x 204.7645pt.

Underfull \hbox (badness 10000) in paragraph at lines 747--757

 []

[36 <./Figs/Fig11.PNG>]
Underfull \hbox (badness 10000) in paragraph at lines 757--758

 []


Underfull \hbox (badness 10000) in paragraph at lines 757--758

 []

[37 <./Figs/Fig12.PNG>] <Figs/Fig18.PNG, id=1073, 581.17125pt x 470.50781pt>
File: Figs/Fig18.PNG Graphic file (type png)

<use Figs/Fig18.PNG>
Package pdftex.def Info: Figs/Fig18.PNG used on input line 768.
(pdftex.def)             Requested size: 290.58492pt x 235.25333pt.
 [38 <./Figs/Fig18.PNG>]
Underfull \hbox (badness 10000) in paragraph at lines 775--777

 []


Underfull \hbox (badness 10000) in paragraph at lines 777--779

 []


Underfull \hbox (badness 10000) in paragraph at lines 779--781

 []


Underfull \hbox (badness 10000) in paragraph at lines 781--783

 []

[39]
Underfull \hbox (badness 10000) in paragraph at lines 788--790

 []


Underfull \hbox (badness 10000) in paragraph at lines 790--792

 []


Underfull \hbox (badness 10000) in paragraph at lines 792--794

 []


Underfull \hbox (badness 10000) in paragraph at lines 794--796

 []

[40] <Figs/Fig19.PNG, id=1090, 591.71063pt x 500.62032pt>
File: Figs/Fig19.PNG Graphic file (type png)
 <use Figs/Fig19.PNG>
Package pdftex.def Info: Figs/Fig19.PNG used on input line 801.
(pdftex.def)             Requested size: 355.02911pt x 300.37451pt.

Underfull \hbox (badness 10000) in paragraph at lines 797--804

 []


Underfull \hbox (badness 10000) in paragraph at lines 804--806

 []

[41 <./Figs/Fig19.PNG>]
Underfull \hbox (badness 10000) in paragraph at lines 806--808

 []


LaTeX Warning: `h' float specifier changed to `ht'.

[42] <Figs/Fig14.PNG, id=1105, 587.94656pt x 457.71pt>
File: Figs/Fig14.PNG Graphic file (type png)
 <use Figs/Fig14.PNG>
Package pdftex.def Info: Figs/Fig14.PNG used on input line 851.
(pdftex.def)             Requested size: 411.55978pt x 320.39482pt.

[43] [44 <./Figs/Fig14.PNG>]
<Figs/Fig15.PNG, id=1117, 533.74406pt x 362.85562pt>
File: Figs/Fig15.PNG Graphic file (type png)
 <use Figs/Fig15.PNG>
Package pdftex.def Info: Figs/Fig15.PNG used on input line 869.
(pdftex.def)             Requested size: 373.61829pt x 253.99721pt.

[45 <./Figs/Fig15.PNG>] [46]
<Figs/Fig16.png, id=1131, 982.42032pt x 1277.52281pt>
File: Figs/Fig16.png Graphic file (type png)
 <use Figs/Fig16.png>
Package pdftex.def Info: Figs/Fig16.png used on input line 885.
(pdftex.def)             Requested size: 294.72838pt x 383.2598pt.

[47

 <./Figs/Fig16.png>]
Underfull \hbox (badness 10000) in paragraph at lines 900--901

 []

[48] [49] [50] [51] [52] [53]
<Figs/Fig17.png, id=1167, 193.36455pt x 118.43579pt>
File: Figs/Fig17.png Graphic file (type png)
 <use Figs/Fig17.png>
Package pdftex.def Info: Figs/Fig17.png used on input line 1027.
(pdftex.def)             Requested size: 309.38367pt x 189.4975pt.

Underfull \hbox (badness 10000) in paragraph at lines 1024--1032

 []


LaTeX Warning: `h' float specifier changed to `ht'.

[54] [55 <./Figs/Fig17.png>]
Underfull \hbox (badness 10000) in paragraph at lines 1041--1042

 []

[56] [57] [58]
Underfull \hbox (badness 10000) in paragraph at lines 1131--1132

 []

[59] [60] [61] <Fig5_10.png, id=1221, 262.9825pt x 245.91875pt>
File: Fig5_10.png Graphic file (type png)

<use Fig5_10.png>
Package pdftex.def Info: Fig5_10.png used on input line 1189.
(pdftex.def)             Requested size: 262.98184pt x 245.91814pt.
 [62

 <./Fig5_10.png>]
<Fig5_8.png, id=1229, 607.26875pt x 428.60126pt>
File: Fig5_8.png Graphic file (type png)
 <use Fig5_8.png>
Package pdftex.def Info: Fig5_8.png used on input line 1224.
(pdftex.def)             Requested size: 364.36406pt x 257.16273pt.

<Fig5_5.png, id=1232, 861.2175pt x 632.3625pt>
File: Fig5_5.png Graphic file (type png)
 <use Fig5_5.png>
Package pdftex.def Info: Fig5_5.png used on input line 1236.
(pdftex.def)             Requested size: 344.4809pt x 252.94052pt.
 [63 <./Fig5_8.png>] [64 <./Fig5_5.png>] <Fig5_9.jpg, id=1246, 174.6525pt x 290
.08376pt>
File: Fig5_9.jpg Graphic file (type jpg)

<use Fig5_9.jpg>
Package pdftex.def Info: Fig5_9.jpg used on input line 1246.
(pdftex.def)             Requested size: 174.65207pt x 290.08304pt.
 <Fig5_4.png, id=1249, 849.1725pt x 376.40625pt>
File: Fig5_4.png Graphic file (type png)

<use Fig5_4.png>
Package pdftex.def Info: Fig5_4.png used on input line 1265.
(pdftex.def)             Requested size: 455.2422pt x 199.17271pt.


LaTeX Warning: `h' float specifier changed to `ht'.

[65

 <./Fig5_9.jpg>] [66 <./Fig5_4.png>] [67] (final.bbl
LaTeX Font Info:    Try loading font information for T5+cmtt on input line 39.

(C:\vntex\tex\latex\vietnam\t5cmtt.fd
File: t5cmtt.fd 1999/05/25 v2.5h Standard LaTeX font definitions
) [68])
Package atveryend Info: Empty hook `BeforeClearDocument' on input line 1298.
 [69]
Package atveryend Info: Empty hook `AfterLastShipout' on input line 1298.
 (final.aux)
Package atveryend Info: Executing hook `AtVeryEndDocument' on input line 1298.
Package atveryend Info: Executing hook `AtEndAfterFileList' on input line 1298.

Package rerunfilecheck Info: File `final.out' has not changed.
(rerunfilecheck)             Checksum: EFB8E6E572953F444FB77811A5394923;26529.


LaTeX Warning: There were multiply-defined labels.

Package atveryend Info: Empty hook `AtVeryVeryEnd' on input line 1298.
 ) 
Here is how much of TeX's memory you used:
 14440 strings out of 493335
 198493 string characters out of 3139259
 263382 words of memory out of 3000000
 17472 multiletter control sequences out of 15000+200000
 52253 words of font info for 90 fonts, out of 3000000 for 9000
 1141 hyphenation exceptions out of 8191
 38i,12n,43p,1352b,620s stack positions out of 5000i,500n,10000p,200000b,50000s
{C:/Program Files/MiKTeX 2.9/fonts/enc/dvips/fontname/8r.enc}{C:/Program File
s/MiKTeX 2.9/fonts/enc/dvips/fontname/t5.enc}<C:/Program Files/MiKTeX 2.9/fonts
/type1/public/amsfonts/cm/cmmi10.pfb><C:/Program Files/MiKTeX 2.9/fonts/type1/p
ublic/amsfonts/cm/cmr10.pfb><C:/Program Files/MiKTeX 2.9/fonts/type1/public/ams
fonts/cm/cmsy10.pfb><C:/Program Files/MiKTeX 2.9/fonts/type1/urw/symbol/usyr.pf
b><C:/Program Files/MiKTeX 2.9/fonts/type1/urw/symbol/usyr.pfb><C:/Program File
s/MiKTeX 2.9/fonts/type1/vntex/urwvn/utmb8v.pfb><C:/Program Files/MiKTeX 2.9/fo
nts/type1/urw/times/utmr8a.pfb><C:/Program Files/MiKTeX 2.9/fonts/type1/vntex/u
rwvn/utmr8v.pfb><C:/Program Files/MiKTeX 2.9/fonts/type1/urw/times/utmri8a.pfb>
<C:/Program Files/MiKTeX 2.9/fonts/type1/vntex/urwvn/utmri8v.pfb><C:/vntex/font
s/type1/public/vnr/vntt12.pfb>
Output written on final.pdf (84 pages, 6137632 bytes).
PDF statistics:
 1381 PDF objects out of 1440 (max. 8388607)
 293 named destinations out of 1000 (max. 500000)
 1210 words of extra memory for PDF output out of 10000 (max. 10000000)

