\BOOKMARK [0][-]{content.0}{\376\377\000M\036\345\000c\000\040\000l\036\345\000c}{}% 1
\BOOKMARK [1][-]{section.1}{\376\377\000K\000h\000o\000a\000n\000\040\000d\001\260\036\333\000i\000\040\000c\000\342\000n\000\040\000b\036\261\000n\000g}{content.0}% 2
\BOOKMARK [2][-]{subsection.1.1}{\376\377\000T\036\325\000n\000g\000\040\000q\000u\000a\000n}{section.1}% 3
\BOOKMARK [2][-]{subsection.1.2}{\376\377\000N\000h\036\357\000n\000g\000\040\000k\036\371\000\040\000t\000h\000u\036\255\000t\000\040\000t\000r\000o\000n\000g\000\040\000k\000h\000o\000a\000n\000\040\000d\001\260\036\333\000i\000\040\000c\000\342\000n\000\040\000b\036\261\000n\000g}{section.1}% 4
\BOOKMARK [2][-]{subsection.1.3}{\376\377\000N\000h\036\357\000n\000g\000\040\001\260\000u\000\040\001\021\000i\036\303\000m\000\040\000v\000\340\000\040\000h\036\241\000n\000\040\000c\000h\036\277\000\040\000k\000h\000i\000\040\000s\036\355\000\040\000d\036\345\000n\000g\000\040\000p\000h\001\260\001\241\000n\000g\000\040\000p\000h\000\341\000p\000\040\000k\000h\000o\000a\000n\000\040\000d\001\260\036\333\000i\000\040\000c\000\342\000n\000\040\000b\036\261\000n\000g}{section.1}% 5
\BOOKMARK [1][-]{section.2}{\376\377\000K\036\371\000\040\000t\000h\000u\036\255\000t\000\040\000k\000h\000o\000a\000n\000\040\000k\000h\000\355\000\040\000k\000h\000\364}{content.0}% 6
\BOOKMARK [2][-]{subsection.2.1}{\376\377\000T\036\325\000n\000g\000\040\000q\000u\000a\000n}{section.2}% 7
\BOOKMARK [2][-]{subsection.2.2}{\376\377\000T\000h\000i\036\277\000t\000\040\000b\036\313\000\040\000k\000h\000o\000a\000n}{section.2}% 8
\BOOKMARK [3][-]{subsubsection.2.2.1}{\376\377\001\020\036\247\000u\000\040\000x\000o\000a\000y}{subsection.2.2}% 9
\BOOKMARK [3][-]{subsubsection.2.2.2}{\376\377\000B\000i\000t\000\040\000f\000l\000o\000a\000t\000\040\000v\000\340\000\040\000S\000t\000r\000i\000n\000g\000\040\000f\000l\000o\000a\000t}{subsection.2.2}% 10
\BOOKMARK [3][-]{subsubsection.2.2.3}{\376\377\000F\000i\000r\000e\000\040\000f\000l\000o\000a\000t\000\040\000v\000\340\000\040\000F\000i\000r\000e\000\040\000s\000t\000o\000p\000\040\000f\000l\000o\000a\000t}{subsection.2.2}% 11
\BOOKMARK [3][-]{subsubsection.2.2.4}{\376\377\036\320\000n\000g\000\040\000t\000h\000\341\000o\000\040\000c\036\241\000n}{subsection.2.2}% 12
\BOOKMARK [3][-]{subsubsection.2.2.5}{\376\377\000B\000\354\000n\000h\000\040\000t\000\341\000c\000h\000,\000\040\000m\000\341\000y\000\040\000k\000h\036\355\000\040\000b\036\345\000i\000,\000\040\000b\036\331\000\040\000g\000i\036\243\000m\000\040\000\342\000m}{subsection.2.2}% 13
\BOOKMARK [3][-]{subsubsection.2.2.6}{\376\377\000H\036\307\000\040\000t\000h\036\321\000n\000g\000\040\000b\001\241\000m\000\040\000k\000h\000\355}{subsection.2.2}% 14
\BOOKMARK [3][-]{subsubsection.2.2.7}{\376\377\000B\001\241\000m\000\040\000s\001\260\001\241\000n\000g}{subsection.2.2}% 15
\BOOKMARK [2][-]{subsection.2.3}{\376\377\000P\000h\001\260\001\241\000n\000g\000\040\000p\000h\000\341\000p\000\040\000v\036\255\000n\000\040\000h\000\340\000n\000h}{section.2}% 16
\BOOKMARK [3][-]{subsubsection.2.3.1}{\376\377\000T\000u\036\247\000n\000\040\000h\000o\000\340\000n\000\040\000d\000u\000n\000g\000\040\000d\036\313\000c\000h}{subsection.2.3}% 17
\BOOKMARK [3][-]{subsubsection.2.3.2}{\376\377\000L\000\340\000m\000\040\000k\000h\000\364\000\040\000g\000i\036\277\000n\000g}{subsection.2.3}% 18
\BOOKMARK [3][-]{subsubsection.2.3.3}{\376\377\000V\036\255\000n\000\040\000h\000\340\000n\000h}{subsection.2.3}% 19
\BOOKMARK [3][-]{subsubsection.2.3.4}{\376\377\000K\036\277\000t\000\040\000n\036\321\000i}{subsection.2.3}% 20
\BOOKMARK [3][-]{subsubsection.2.3.5}{\376\377\000L\000\340\000m\000\040\000s\036\241\000c\000h\000\040\000g\000i\036\277\000n\000g}{subsection.2.3}% 21
\BOOKMARK [2][-]{subsection.2.4}{\376\377\000D\000o\000w\000n\000h\000o\000l\000e\000\040\000f\000i\000r\000e\000s}{section.2}% 22
\BOOKMARK [2][-]{subsection.2.5}{\376\377\000H\036\307\000\040\000t\000h\036\321\000n\000g\000\040\000t\000u\036\247\000n\000\040\000h\000o\000\340\000n\000\040\000n\000g\001\260\036\343\000c}{section.2}% 23
\BOOKMARK [1][-]{section.3}{\376\377\000K\036\371\000\040\000t\000h\000u\036\255\000t\000\040\000k\000h\000o\000a\000n\000\040\000b\036\261\000n\000g\000\040\000k\000h\000\355\000\040\000m\000\371}{content.0}% 24
\BOOKMARK [2][-]{subsection.3.1}{\376\377\000T\036\325\000n\000g\000\040\000q\000u\000a\000n}{section.3}% 25
\BOOKMARK [2][-]{subsection.3.2}{\376\377\000V\036\255\000n\000\040\000h\000\340\000n\000h}{section.3}% 26
\BOOKMARK [1][-]{section.4}{\376\377\000K\036\371\000\040\000t\000h\000u\036\255\000t\000\040\000k\000h\000o\000a\000n\000\040\000b\036\261\000n\000g\000\040\000k\000h\000\355\000\040\000t\036\361\000\040\000n\000h\000i\000\352\000n}{content.0}% 27
\BOOKMARK [2][-]{subsection.4.1}{\376\377\000T\036\325\000n\000g\000\040\000q\000u\000a\000n}{section.4}% 28
\BOOKMARK [2][-]{subsection.4.2}{\376\377\001\257\000u\000\040\001\021\000i\036\303\000m}{section.4}% 29
\BOOKMARK [3][-]{subsubsection.4.2.1}{\376\377\000C\000h\036\321\000n\000g\000\040\001\003\000n\000\040\000m\000\362\000n}{subsection.4.2}% 30
\BOOKMARK [3][-]{subsubsection.4.2.2}{\376\377\000D\000o\000w\000n\000-\000H\000o\000l\000e\000\040\000F\000i\000r\000e\000s}{subsection.4.2}% 31
\BOOKMARK [3][-]{subsubsection.4.2.3}{\376\377\000T\000i\036\307\000n\000\040\000l\036\343\000i}{subsection.4.2}% 32
\BOOKMARK [1][-]{section.5}{\376\377\000K\036\371\000\040\000t\000h\000u\036\255\000t\000\040\000k\000h\000o\000a\000n\000\040\000b\036\261\000n\000g\000\040\000b\036\315\000t}{content.0}% 33
\BOOKMARK [2][-]{subsection.5.1}{\376\377\000T\036\325\000n\000g\000\040\000q\000u\000a\000n}{section.5}% 34
\BOOKMARK [2][-]{subsection.5.2}{\376\377\000K\000h\036\243\000\040\000n\001\003\000n\000g\000\040\000l\000\340\000m\000\040\000s\036\241\000c\000h\000\040\000g\000i\036\277\000n\000g}{section.5}% 35
\BOOKMARK [2][-]{subsection.5.3}{\376\377\000H\036\307\000\040\000t\000h\036\321\000n\000g\000\040\000t\000h\000i\036\277\000t\000\040\000b\036\313}{section.5}% 36
\BOOKMARK [2][-]{subsection.5.4}{\376\377\000T\000h\000\340\000n\000h\000\040\000p\000h\036\247\000n\000\040\000d\000u\000n\000g\000\040\000d\036\313\000c\000h}{section.5}% 37
\BOOKMARK [3][-]{subsubsection.5.4.1}{\376\377\000D\000u\000n\000g\000\040\000d\036\313\000c\000h\000\040\000b\036\315\000t\000\040\000g\036\321\000c\000\040\000n\001\260\036\333\000c}{subsection.5.4}% 38
\BOOKMARK [3][-]{subsubsection.5.4.2}{\376\377\000D\000u\000n\000g\000\040\000d\036\313\000c\000h\000\040\000b\036\315\000t\000\040\000g\036\321\000c\000\040\000d\036\247\000u}{subsection.5.4}% 39
\BOOKMARK [2][-]{subsection.5.5}{\376\377\000H\036\241\000n\000\040\000c\000h\036\277}{section.5}% 40
\BOOKMARK [1][-]{section.6}{\376\377\000K\036\371\000\040\000t\000h\000u\036\255\000t\000\040\000k\000h\000o\000a\000n\000\040\000b\036\261\000n\000g\000\040\000b\036\315\000t\000\040\000s\000\341\000n\000h}{content.0}% 41
\BOOKMARK [1][-]{section.7}{\376\377\000K\036\371\000\040\000t\000h\000u\036\255\000t\000\040\000S\000n\000u\000b\000\040\000d\000r\000i\000l\000l\000i\000n\000g}{content.0}% 42
\BOOKMARK [2][-]{subsection.7.1}{\376\377\000T\036\325\000n\000g\000\040\000q\000u\000a\000n}{section.7}% 43
\BOOKMARK [2][-]{subsection.7.2}{\376\377\000T\000h\000i\036\277\000t\000\040\000b\036\313}{section.7}% 44
\BOOKMARK [3][-]{subsubsection.7.2.1}{\376\377\000H\036\307\000\040\000t\000h\036\321\000n\000g\000\040\000t\000h\036\347\000y\000\040\000l\036\361\000c}{subsection.7.2}% 45
\BOOKMARK [3][-]{subsubsection.7.2.2}{\376\377\000H\036\307\000\040\000t\000h\036\321\000n\000g\000\040\000S\000n\000u\000b\000b\000i\000n\000g}{subsection.7.2}% 46
\BOOKMARK [1][-]{section.8}{\376\377\000K\036\371\000\040\000t\000h\000u\036\255\000t\000\040\000k\000h\000o\000a\000n\000\040\000b\036\261\000n\000g\000\040\000k\000h\000\355\000\040\000N\000i\000t\001\241}{content.0}% 47
\BOOKMARK [2][-]{subsection.8.1}{\376\377\000M\000\340\000n\000g\000\040\000N\000i\000t\001\241}{section.8}% 48
\BOOKMARK [3][-]{subsubsection.8.1.1}{\376\377\001\257\000u\000\040\001\021\000i\036\303\000m}{subsection.8.1}% 49
\BOOKMARK [3][-]{subsubsection.8.1.2}{\376\377\000H\036\241\000n\000\040\000c\000h\036\277}{subsection.8.1}% 50
\BOOKMARK [2][-]{subsection.8.2}{\376\377\000N\000i\000t\001\241\000\040\000l\036\317\000n\000g}{section.8}% 51
\BOOKMARK [3][-]{subsubsection.8.2.1}{\376\377\001\257\000u\000\040\001\021\000i\036\303\000m}{subsection.8.2}% 52
\BOOKMARK [3][-]{subsubsection.8.2.2}{\376\377\000H\036\241\000n\000\040\000c\000h\036\277}{subsection.8.2}% 53
\BOOKMARK [1][-]{section.9}{\376\377\000K\036\371\000\040\000t\000h\000u\036\255\000t\000\040\000k\000h\000o\000a\000n\000\040\000b\036\261\000n\000g\000\040\000G\000a\000s\000e\000a\000t\000e\000d\000\040\000F\000l\000u\000i\000d}{content.0}% 54
\BOOKMARK [2][-]{subsection.9.1}{\376\377\000T\036\325\000n\000g\000\040\000q\000u\000a\000n}{section.9}% 55
\BOOKMARK [2][-]{subsection.9.2}{\376\377\000D\036\361\000\040\001\021\000o\000\341\000n\000\040\000\341\000p\000\040\000s\000u\036\245\000t\000\040\000t\000h\036\347\000y\000\040\000t\001\051\000n\000h}{section.9}% 56
\BOOKMARK [2][-]{subsection.9.3}{\376\377\000G\000i\036\333\000i\000\040\000h\036\241\000n\000\040\000t\000h\036\303\000\040\000t\000\355\000c\000h\000\040\000k\000h\000\355\000\040\000v\000\340\000\040\000t\000h\036\303\000\040\000t\000\355\000c\000h\000\040\000d\000u\000n\000g\000\040\000d\036\313\000c\000h}{section.9}% 57
\BOOKMARK [3][-]{subsubsection.9.3.1}{\376\377\000G\000i\036\333\000i\000\040\000h\036\241\000n\000\040\000t\000h\036\303\000\040\000t\000\355\000c\000h\000\040\000k\000h\000\355}{subsection.9.3}% 58
\BOOKMARK [3][-]{subsubsection.9.3.2}{\376\377\000G\000i\036\333\000i\000\040\000h\036\241\000n\000\040\000t\000h\036\303\000\040\000t\000\355\000c\000h\000\040\000d\000u\000n\000g\000\040\000d\036\313\000c\000h}{subsection.9.3}% 59
\BOOKMARK [2][-]{subsection.9.4}{\376\377\001\257\000u\000\040\001\021\000i\036\303\000m}{section.9}% 60
\BOOKMARK [3][-]{subsubsection.9.4.1}{\376\377\000B\036\243\000o\000\040\000v\036\307\000\040\000v\036\311\000a}{subsection.9.4}% 61
\BOOKMARK [3][-]{subsubsection.9.4.2}{\376\377\000L\000o\036\241\000i\000\040\000b\036\317\000\040\000h\000o\036\267\000c\000\040\000l\000\340\000m\000\040\000g\000i\036\243\000m\000\040\000m\036\245\000t\000\040\000d\000u\000n\000g\000\040\000d\036\313\000c\000h}{subsection.9.4}% 62
\BOOKMARK [3][-]{subsubsection.9.4.3}{\376\377\000L\000o\036\241\000i\000\040\000b\036\317\000\040\000v\036\245\000n\000\040\001\021\036\301\000\040\000k\036\271\000t\000\040\000c\036\247\000n\000\040\000d\000o\000\040\000c\000h\000\352\000n\000h\000\040\000l\036\307\000c\000h\000\040\000\341\000p\000\040\000s\000u\036\245\000t}{subsection.9.4}% 63
\BOOKMARK [3][-]{subsubsection.9.4.4}{\376\377\000T\001\003\000n\000g\000\040\000t\036\321\000c\000\040\001\021\036\331\000\040\000k\000h\000o\000a\000n\000\040\000v\000\340\000\040\000t\000u\036\325\000i\000\040\000t\000h\036\315\000\040\000c\036\347\000a\000\040\000c\000h\000\362\000o\000n\000g\000\040\000k\000h\000o\000a\000n}{subsection.9.4}% 64
\BOOKMARK [3][-]{subsubsection.9.4.5}{\376\377\001\020\000\341\000n\000h\000\040\000g\000i\000\341\000\040\000v\036\311\000a}{subsection.9.4}% 65
\BOOKMARK [2][-]{subsection.9.5}{\376\377\000H\036\241\000n\000\040\000c\000h\036\277}{section.9}% 66
\BOOKMARK [3][-]{subsubsection.9.5.1}{\376\377\000G\000i\000\341\000\040\000t\000h\000\340\000n\000h}{subsection.9.5}% 67
\BOOKMARK [3][-]{subsubsection.9.5.2}{\376\377\000P\000r\000e\000s\000s\000u\000r\000e\000\040\000s\000u\000r\000g\000e\000s}{subsection.9.5}% 68
\BOOKMARK [3][-]{subsubsection.9.5.3}{\376\377\000M\036\331\000t\000\040\000s\036\321\000\040\000h\036\241\000n\000\040\000c\000h\036\277\000\040\000k\000h\000\341\000c}{subsection.9.5}% 69
\BOOKMARK [1][-]{section.10}{\376\377\000K\036\371\000\040\000t\000h\000u\036\255\000t\000\040\000F\000l\000o\000w\000-\000d\000r\000i\000l\000l\000i\000n\000g}{content.0}% 70
\BOOKMARK [2][-]{subsection.10.1}{\376\377\000T\036\325\000n\000g\000\040\000q\000u\000a\000n}{section.10}% 71
\BOOKMARK [2][-]{subsection.10.2}{\376\377\000H\036\307\000\040\000t\000h\036\321\000n\000g\000\040\000t\000h\000i\036\277\000t\000\040\000b\036\313\000\040\000b\036\301\000\040\000m\036\267\000t}{section.10}% 72
\BOOKMARK [2][-]{subsection.10.3}{\376\377\000K\000i\036\303\000m\000\040\000s\000o\000\341\000t\000\040\001\021\036\247\000u\000\040\000x\000o\000a\000y}{section.10}% 73
\BOOKMARK [2][-]{subsection.10.4}{\376\377\000P\000h\001\260\001\241\000n\000g\000\040\000p\000h\000\341\000p\000\040\000v\036\255\000n\000\040\000h\000\340\000n\000h}{section.10}% 74
\BOOKMARK [2][-]{subsection.10.5}{\376\377\000H\036\241\000n\000\040\000c\000h\036\277\000\040\000c\036\347\000a\000\040\000p\000h\001\260\001\241\000n\000g\000\040\000p\000h\000\341\000p}{section.10}% 75
