This is pdfTeX, Version 3.14159265-2.6-1.40.19 (MiKTeX 2.9.6840 64-bit) (preloaded format=pdflatex 2018.11.16)  23 DEC 2018 09:16
entering extended mode
**"D:/Last semester/Reservoir Thesis/tex/main.tex"
("D:/Last semester/Reservoir Thesis/tex/main.tex"
LaTeX2e <2018-04-01> patch level 5
runsystem(makeindex main.nlo -s nomencl.ist -o main.nls)...executed (allowed).

("C:\Users\Black\AppData\Local\Programs\MiKTeX 2.9\tex\latex\base\report.cls"
Document Class: report 2014/09/29 v1.4h Standard LaTeX document class
("C:\Users\Black\AppData\Local\Programs\MiKTeX 2.9\tex\latex\base\size12.clo"
File: size12.clo 2014/09/29 v1.4h Standard LaTeX file (size option)
)
\c@part=\count80
\c@chapter=\count81
\c@section=\count82
\c@subsection=\count83
\c@subsubsection=\count84
\c@paragraph=\count85
\c@subparagraph=\count86
\c@figure=\count87
\c@table=\count88
\abovecaptionskip=\skip41
\belowcaptionskip=\skip42
\bibindent=\dimen102
) ("C:\Users\Black\AppData\Local\Programs\MiKTeX 2.9\tex\latex\base\inputenc.st
y"
Package: inputenc 2018/04/06 v1.3b Input encoding file
\inpenc@prehook=\toks14
\inpenc@posthook=\toks15
)
("C:\Users\Black\AppData\Local\Programs\MiKTeX 2.9\tex\latex\vntex\vietnam.sty"
Package: vietnam 2009/07/12 v1.3 support for Vietnamese
("C:\Users\Black\AppData\Local\Programs\MiKTeX 2.9\tex\latex\base\ifthen.sty"
Package: ifthen 2014/09/29 v1.1c Standard LaTeX ifthen package (DPC)
)
("C:\Users\Black\AppData\Local\Programs\MiKTeX 2.9\tex\latex\base\fontenc.sty"
Package: fontenc 2017/04/05 v2.0i Standard LaTeX package

("C:\Users\Black\AppData\Local\Programs\MiKTeX 2.9\tex\latex\vntex\t5enc.def"
File: t5enc.def 2006/11/21 v1.4 Vietnamese T5 encoding
Now handling font encoding T5 ...
... processing UTF-8 mapping file for font encoding T5

("C:\Users\Black\AppData\Local\Programs\MiKTeX 2.9\tex\latex\vntex\t5enc.dfu"
File: t5enc.dfu 2006/08/19 v1.1 UTF8 support for Vietnamese
   defining Unicode char U+00AB (decimal 171)
   defining Unicode char U+00BB (decimal 187)
   defining Unicode char U+00C0 (decimal 192)
   defining Unicode char U+00C1 (decimal 193)
   defining Unicode char U+00C2 (decimal 194)
   defining Unicode char U+00C3 (decimal 195)
   defining Unicode char U+00C8 (decimal 200)
   defining Unicode char U+00C9 (decimal 201)
   defining Unicode char U+00CA (decimal 202)
   defining Unicode char U+00CC (decimal 204)
   defining Unicode char U+00CD (decimal 205)
   defining Unicode char U+00D2 (decimal 210)
   defining Unicode char U+00D3 (decimal 211)
   defining Unicode char U+00D4 (decimal 212)
   defining Unicode char U+00D5 (decimal 213)
   defining Unicode char U+00D9 (decimal 217)
   defining Unicode char U+00DA (decimal 218)
   defining Unicode char U+00DD (decimal 221)
   defining Unicode char U+00E0 (decimal 224)
   defining Unicode char U+00E1 (decimal 225)
   defining Unicode char U+00E2 (decimal 226)
   defining Unicode char U+00E3 (decimal 227)
   defining Unicode char U+00E8 (decimal 232)
   defining Unicode char U+00E9 (decimal 233)
   defining Unicode char U+00EA (decimal 234)
   defining Unicode char U+00EC (decimal 236)
   defining Unicode char U+00ED (decimal 237)
   defining Unicode char U+00F2 (decimal 242)
   defining Unicode char U+00F3 (decimal 243)
   defining Unicode char U+00F4 (decimal 244)
   defining Unicode char U+00F5 (decimal 245)
   defining Unicode char U+00F9 (decimal 249)
   defining Unicode char U+00FA (decimal 250)
   defining Unicode char U+00FD (decimal 253)
   defining Unicode char U+0102 (decimal 258)
   defining Unicode char U+0103 (decimal 259)
   defining Unicode char U+0110 (decimal 272)
   defining Unicode char U+0111 (decimal 273)
   defining Unicode char U+0128 (decimal 296)
   defining Unicode char U+0129 (decimal 297)
   defining Unicode char U+0131 (decimal 305)
   defining Unicode char U+0168 (decimal 360)
   defining Unicode char U+0169 (decimal 361)
   defining Unicode char U+01A0 (decimal 416)
   defining Unicode char U+01A1 (decimal 417)
   defining Unicode char U+01AF (decimal 431)
   defining Unicode char U+01B0 (decimal 432)
   defining Unicode char U+1EA0 (decimal 7840)
   defining Unicode char U+1EA1 (decimal 7841)
   defining Unicode char U+1EA2 (decimal 7842)
   defining Unicode char U+1EA3 (decimal 7843)
   defining Unicode char U+1EA4 (decimal 7844)
   defining Unicode char U+1EA5 (decimal 7845)
   defining Unicode char U+1EA6 (decimal 7846)
   defining Unicode char U+1EA7 (decimal 7847)
   defining Unicode char U+1EA8 (decimal 7848)
   defining Unicode char U+1EA9 (decimal 7849)
   defining Unicode char U+1EAA (decimal 7850)
   defining Unicode char U+1EAB (decimal 7851)
   defining Unicode char U+1EAC (decimal 7852)
   defining Unicode char U+1EAD (decimal 7853)
   defining Unicode char U+1EAE (decimal 7854)
   defining Unicode char U+1EAF (decimal 7855)
   defining Unicode char U+1EB0 (decimal 7856)
   defining Unicode char U+1EB1 (decimal 7857)
   defining Unicode char U+1EB2 (decimal 7858)
   defining Unicode char U+1EB3 (decimal 7859)
   defining Unicode char U+1EB4 (decimal 7860)
   defining Unicode char U+1EB5 (decimal 7861)
   defining Unicode char U+1EB6 (decimal 7862)
   defining Unicode char U+1EB7 (decimal 7863)
   defining Unicode char U+1EB8 (decimal 7864)
   defining Unicode char U+1EB9 (decimal 7865)
   defining Unicode char U+1EBA (decimal 7866)
   defining Unicode char U+1EBB (decimal 7867)
   defining Unicode char U+1EBC (decimal 7868)
   defining Unicode char U+1EBD (decimal 7869)
   defining Unicode char U+1EBE (decimal 7870)
   defining Unicode char U+1EBF (decimal 7871)
   defining Unicode char U+1EC0 (decimal 7872)
   defining Unicode char U+1EC1 (decimal 7873)
   defining Unicode char U+1EC2 (decimal 7874)
   defining Unicode char U+1EC3 (decimal 7875)
   defining Unicode char U+1EC4 (decimal 7876)
   defining Unicode char U+1EC5 (decimal 7877)
   defining Unicode char U+1EC6 (decimal 7878)
   defining Unicode char U+1EC7 (decimal 7879)
   defining Unicode char U+1EC8 (decimal 7880)
   defining Unicode char U+1EC9 (decimal 7881)
   defining Unicode char U+1ECA (decimal 7882)
   defining Unicode char U+1ECB (decimal 7883)
   defining Unicode char U+1ECC (decimal 7884)
   defining Unicode char U+1ECD (decimal 7885)
   defining Unicode char U+1ECE (decimal 7886)
   defining Unicode char U+1ECF (decimal 7887)
   defining Unicode char U+1ED0 (decimal 7888)
   defining Unicode char U+1ED1 (decimal 7889)
   defining Unicode char U+1ED2 (decimal 7890)
   defining Unicode char U+1ED3 (decimal 7891)
   defining Unicode char U+1ED4 (decimal 7892)
   defining Unicode char U+1ED5 (decimal 7893)
   defining Unicode char U+1ED6 (decimal 7894)
   defining Unicode char U+1ED7 (decimal 7895)
   defining Unicode char U+1ED8 (decimal 7896)
   defining Unicode char U+1ED9 (decimal 7897)
   defining Unicode char U+1EDA (decimal 7898)
   defining Unicode char U+1EDB (decimal 7899)
   defining Unicode char U+1EDC (decimal 7900)
   defining Unicode char U+1EDD (decimal 7901)
   defining Unicode char U+1EDE (decimal 7902)
   defining Unicode char U+1EDF (decimal 7903)
   defining Unicode char U+1EE0 (decimal 7904)
   defining Unicode char U+1EE1 (decimal 7905)
   defining Unicode char U+1EE2 (decimal 7906)
   defining Unicode char U+1EE3 (decimal 7907)
   defining Unicode char U+1EE4 (decimal 7908)
   defining Unicode char U+1EE5 (decimal 7909)
   defining Unicode char U+1EE6 (decimal 7910)
   defining Unicode char U+1EE7 (decimal 7911)
   defining Unicode char U+1EE8 (decimal 7912)
   defining Unicode char U+1EE9 (decimal 7913)
   defining Unicode char U+1EEA (decimal 7914)
   defining Unicode char U+1EEB (decimal 7915)
   defining Unicode char U+1EEC (decimal 7916)
   defining Unicode char U+1EED (decimal 7917)
   defining Unicode char U+1EEE (decimal 7918)
   defining Unicode char U+1EEF (decimal 7919)
   defining Unicode char U+1EF0 (decimal 7920)
   defining Unicode char U+1EF1 (decimal 7921)
   defining Unicode char U+1EF2 (decimal 7922)
   defining Unicode char U+1EF3 (decimal 7923)
   defining Unicode char U+1EF4 (decimal 7924)
   defining Unicode char U+1EF5 (decimal 7925)
   defining Unicode char U+1EF6 (decimal 7926)
   defining Unicode char U+1EF7 (decimal 7927)
   defining Unicode char U+1EF8 (decimal 7928)
   defining Unicode char U+1EF9 (decimal 7929)
   defining Unicode char U+200C (decimal 8204)
   defining Unicode char U+2013 (decimal 8211)
   defining Unicode char U+2014 (decimal 8212)
   defining Unicode char U+2018 (decimal 8216)
   defining Unicode char U+2019 (decimal 8217)
   defining Unicode char U+201A (decimal 8218)
   defining Unicode char U+201C (decimal 8220)
   defining Unicode char U+201D (decimal 8221)
   defining Unicode char U+201E (decimal 8222)
   defining Unicode char U+2030 (decimal 8240)
   defining Unicode char U+2031 (decimal 8241)
   defining Unicode char U+2039 (decimal 8249)
   defining Unicode char U+203A (decimal 8250)
   defining Unicode char U+2423 (decimal 9251)
))
LaTeX Font Info:    Try loading font information for T5+cmr on input line 105.
("C:\Users\Black\AppData\Local\Programs\MiKTeX 2.9\tex\latex\vntex\t5cmr.fd"
File: t5cmr.fd 1999/05/25 v2.5h Standard LaTeX font definitions
))

Package vietnam Warning: No input encoding specified, using VISCII as default o
n input line 84.

("C:\Users\Black\AppData\Local\Programs\MiKTeX 2.9\tex\latex\vntex\vncaps.tex"
File: vncaps.tex 2006/06/07 v1.1 Captions in Vietnamese
))
("C:\Users\Black\AppData\Local\Programs\MiKTeX 2.9\tex\latex\geometry\geometry.
sty"
Package: geometry 2018/04/16 v5.8 Page Geometry

("C:\Users\Black\AppData\Local\Programs\MiKTeX 2.9\tex\latex\graphics\keyval.st
y"
Package: keyval 2014/10/28 v1.15 key=value parser (DPC)
\KV@toks@=\toks16
)
("C:\Users\Black\AppData\Local\Programs\MiKTeX 2.9\tex\generic\oberdiek\ifpdf.s
ty"
Package: ifpdf 2018/09/07 v3.3 Provides the ifpdf switch
)
("C:\Users\Black\AppData\Local\Programs\MiKTeX 2.9\tex\generic\oberdiek\ifvtex.
sty"
Package: ifvtex 2016/05/16 v1.6 Detect VTeX and its facilities (HO)
Package ifvtex Info: VTeX not detected.
)
("C:\Users\Black\AppData\Local\Programs\MiKTeX 2.9\tex\generic\ifxetex\ifxetex.
sty"
Package: ifxetex 2010/09/12 v0.6 Provides ifxetex conditional
)
\Gm@cnth=\count89
\Gm@cntv=\count90
\c@Gm@tempcnt=\count91
\Gm@bindingoffset=\dimen103
\Gm@wd@mp=\dimen104
\Gm@odd@mp=\dimen105
\Gm@even@mp=\dimen106
\Gm@layoutwidth=\dimen107
\Gm@layoutheight=\dimen108
\Gm@layouthoffset=\dimen109
\Gm@layoutvoffset=\dimen110
\Gm@dimlist=\toks17

("C:\Users\Black\AppData\Local\Programs\MiKTeX 2.9\tex\latex\geometry\geometry.
cfg"))
("C:\Users\Black\AppData\Local\Programs\MiKTeX 2.9\tex\latex\amsmath\amsmath.st
y"
Package: amsmath 2017/09/02 v2.17a AMS math features
\@mathmargin=\skip43

For additional information on amsmath, use the `?' option.

("C:\Users\Black\AppData\Local\Programs\MiKTeX 2.9\tex\latex\amsmath\amstext.st
y"
Package: amstext 2000/06/29 v2.01 AMS text

("C:\Users\Black\AppData\Local\Programs\MiKTeX 2.9\tex\latex\amsmath\amsgen.sty
"
File: amsgen.sty 1999/11/30 v2.0 generic functions
\@emptytoks=\toks18
\ex@=\dimen111
))
("C:\Users\Black\AppData\Local\Programs\MiKTeX 2.9\tex\latex\amsmath\amsbsy.sty
"
Package: amsbsy 1999/11/29 v1.2d Bold Symbols
\pmbraise@=\dimen112
)
("C:\Users\Black\AppData\Local\Programs\MiKTeX 2.9\tex\latex\amsmath\amsopn.sty
"
Package: amsopn 2016/03/08 v2.02 operator names
)
\inf@bad=\count92
LaTeX Info: Redefining \frac on input line 213.
\uproot@=\count93
\leftroot@=\count94
LaTeX Info: Redefining \overline on input line 375.
\classnum@=\count95
\DOTSCASE@=\count96
LaTeX Info: Redefining \ldots on input line 472.
LaTeX Info: Redefining \dots on input line 475.
LaTeX Info: Redefining \cdots on input line 596.
\Mathstrutbox@=\box26
\strutbox@=\box27
\big@size=\dimen113
LaTeX Font Info:    Redeclaring font encoding OML on input line 712.
LaTeX Font Info:    Redeclaring font encoding OMS on input line 713.
\macc@depth=\count97
\c@MaxMatrixCols=\count98
\dotsspace@=\muskip10
\c@parentequation=\count99
\dspbrk@lvl=\count100
\tag@help=\toks19
\row@=\count101
\column@=\count102
\maxfields@=\count103
\andhelp@=\toks20
\eqnshift@=\dimen114
\alignsep@=\dimen115
\tagshift@=\dimen116
\tagwidth@=\dimen117
\totwidth@=\dimen118
\lineht@=\dimen119
\@envbody=\toks21
\multlinegap=\skip44
\multlinetaggap=\skip45
\mathdisplay@stack=\toks22
LaTeX Info: Redefining \[ on input line 2817.
LaTeX Info: Redefining \] on input line 2818.
) ("C:\Users\Black\AppData\Local\Programs\MiKTeX 2.9\tex\latex\float\float.sty"
Package: float 2001/11/08 v1.3d Float enhancements (AL)
\c@float@type=\count104
\float@exts=\toks23
\float@box=\box28
\@float@everytoks=\toks24
\@floatcapt=\box29
)
("C:\Users\Black\AppData\Local\Programs\MiKTeX 2.9\tex\latex\amsfonts\amssymb.s
ty"
Package: amssymb 2013/01/14 v3.01 AMS font symbols

("C:\Users\Black\AppData\Local\Programs\MiKTeX 2.9\tex\latex\amsfonts\amsfonts.
sty"
Package: amsfonts 2013/01/14 v3.01 Basic AMSFonts support
\symAMSa=\mathgroup4
\symAMSb=\mathgroup5
LaTeX Font Info:    Overwriting math alphabet `\mathfrak' in version `bold'
(Font)                  U/euf/m/n --> U/euf/b/n on input line 106.
))
("C:\Users\Black\AppData\Local\Programs\MiKTeX 2.9\tex\latex\graphics\graphicx.
sty"
Package: graphicx 2017/06/01 v1.1a Enhanced LaTeX Graphics (DPC,SPQR)

("C:\Users\Black\AppData\Local\Programs\MiKTeX 2.9\tex\latex\graphics\graphics.
sty"
Package: graphics 2017/06/25 v1.2c Standard LaTeX Graphics (DPC,SPQR)

("C:\Users\Black\AppData\Local\Programs\MiKTeX 2.9\tex\latex\graphics\trig.sty"
Package: trig 2016/01/03 v1.10 sin cos tan (DPC)
)
("C:\Users\Black\AppData\Local\Programs\MiKTeX 2.9\tex\latex\graphics-cfg\graph
ics.cfg"
File: graphics.cfg 2016/06/04 v1.11 sample graphics configuration
)
Package graphics Info: Driver file: pdftex.def on input line 99.

("C:\Users\Black\AppData\Local\Programs\MiKTeX 2.9\tex\latex\graphics-def\pdfte
x.def"
File: pdftex.def 2018/01/08 v1.0l Graphics/color driver for pdftex
))
\Gin@req@height=\dimen120
\Gin@req@width=\dimen121
)
("C:\Users\Black\AppData\Local\Programs\MiKTeX 2.9\tex\latex\hyperref\hyperref.
sty"
Package: hyperref 2018/09/30 v6.88a Hypertext links for LaTeX

("C:\Users\Black\AppData\Local\Programs\MiKTeX 2.9\tex\generic\oberdiek\hobsub-
hyperref.sty"
Package: hobsub-hyperref 2016/05/16 v1.14 Bundle oberdiek, subset hyperref (HO)


("C:\Users\Black\AppData\Local\Programs\MiKTeX 2.9\tex\generic\oberdiek\hobsub-
generic.sty"
Package: hobsub-generic 2016/05/16 v1.14 Bundle oberdiek, subset generic (HO)
Package: hobsub 2016/05/16 v1.14 Construct package bundles (HO)
Package: infwarerr 2016/05/16 v1.4 Providing info/warning/error messages (HO)
Package: ltxcmds 2016/05/16 v1.23 LaTeX kernel commands for general use (HO)
Package: ifluatex 2016/05/16 v1.4 Provides the ifluatex switch (HO)
Package ifluatex Info: LuaTeX not detected.
Package hobsub Info: Skipping package `ifvtex' (already loaded).
Package: intcalc 2016/05/16 v1.2 Expandable calculations with integers (HO)
Package hobsub Info: Skipping package `ifpdf' (already loaded).
Package: etexcmds 2016/05/16 v1.6 Avoid name clashes with e-TeX commands (HO)
Package etexcmds Info: Could not find \expanded.
(etexcmds)             That can mean that you are not using pdfTeX 1.50 or
(etexcmds)             that some package has redefined \expanded.
(etexcmds)             In the latter case, load this package earlier.
Package: kvsetkeys 2016/05/16 v1.17 Key value parser (HO)
Package: kvdefinekeys 2016/05/16 v1.4 Define keys (HO)
Package: pdftexcmds 2018/09/10 v0.29 Utility functions of pdfTeX for LuaTeX (HO
)
Package pdftexcmds Info: LuaTeX not detected.
Package pdftexcmds Info: \pdf@primitive is available.
Package pdftexcmds Info: \pdf@ifprimitive is available.
Package pdftexcmds Info: \pdfdraftmode found.
Package: pdfescape 2016/05/16 v1.14 Implements pdfTeX's escape features (HO)
Package: bigintcalc 2016/05/16 v1.4 Expandable calculations on big integers (HO
)
Package: bitset 2016/05/16 v1.2 Handle bit-vector datatype (HO)
Package: uniquecounter 2016/05/16 v1.3 Provide unlimited unique counter (HO)
)
Package hobsub Info: Skipping package `hobsub' (already loaded).
Package: letltxmacro 2016/05/16 v1.5 Let assignment for LaTeX macros (HO)
Package: hopatch 2016/05/16 v1.3 Wrapper for package hooks (HO)
Package: xcolor-patch 2016/05/16 xcolor patch
Package: atveryend 2016/05/16 v1.9 Hooks at the very end of document (HO)
Package atveryend Info: \enddocument detected (standard20110627).
Package: atbegshi 2016/06/09 v1.18 At begin shipout hook (HO)
Package: refcount 2016/05/16 v3.5 Data extraction from label references (HO)
Package: hycolor 2016/05/16 v1.8 Color options for hyperref/bookmark (HO)
)
("C:\Users\Black\AppData\Local\Programs\MiKTeX 2.9\tex\latex\oberdiek\auxhook.s
ty"
Package: auxhook 2016/05/16 v1.4 Hooks for auxiliary files (HO)
)
("C:\Users\Black\AppData\Local\Programs\MiKTeX 2.9\tex\latex\oberdiek\kvoptions
.sty"
Package: kvoptions 2016/05/16 v3.12 Key value format for package options (HO)
)
\@linkdim=\dimen122
\Hy@linkcounter=\count105
\Hy@pagecounter=\count106

("C:\Users\Black\AppData\Local\Programs\MiKTeX 2.9\tex\latex\hyperref\pd1enc.de
f"
File: pd1enc.def 2018/09/30 v6.88a Hyperref: PDFDocEncoding definition (HO)
Now handling font encoding PD1 ...
... no UTF-8 mapping file for font encoding PD1
)
\Hy@SavedSpaceFactor=\count107

("C:\Users\Black\AppData\Local\Programs\MiKTeX 2.9\tex\latex\00miktex\hyperref.
cfg"
File: hyperref.cfg 2002/06/06 v1.2 hyperref configuration of TeXLive
)
Package hyperref Info: Option `unicode' set `true' on input line 4409.

("C:\Users\Black\AppData\Local\Programs\MiKTeX 2.9\tex\latex\hyperref\puenc.def
"
File: puenc.def 2018/09/30 v6.88a Hyperref: PDF Unicode definition (HO)
Now handling font encoding PU ...
... no UTF-8 mapping file for font encoding PU
)
Package hyperref Info: Hyper figures OFF on input line 4535.
Package hyperref Info: Link nesting OFF on input line 4540.
Package hyperref Info: Hyper index ON on input line 4543.
Package hyperref Info: Plain pages OFF on input line 4550.
Package hyperref Info: Backreferencing OFF on input line 4555.
Package hyperref Info: Implicit mode ON; LaTeX internals redefined.
Package hyperref Info: Bookmarks ON on input line 4788.
\c@Hy@tempcnt=\count108
 ("C:\Users\Black\AppData\Local\Programs\MiKTeX 2.9\tex\latex\url\url.sty"
\Urlmuskip=\muskip11
Package: url 2013/09/16  ver 3.4  Verb mode for urls, etc.
)
LaTeX Info: Redefining \url on input line 5141.
\XeTeXLinkMargin=\dimen123
\Fld@menulength=\count109
\Field@Width=\dimen124
\Fld@charsize=\dimen125
Package hyperref Info: Hyper figures OFF on input line 6396.
Package hyperref Info: Link nesting OFF on input line 6401.
Package hyperref Info: Hyper index ON on input line 6404.
Package hyperref Info: backreferencing OFF on input line 6411.
Package hyperref Info: Link coloring OFF on input line 6416.
Package hyperref Info: Link coloring with OCG OFF on input line 6421.
Package hyperref Info: PDF/A mode OFF on input line 6426.
LaTeX Info: Redefining \ref on input line 6466.
LaTeX Info: Redefining \pageref on input line 6470.
\Hy@abspage=\count110
\c@Item=\count111
\c@Hfootnote=\count112
)
Package hyperref Info: Driver (autodetected): hpdftex.

("C:\Users\Black\AppData\Local\Programs\MiKTeX 2.9\tex\latex\hyperref\hpdftex.d
ef"
File: hpdftex.def 2018/09/30 v6.88a Hyperref driver for pdfTeX
\Fld@listcount=\count113
\c@bookmark@seq@number=\count114

("C:\Users\Black\AppData\Local\Programs\MiKTeX 2.9\tex\latex\oberdiek\rerunfile
check.sty"
Package: rerunfilecheck 2016/05/16 v1.8 Rerun checks for auxiliary files (HO)
Package uniquecounter Info: New unique counter `rerunfilecheck' on input line 2
82.
)
\Hy@SectionHShift=\skip46
)
("C:\Users\Black\AppData\Local\Programs\MiKTeX 2.9\tex\latex\caption\caption.st
y"
Package: caption 2018/10/06 v3.3-154 Customizing captions (AR)

("C:\Users\Black\AppData\Local\Programs\MiKTeX 2.9\tex\latex\caption\caption3.s
ty"
Package: caption3 2018/09/12 v1.8c caption3 kernel (AR)
Package caption3 Info: TeX engine: e-TeX on input line 64.
\captionmargin=\dimen126
\captionmargin@=\dimen127
\captionwidth=\dimen128
\caption@tempdima=\dimen129
\caption@indent=\dimen130
\caption@parindent=\dimen131
\caption@hangindent=\dimen132
)
\c@caption@flags=\count115
\c@ContinuedFloat=\count116
Package caption Info: float package is loaded.
Package caption Info: hyperref package is loaded.
)
("C:\Users\Black\AppData\Local\Programs\MiKTeX 2.9\tex\latex\xcolor\xcolor.sty"
Package: xcolor 2016/05/11 v2.12 LaTeX color extensions (UK)

("C:\Users\Black\AppData\Local\Programs\MiKTeX 2.9\tex\latex\graphics-cfg\color
.cfg"
File: color.cfg 2016/01/02 v1.6 sample color configuration
)
Package xcolor Info: Driver file: pdftex.def on input line 225.

("C:\Users\Black\AppData\Local\Programs\MiKTeX 2.9\tex\latex\colortbl\colortbl.
sty"
Package: colortbl 2018/05/02 v1.0c Color table columns (DPC)

("C:\Users\Black\AppData\Local\Programs\MiKTeX 2.9\tex\latex\tools\array.sty"
Package: array 2018/04/30 v2.4h Tabular extension package (FMi)
\col@sep=\dimen133
\ar@mcellbox=\box30
\extrarowheight=\dimen134
\NC@list=\toks25
\extratabsurround=\skip47
\backup@length=\skip48
\ar@cellbox=\box31
)
\everycr=\toks26
\minrowclearance=\skip49
)
\rownum=\count117
Package xcolor Info: Model `cmy' substituted by `cmy0' on input line 1348.
Package xcolor Info: Model `hsb' substituted by `rgb' on input line 1352.
Package xcolor Info: Model `RGB' extended on input line 1364.
Package xcolor Info: Model `HTML' substituted by `rgb' on input line 1366.
Package xcolor Info: Model `Hsb' substituted by `hsb' on input line 1367.
Package xcolor Info: Model `tHsb' substituted by `hsb' on input line 1368.
Package xcolor Info: Model `HSB' substituted by `hsb' on input line 1369.
Package xcolor Info: Model `Gray' substituted by `gray' on input line 1370.
Package xcolor Info: Model `wave' substituted by `hsb' on input line 1371.
)
("C:\Users\Black\AppData\Local\Programs\MiKTeX 2.9\tex\latex\titlesec\titletoc.
sty"
Package: titletoc 2011/12/15 v1.6 TOC entries
\ttl@leftsep=\dimen135
) ("C:\Users\Black\AppData\Local\Programs\MiKTeX 2.9\tex\latex\etoc\etoc.sty"
Package: etoc 2018/07/04 v1.08p Completely customisable TOCs (JFB)

("C:\Users\Black\AppData\Local\Programs\MiKTeX 2.9\tex\latex\tools\multicol.sty
"
Package: multicol 2018/04/20 v1.8s multicolumn formatting (FMi)
\c@tracingmulticols=\count118
\mult@box=\box32
\multicol@leftmargin=\dimen136
\c@unbalance=\count119
\c@collectmore=\count120
\doublecol@number=\count121
\multicoltolerance=\count122
\multicolpretolerance=\count123
\full@width=\dimen137
\page@free=\dimen138
\premulticols=\dimen139
\postmulticols=\dimen140
\multicolsep=\skip50
\multicolbaselineskip=\skip51
\partial@page=\box33
\last@line=\box34
\maxbalancingoverflow=\dimen141
\mult@rightbox=\box35
\mult@grightbox=\box36
\mult@gfirstbox=\box37
\mult@firstbox=\box38
\@tempa=\box39
\@tempa=\box40
\@tempa=\box41
\@tempa=\box42
\@tempa=\box43
\@tempa=\box44
\@tempa=\box45
\@tempa=\box46
\@tempa=\box47
\@tempa=\box48
\@tempa=\box49
\@tempa=\box50
\@tempa=\box51
\@tempa=\box52
\@tempa=\box53
\@tempa=\box54
\@tempa=\box55
\c@columnbadness=\count124
\c@finalcolumnbadness=\count125
\last@try=\dimen142
\multicolovershoot=\dimen143
\multicolundershoot=\dimen144
\mult@nat@firstbox=\box56
\colbreak@box=\box57
\mc@col@check@num=\count126
)
\Etoc@toctoks=\toks27
\c@etoc@tocid=\count127
\c@etoc@tocdepth=\count128
\etoc@framed@titlebox=\box58
\etoc@framed@contentsbox=\box59
)
("C:\Users\Black\AppData\Local\Programs\MiKTeX 2.9\tex\latex\psnfss\mathptmx.st
y"
Package: mathptmx 2005/04/12 PSNFSS-v9.2a Times w/ Math, improved (SPQR, WaS) 
LaTeX Font Info:    Redeclaring symbol font `operators' on input line 28.
LaTeX Font Info:    Overwriting symbol font `operators' in version `normal'
(Font)                  OT1/cmr/m/n --> OT1/ztmcm/m/n on input line 28.
LaTeX Font Info:    Overwriting symbol font `operators' in version `bold'
(Font)                  OT1/cmr/bx/n --> OT1/ztmcm/m/n on input line 28.
LaTeX Font Info:    Redeclaring symbol font `letters' on input line 29.
LaTeX Font Info:    Overwriting symbol font `letters' in version `normal'
(Font)                  OML/cmm/m/it --> OML/ztmcm/m/it on input line 29.
LaTeX Font Info:    Overwriting symbol font `letters' in version `bold'
(Font)                  OML/cmm/b/it --> OML/ztmcm/m/it on input line 29.
LaTeX Font Info:    Redeclaring symbol font `symbols' on input line 30.
LaTeX Font Info:    Overwriting symbol font `symbols' in version `normal'
(Font)                  OMS/cmsy/m/n --> OMS/ztmcm/m/n on input line 30.
LaTeX Font Info:    Overwriting symbol font `symbols' in version `bold'
(Font)                  OMS/cmsy/b/n --> OMS/ztmcm/m/n on input line 30.
LaTeX Font Info:    Redeclaring symbol font `largesymbols' on input line 31.
LaTeX Font Info:    Overwriting symbol font `largesymbols' in version `normal'
(Font)                  OMX/cmex/m/n --> OMX/ztmcm/m/n on input line 31.
LaTeX Font Info:    Overwriting symbol font `largesymbols' in version `bold'
(Font)                  OMX/cmex/m/n --> OMX/ztmcm/m/n on input line 31.
\symbold=\mathgroup6
\symitalic=\mathgroup7
LaTeX Font Info:    Redeclaring math alphabet \mathbf on input line 34.
LaTeX Font Info:    Overwriting math alphabet `\mathbf' in version `normal'
(Font)                  OT1/cmr/bx/n --> OT1/ptm/bx/n on input line 34.
LaTeX Font Info:    Overwriting math alphabet `\mathbf' in version `bold'
(Font)                  OT1/cmr/bx/n --> OT1/ptm/bx/n on input line 34.
LaTeX Font Info:    Redeclaring math alphabet \mathit on input line 35.
LaTeX Font Info:    Overwriting math alphabet `\mathit' in version `normal'
(Font)                  OT1/cmr/m/it --> OT1/ptm/m/it on input line 35.
LaTeX Font Info:    Overwriting math alphabet `\mathit' in version `bold'
(Font)                  OT1/cmr/bx/it --> OT1/ptm/m/it on input line 35.
LaTeX Info: Redefining \hbar on input line 50.
)
("C:\Users\Black\AppData\Local\Programs\MiKTeX 2.9\tex\latex\sectsty\sectsty.st
y"
Package: sectsty 2002/02/25 v2.0.2 Commands to change all sectional heading sty
les
)
("C:\Users\Black\AppData\Local\Programs\MiKTeX 2.9\tex\latex\multirow\multirow.
sty"
Package: multirow 2018/08/03 v2.3 Span multiple rows of a table
\multirow@colwidth=\skip52
\multirow@cntb=\count129
\multirow@dima=\skip53
\bigstrutjot=\dimen145
)
("C:\Users\Black\AppData\Local\Programs\MiKTeX 2.9\tex\latex\booktabs\booktabs.
sty"
Package: booktabs 2005/04/14 v1.61803 publication quality tables
\heavyrulewidth=\dimen146
\lightrulewidth=\dimen147
\cmidrulewidth=\dimen148
\belowrulesep=\dimen149
\belowbottomsep=\dimen150
\aboverulesep=\dimen151
\abovetopsep=\dimen152
\cmidrulesep=\dimen153
\cmidrulekern=\dimen154
\defaultaddspace=\dimen155
\@cmidla=\count130
\@cmidlb=\count131
\@aboverulesep=\dimen156
\@belowrulesep=\dimen157
\@thisruleclass=\count132
\@lastruleclass=\count133
\@thisrulewidth=\dimen158
)
("C:\Users\Black\AppData\Local\Programs\MiKTeX 2.9\tex\latex\tools\tabularx.sty
"
Package: tabularx 2016/02/03 v2.11b `tabularx' package (DPC)
\TX@col@width=\dimen159
\TX@old@table=\dimen160
\TX@old@col=\dimen161
\TX@target=\dimen162
\TX@delta=\dimen163
\TX@cols=\count134
\TX@ftn=\toks28
)
("C:\Users\Black\AppData\Local\Programs\MiKTeX 2.9\tex\latex\psnfss\courier.sty
"
Package: courier 2005/04/12 PSNFSS-v9.2a (WaS) 
)
("C:\Users\Black\AppData\Local\Programs\MiKTeX 2.9\tex\latex\subfig\subfig.sty"
Package: subfig 2005/06/28 ver: 1.3 subfig package
\c@KVtest=\count135
\sf@farskip=\skip54
\sf@captopadj=\dimen164
\sf@capskip=\skip55
\sf@nearskip=\skip56
\c@subfigure=\count136
\c@subfigure@save=\count137
\c@lofdepth=\count138
\c@subtable=\count139
\c@subtable@save=\count140
\c@lotdepth=\count141
\sf@top=\skip57
\sf@bottom=\skip58
)
("C:\Users\Black\AppData\Local\Programs\MiKTeX 2.9\tex\latex\nomencl\nomencl.st
y"
Package: nomencl 2005/09/22 v4.2 Nomenclature package (LN)
\nomlabelwidth=\dimen165
\nom@tempdim=\dimen166
\nomitemsep=\skip59
)
("C:\Users\Black\AppData\Local\Programs\MiKTeX 2.9\tex\latex\titlesec\titlesec.
sty"
Package: titlesec 2016/03/21 v2.10.2 Sectioning titles
\ttl@box=\box60
\beforetitleunit=\skip60
\aftertitleunit=\skip61
\ttl@plus=\dimen167
\ttl@minus=\dimen168
\ttl@toksa=\toks29
\titlewidth=\dimen169
\titlewidthlast=\dimen170
\titlewidthfirst=\dimen171
)
("C:\Users\Black\AppData\Local\Programs\MiKTeX 2.9\tex\latex\enumitem\enumitem.
sty"
Package: enumitem 2018/11/30 v3.6 Customized lists
\labelindent=\skip62
\enit@outerparindent=\dimen172
\enit@toks=\toks30
\enit@inbox=\box61
\enitdp@description=\count142
)
("C:\Users\Black\AppData\Local\Programs\MiKTeX 2.9\tex\latex\anyfontsize\anyfon
tsize.sty"
Package: anyfontsize 2007/11/22 anyfontsize.sty by pts
)
("C:\Users\Black\AppData\Local\Programs\MiKTeX 2.9\tex\latex\koma-script\scrext
end.sty"
Package: scrextend 2018/03/30 v3.25 KOMA-Script package (extend other classes w
ith features of KOMA-Script classes)

("C:\Users\Black\AppData\Local\Programs\MiKTeX 2.9\tex\latex\koma-script\scrkba
se.sty"
Package: scrkbase 2018/03/30 v3.25 KOMA-Script package (KOMA-Script-dependent b
asics and keyval usage)

("C:\Users\Black\AppData\Local\Programs\MiKTeX 2.9\tex\latex\koma-script\scrbas
e.sty"
Package: scrbase 2018/03/30 v3.25 KOMA-Script package (KOMA-Script-independent 
basics and keyval usage)

("C:\Users\Black\AppData\Local\Programs\MiKTeX 2.9\tex\latex\koma-script\scrlfi
le.sty"
Package: scrlfile 2018/03/30 v3.25 KOMA-Script package (loading files)
)))

LaTeX Warning: Command \@footnotemark  has changed.
               Check if current package is valid.

)
\@nomenclaturefile=\write3
\openout3 = `main.nlo'.


Writing nomenclature file main.nlo
(main.aux)
\openout1 = `main.aux'.

LaTeX Font Info:    Checking defaults for OML/cmm/m/it on input line 71.
LaTeX Font Info:    ... okay on input line 71.
LaTeX Font Info:    Checking defaults for T1/cmr/m/n on input line 71.
LaTeX Font Info:    ... okay on input line 71.
LaTeX Font Info:    Checking defaults for OT1/cmr/m/n on input line 71.
LaTeX Font Info:    ... okay on input line 71.
LaTeX Font Info:    Checking defaults for OMS/cmsy/m/n on input line 71.
LaTeX Font Info:    ... okay on input line 71.
LaTeX Font Info:    Checking defaults for OMX/cmex/m/n on input line 71.
LaTeX Font Info:    ... okay on input line 71.
LaTeX Font Info:    Checking defaults for U/cmr/m/n on input line 71.
LaTeX Font Info:    ... okay on input line 71.
LaTeX Font Info:    Checking defaults for T5/cmr/m/n on input line 71.
LaTeX Font Info:    ... okay on input line 71.
LaTeX Font Info:    Checking defaults for PD1/pdf/m/n on input line 71.
LaTeX Font Info:    ... okay on input line 71.
LaTeX Font Info:    Checking defaults for PU/pdf/m/n on input line 71.
LaTeX Font Info:    ... okay on input line 71.
LaTeX Font Info:    Try loading font information for T5+ptm on input line 71.

("C:\Users\Black\AppData\Local\Programs\MiKTeX 2.9\tex\latex\vntex\t5ptm.fd"
File: t5utm.fd 2005/08/24 Fontinst v1.929 font definitions for T5/ptm.
)
*geometry* driver: auto-detecting
*geometry* detected driver: pdftex
*geometry* verbose mode - [ preamble ] result:
* driver: pdftex
* paper: letterpaper
* layout: <same size as paper>
* layoutoffset:(h,v)=(0.0pt,0.0pt)
* modes: 
* h-part:(L,W,R)=(85.35826pt, 466.34077pt, 62.59596pt)
* v-part:(T,H,B)=(71.13188pt, 652.70622pt, 71.13188pt)
* \paperwidth=614.295pt
* \paperheight=794.96999pt
* \textwidth=466.34077pt
* \textheight=652.70622pt
* \oddsidemargin=13.08827pt
* \evensidemargin=13.08827pt
* \topmargin=-38.1381pt
* \headheight=12.0pt
* \headsep=25.0pt
* \topskip=12.0pt
* \footskip=30.0pt
* \marginparwidth=35.0pt
* \marginparsep=10.0pt
* \columnsep=10.0pt
* \skip\footins=11.69997pt plus 5.19942pt minus 2.60054pt
* \hoffset=0.0pt
* \voffset=0.0pt
* \mag=1000
* \@twocolumnfalse
* \@twosidefalse
* \@mparswitchfalse
* \@reversemarginfalse
* (1in=72.27pt=25.4mm, 1cm=28.453pt)


("C:\Users\Black\AppData\Local\Programs\MiKTeX 2.9\tex\context\base\supp-pdf.mk
ii"
[Loading MPS to PDF converter (version 2006.09.02).]
\scratchcounter=\count143
\scratchdimen=\dimen173
\scratchbox=\box62
\nofMPsegments=\count144
\nofMParguments=\count145
\everyMPshowfont=\toks31
\MPscratchCnt=\count146
\MPscratchDim=\dimen174
\MPnumerator=\count147
\makeMPintoPDFobject=\count148
\everyMPtoPDFconversion=\toks32
)
("C:\Users\Black\AppData\Local\Programs\MiKTeX 2.9\tex\latex\oberdiek\epstopdf-
base.sty"
Package: epstopdf-base 2016/05/15 v2.6 Base part for package epstopdf

("C:\Users\Black\AppData\Local\Programs\MiKTeX 2.9\tex\latex\oberdiek\grfext.st
y"
Package: grfext 2016/05/16 v1.2 Manage graphics extensions (HO)
)
Package epstopdf-base Info: Redefining graphics rule for `.eps' on input line 4
38.
Package grfext Info: Graphics extension search list:
(grfext)             [.pdf,.png,.jpg,.mps,.jpeg,.jbig2,.jb2,.PDF,.PNG,.JPG,.JPE
G,.JBIG2,.JB2,.eps]
(grfext)             \AppendGraphicsExtensions on input line 456.
)
\AtBeginShipoutBox=\box63
Package hyperref Info: Link coloring OFF on input line 71.

("C:\Users\Black\AppData\Local\Programs\MiKTeX 2.9\tex\latex\hyperref\nameref.s
ty"
Package: nameref 2016/05/21 v2.44 Cross-referencing by name of section

("C:\Users\Black\AppData\Local\Programs\MiKTeX 2.9\tex\generic\oberdiek\gettitl
estring.sty"
Package: gettitlestring 2016/05/16 v1.5 Cleanup title references (HO)
)
\c@section@level=\count149
)
LaTeX Info: Redefining \ref on input line 71.
LaTeX Info: Redefining \pageref on input line 71.
LaTeX Info: Redefining \nameref on input line 71.
 (main.out) (main.out)
\@outlinefile=\write4
\openout4 = `main.out'.

Package caption Info: Begin \AtBeginDocument code.
Package caption Info: subfig package v1.3 is loaded.
Package caption Info: End \AtBeginDocument code.
\Etoc@tf=\read1
LaTeX Font Info:    Font shape `T5/ptm/bx/n' in size <13> not available
(Font)              Font shape `T5/ptm/b/n' tried instead on input line 82.

Underfull \hbox (badness 10000) in paragraph at lines 84--99

 []


Underfull \hbox (badness 10000) in paragraph at lines 84--99

 []


Underfull \hbox (badness 10000) in paragraph at lines 84--99

 []


Underfull \hbox (badness 10000) in paragraph at lines 84--99

 []


Underfull \hbox (badness 10000) in paragraph at lines 84--99

 []


Underfull \hbox (badness 10000) in paragraph at lines 84--99

 []


Underfull \hbox (badness 10000) in paragraph at lines 84--99

 []


Underfull \hbox (badness 10000) in paragraph at lines 84--99

 []

[1


{C:/Users/Black/AppData/Local/MiKTeX/2.9/pdftex/config/pdftex.map}]
LaTeX Font Info:    Font shape `T5/ptm/bx/n' in size <10> not available
(Font)              Font shape `T5/ptm/b/n' tried instead on input line 109.
LaTeX Font Info:    Try loading font information for OT1+ztmcm on input line 11
0.

("C:\Users\Black\AppData\Local\Programs\MiKTeX 2.9\tex\latex\psnfss\ot1ztmcm.fd
"
File: ot1ztmcm.fd 2000/01/03 Fontinst v1.801 font definitions for OT1/ztmcm.
)
LaTeX Font Info:    Try loading font information for OML+ztmcm on input line 11
0.

("C:\Users\Black\AppData\Local\Programs\MiKTeX 2.9\tex\latex\psnfss\omlztmcm.fd
"
File: omlztmcm.fd 2000/01/03 Fontinst v1.801 font definitions for OML/ztmcm.
)
LaTeX Font Info:    Try loading font information for OMS+ztmcm on input line 11
0.

("C:\Users\Black\AppData\Local\Programs\MiKTeX 2.9\tex\latex\psnfss\omsztmcm.fd
"
File: omsztmcm.fd 2000/01/03 Fontinst v1.801 font definitions for OMS/ztmcm.
)
LaTeX Font Info:    Try loading font information for OMX+ztmcm on input line 11
0.

("C:\Users\Black\AppData\Local\Programs\MiKTeX 2.9\tex\latex\psnfss\omxztmcm.fd
"
File: omxztmcm.fd 2000/01/03 Fontinst v1.801 font definitions for OMX/ztmcm.
)
LaTeX Font Info:    Try loading font information for OT1+ptm on input line 110.

 ("C:\Users\Black\AppData\Local\Programs\MiKTeX 2.9\tex\latex\psnfss\ot1ptm.fd"
File: ot1ptm.fd 2001/06/04 font definitions for OT1/ptm.
)
LaTeX Font Info:    Font shape `OT1/ptm/bx/n' in size <10> not available
(Font)              Font shape `OT1/ptm/b/n' tried instead on input line 110.
LaTeX Font Info:    Font shape `OT1/ptm/bx/n' in size <7.4> not available
(Font)              Font shape `OT1/ptm/b/n' tried instead on input line 110.
LaTeX Font Info:    Font shape `OT1/ptm/bx/n' in size <6> not available
(Font)              Font shape `OT1/ptm/b/n' tried instead on input line 110.
LaTeX Font Info:    Try loading font information for OMS+ptm on input line 120.


("C:\Users\Black\AppData\Local\Programs\MiKTeX 2.9\tex\latex\psnfss\omsptm.fd"
File: omsptm.fd 
)
LaTeX Font Info:    Font shape `OMS/ptm/m/n' in size <13> not available
(Font)              Font shape `OMS/cmsy/m/n' tried instead on input line 120.
LaTeX Font Info:    Font shape `T5/ptm/bx/n' in size <12> not available
(Font)              Font shape `T5/ptm/b/n' tried instead on input line 143.
pdfTeX warning (ext4): destination with the same identifier (name{page.}) has b
een already used, duplicate ignored
<to be read again> 
                   \relax 
l.147 \newpage
               [2]pdfTeX warning (ext4): destination with the same identifier (
name{page.}) has been already used, duplicate ignored
<to be read again> 
                   \relax 
l.190 \newpage
               [3]
Underfull \hbox (badness 10000) in paragraph at lines 198--204

 []

[1] [2

]
\tf@toc=\write5
\openout5 = `main.toc'.

 [3]
LaTeX Font Info:    Font shape `T5/ptm/bx/n' in size <14> not available
(Font)              Font shape `T5/ptm/b/n' tried instead on input line 231.
LaTeX Font Info:    Calculating math sizes for size <13> on input line 231.
LaTeX Font Info:    Font shape `OT1/ptm/bx/n' in size <13> not available
(Font)              Font shape `OT1/ptm/b/n' tried instead on input line 231.
LaTeX Font Info:    Font shape `OT1/ptm/bx/n' in size <9.62007> not available
(Font)              Font shape `OT1/ptm/b/n' tried instead on input line 231.
LaTeX Font Info:    Font shape `OT1/ptm/bx/n' in size <7.80008> not available
(Font)              Font shape `OT1/ptm/b/n' tried instead on input line 231.
 [4

] [5] [6] (main.lof [7

] [8])
\tf@lof=\write6
\openout6 = `main.lof'.

 [9] (main.lot)
\tf@lot=\write7
\openout7 = `main.lot'.

 (main.nls [10

]
[11]) [12

]
Ch\uhorn \ohorn ng 1.
<Fig/well_facilities_system.png, id=443, 580.41844pt x 353.82187pt>
File: Fig/well_facilities_system.png Graphic file (type png)
<use Fig/well_facilities_system.png>
Package pdftex.def Info: Fig/well_facilities_system.png  used on input line 272
.
(pdftex.def)             Requested size: 464.33539pt x 283.05788pt.

LaTeX Warning: `h' float specifier changed to `ht'.

[1


]
<Fig/surface_facilities_system.png, id=450, 576.65437pt x 358.33875pt>
File: Fig/surface_facilities_system.png Graphic file (type png)
<use Fig/surface_facilities_system.png>
Package pdftex.def Info: Fig/surface_facilities_system.png  used on input line 
289.
(pdftex.def)             Requested size: 432.48972pt x 268.7534pt.


LaTeX Warning: `h' float specifier changed to `ht'.

[2 <./Fig/well_facilities_system.png>]
<Fig/nodal_system.png, id=458, 607.51968pt x 408.77719pt>
File: Fig/nodal_system.png Graphic file (type png)
<use Fig/nodal_system.png>
Package pdftex.def Info: Fig/nodal_system.png  used on input line 303.
(pdftex.def)             Requested size: 425.26086pt x 286.14207pt.
 [3 <./Fig/surface_facilities_system.png>] [4 <./Fig/nodal_system.png>] [5]
<fig/operation_point.png, id=478, 508.14844pt x 301.8778pt>
File: fig/operation_point.png Graphic file (type png)
<use fig/operation_point.png>
Package pdftex.def Info: fig/operation_point.png  used on input line 345.
(pdftex.def)             Requested size: 406.51929pt x 241.50256pt.
 [6 <./fig/operation_point.png>]
Ch\uhorn \ohorn ng 2.

Underfull \hbox (badness 10000) in paragraph at lines 360--368

 []

LaTeX Font Info:    Font shape `T5/ptm/bx/it' in size <13> not available
(Font)              Font shape `T5/ptm/b/it' tried instead on input line 369.
[7

]
<Fig/darcy_linear_flow.png, id=496, 377.91188pt x 127.97812pt>
File: Fig/darcy_linear_flow.png Graphic file (type png)
<use Fig/darcy_linear_flow.png>
Package pdftex.def Info: Fig/darcy_linear_flow.png  used on input line 393.
(pdftex.def)             Requested size: 377.91095pt x 127.9778pt.
 [8 <./Fig/darcy_linear_flow.png>]
Underfull \hbox (badness 10000) in paragraph at lines 421--431

 []

<Fig/darcy_radial_flow.png, id=509, 338.01282pt x 299.61937pt>
File: Fig/darcy_radial_flow.png Graphic file (type png)
<use Fig/darcy_radial_flow.png>
Package pdftex.def Info: Fig/darcy_radial_flow.png  used on input line 443.
(pdftex.def)             Requested size: 253.50897pt x 224.71397pt.

LaTeX Warning: `h' float specifier changed to `ht'.

[9] [10 <./Fig/darcy_radial_flow.png>]
<Fig/p_reservoir_vs_radius.png, id=527, 487.8225pt x 303.38344pt>
File: Fig/p_reservoir_vs_radius.png Graphic file (type png)
<use Fig/p_reservoir_vs_radius.png>
Package pdftex.def Info: Fig/p_reservoir_vs_radius.png  used on input line 477.

(pdftex.def)             Requested size: 365.86597pt x 227.53702pt.
<Fig/p_reservoir_vs_radius_semi_log.png, id=531, 487.8225pt x 303.38344pt>
File: Fig/p_reservoir_vs_radius_semi_log.png Graphic file (type png)
<use Fig/p_reservoir_vs_radius_semi_log.png>
Package pdftex.def Info: Fig/p_reservoir_vs_radius_semi_log.png  used on input 
line 492.
(pdftex.def)             Requested size: 365.86597pt x 227.53702pt.


LaTeX Warning: `h' float specifier changed to `ht'.

[11 <./Fig/p_reservoir_vs_radius.png>]
<Fig/phase_behavior_in_pi.png, id=541, 487.8225pt x 404.26031pt>
File: Fig/phase_behavior_in_pi.png Graphic file (type png)
<use Fig/phase_behavior_in_pi.png>
Package pdftex.def Info: Fig/phase_behavior_in_pi.png  used on input line 521.
(pdftex.def)             Requested size: 390.25853pt x 323.40869pt.

Underfull \hbox (badness 10000) in paragraph at lines 518--527

 []

[12 <./Fig/p_reservoir_vs_radius_semi_log.png>]
<Fig/kro_behavior_pi.png, id=553, 495.35063pt x 440.39531pt>
File: Fig/kro_behavior_pi.png Graphic file (type png)
<use Fig/kro_behavior_pi.png>
Package pdftex.def Info: Fig/kro_behavior_pi.png  used on input line 532.
(pdftex.def)             Requested size: 321.97409pt x 286.25356pt.
 [13 <./Fig/phase_behavior_in_pi.png>]
Underfull \hbox (badness 10000) in paragraph at lines 538--539

 []

[14 <./Fig/kro_behavior_pi.png>]
<Fig/oil_viscosity_behavior.png, id=571, 317.68687pt x 200.24812pt>
File: Fig/oil_viscosity_behavior.png Graphic file (type png)
<use Fig/oil_viscosity_behavior.png>
Package pdftex.def Info: Fig/oil_viscosity_behavior.png  used on input line 549
.
(pdftex.def)             Requested size: 206.494pt x 130.15973pt.
<Fig/bo_behaviour_pi.png, id=572, 317.68687pt x 200.24812pt>
File: Fig/bo_behaviour_pi.png Graphic file (type png)
<use Fig/bo_behaviour_pi.png>
Package pdftex.def Info: Fig/bo_behaviour_pi.png  used on input line 551.
(pdftex.def)             Requested size: 206.494pt x 130.15973pt.
<fig/ipr_change_with_pressure.png, id=573, 500.62032pt x 383.18156pt>
File: fig/ipr_change_with_pressure.png Graphic file (type png)
<use fig/ipr_change_with_pressure.png>
Package pdftex.def Info: fig/ipr_change_with_pressure.png  used on input line 5
65.
(pdftex.def)             Requested size: 375.46431pt x 287.38545pt.


LaTeX Warning: `h' float specifier changed to `ht'.

[15 <./Fig/oil_viscosity_behavior.png> <./Fig/bo_behaviour_pi.png>]
Underfull \hbox (badness 10000) in paragraph at lines 580--581

 []

[16 <./fig/ipr_change_with_pressure.png>] [17]
Underfull \hbox (badness 10000) in paragraph at lines 607--608

 []

<Fig/reservoir_pressure_profile.png, id=587, 451.6875pt x 326.72063pt>
File: Fig/reservoir_pressure_profile.png Graphic file (type png)
<use Fig/reservoir_pressure_profile.png>
Package pdftex.def Info: Fig/reservoir_pressure_profile.png  used on input line
 619.
(pdftex.def)             Requested size: 225.84319pt x 163.35991pt.
<Fig/inflow_performance_relationship.png, id=588, 449.42906pt x 320.69812pt>
File: Fig/inflow_performance_relationship.png Graphic file (type png)
<use Fig/inflow_performance_relationship.png>
Package pdftex.def Info: Fig/inflow_performance_relationship.png  used on input
 line 621.
(pdftex.def)             Requested size: 224.71397pt x 160.34866pt.
[18 <./Fig/reservoir_pressure_profile.png> <./Fig/inflow_performance_relationsh
ip.png>]
<Fig/positive_skin_effect.png, id=601, 405.76593pt x 298.11375pt>
File: Fig/positive_skin_effect.png Graphic file (type png)
<use Fig/positive_skin_effect.png>
Package pdftex.def Info: Fig/positive_skin_effect.png  used on input line 636.
(pdftex.def)             Requested size: 223.17195pt x 163.96306pt.
<Fig/negative_skin_effect.png, id=602, 406.51875pt x 297.36093pt>
File: Fig/negative_skin_effect.png Graphic file (type png)
<use Fig/negative_skin_effect.png>
Package pdftex.def Info: Fig/negative_skin_effect.png  used on input line 638.
(pdftex.def)             Requested size: 223.586pt x 163.54901pt.

Underfull \hbox (badness 10000) in paragraph at lines 646--647

 []

[19 <./Fig/positive_skin_effect.png> <./Fig/negative_skin_effect.png>] [20]
[21] [22]
Ch\uhorn \ohorn ng 3.
[23

]
<Fig/horizontal_flow_regime.png, id=640, 618.05907pt x 303.38344pt>
File: Fig/horizontal_flow_regime.png Graphic file (type png)
<use Fig/horizontal_flow_regime.png>
Package pdftex.def Info: Fig/horizontal_flow_regime.png  used on input line 751
.
(pdftex.def)             Requested size: 401.73363pt x 197.19688pt.
 [24 <./Fig/horizontal_flow_regime.png>]
<Fig/vertical_flow_regime.png, id=648, 525.46312pt x 278.54062pt>
File: Fig/vertical_flow_regime.png Graphic file (type png)
<use Fig/vertical_flow_regime.png>
Package pdftex.def Info: Fig/vertical_flow_regime.png  used on input line 760.
(pdftex.def)             Requested size: 394.09637pt x 208.90494pt.
 [25 <./Fig/vertical_flow_regime.png>]
<Fig/category_a_friction_factor_corr.png, id=653, 529.98pt x 365.11406pt>
File: Fig/category_a_friction_factor_corr.png Graphic file (type png)
<use Fig/category_a_friction_factor_corr.png>
Package pdftex.def Info: Fig/category_a_friction_factor_corr.png  used on input
 line 775.
(pdftex.def)             Requested size: 397.48401pt x 273.83487pt.
 [26 <./Fig/category_a_friction_factor_corr.png>]
Underfull \hbox (badness 10000) in paragraph at lines 789--791

 []

[27]
<Fig/hagedorn_brown_correlation_psi.png, id=671, 393.72093pt x 217.5628pt>
File: Fig/hagedorn_brown_correlation_psi.png Graphic file (type png)
<use Fig/hagedorn_brown_correlation_psi.png>
Package pdftex.def Info: Fig/hagedorn_brown_correlation_psi.png  used on input 
line 829.
(pdftex.def)             Requested size: 216.54718pt x 119.65991pt.
<Fig/hagedorn_brown_correlation_N_Lc_N_l.png, id=672, 397.485pt x 216.05719pt>
File: Fig/hagedorn_brown_correlation_N_Lc_N_l.png Graphic file (type png)
<use Fig/hagedorn_brown_correlation_N_Lc_N_l.png>
Package pdftex.def Info: Fig/hagedorn_brown_correlation_N_Lc_N_l.png  used on i
nput line 831.
(pdftex.def)             Requested size: 218.61742pt x 118.8318pt.
<Fig/hagedorn_brown_correlation_H_L_bsi.png, id=673, 402.75468pt x 232.61906pt>

File: Fig/hagedorn_brown_correlation_H_L_bsi.png Graphic file (type png)
<use Fig/hagedorn_brown_correlation_H_L_bsi.png>
Package pdftex.def Info: Fig/hagedorn_brown_correlation_H_L_bsi.png  used on in
put line 833.
(pdftex.def)             Requested size: 261.78743pt x 151.20059pt.
 [28 <./Fig/hagedorn_brown_correlation_psi.png> <./Fig/hagedorn_brown_correlati
on_N_Lc_N_l.png> <./Fig/hagedorn_brown_correlation_H_L_bsi.png>]
<Fig/Moody_diagram.png, id=687, 730.98094pt x 587.94656pt>
File: Fig/Moody_diagram.png Graphic file (type png)
<use Fig/Moody_diagram.png>
Package pdftex.def Info: Fig/Moody_diagram.png  used on input line 846.
(pdftex.def)             Requested size: 438.59195pt x 352.77066pt.
<Fig/Duns_and_Ros_flow_pattern.png, id=691, 610.53094pt x 402.00188pt>
File: Fig/Duns_and_Ros_flow_pattern.png Graphic file (type png)
<use Fig/Duns_and_Ros_flow_pattern.png>
Package pdftex.def Info: Fig/Duns_and_Ros_flow_pattern.png  used on input line 
858.
(pdftex.def)             Requested size: 427.36874pt x 281.39938pt.
 [29 <./Fig/Moody_diagram.png>]
<Fig/L_one_L_two_params.png, id=700, 421.575pt x 264.23718pt>
File: Fig/L_one_L_two_params.png Graphic file (type png)
<use Fig/L_one_L_two_params.png>
Package pdftex.def Info: Fig/L_one_L_two_params.png  used on input line 873.
(pdftex.def)             Requested size: 337.26045pt x 211.39001pt.


LaTeX Warning: `h' float specifier changed to `ht'.

[30 <./Fig/Duns_and_Ros_flow_pattern.png>] [31 <./Fig/L_one_L_two_params.png>]
<Fig/v_gas_slip_duns_ros_bubble_flow.png, id=718, 572.1375pt x 358.33875pt>
File: Fig/v_gas_slip_duns_ros_bubble_flow.png Graphic file (type png)
<use Fig/v_gas_slip_duns_ros_bubble_flow.png>
Package pdftex.def Info: Fig/v_gas_slip_duns_ros_bubble_flow.png  used on input
 line 919.
(pdftex.def)             Requested size: 429.10207pt x 268.7534pt.

[32 <./Fig/v_gas_slip_duns_ros_bubble_flow.png>]
<Fig/params_for_friction_bubble_flow_duns_ros.png, id=730, 388.45125pt x 216.81
pt>
File: Fig/params_for_friction_bubble_flow_duns_ros.png Graphic file (type png)
<use Fig/params_for_friction_bubble_flow_duns_ros.png>
Package pdftex.def Info: Fig/params_for_friction_bubble_flow_duns_ros.png  used
 on input line 938.
(pdftex.def)             Requested size: 349.60287pt x 195.12718pt.
<Fig/f_5_f_6_f_7_for_v_slip_gas_duns_ros.png, id=733, 575.14874pt x 358.33875pt
>
File: Fig/f_5_f_6_f_7_for_v_slip_gas_duns_ros.png Graphic file (type png)
<use Fig/f_5_f_6_f_7_for_v_slip_gas_duns_ros.png>
Package pdftex.def Info: Fig/f_5_f_6_f_7_for_v_slip_gas_duns_ros.png  used on i
nput line 961.
(pdftex.def)             Requested size: 431.3605pt x 268.7534pt.


LaTeX Warning: `h' float specifier changed to `ht'.

[33 <./Fig/params_for_friction_bubble_flow_duns_ros.png>] [34 <./Fig/f_5_f_6_f_
7_for_v_slip_gas_duns_ros.png>]
<Fig/params_for_envelop_wall_pipe.png, id=750, 387.69844pt x 207.77625pt>
File: Fig/params_for_envelop_wall_pipe.png Graphic file (type png)
<use Fig/params_for_envelop_wall_pipe.png>
Package pdftex.def Info: Fig/params_for_envelop_wall_pipe.png  used on input li
ne 996.
(pdftex.def)             Requested size: 348.92535pt x 186.99687pt.

Underfull \hbox (badness 10000) in paragraph at lines 1001--1002

 []

[35 <./Fig/params_for_envelop_wall_pipe.png>]
Underfull \hbox (badness 10000) in paragraph at lines 1027--1028

 []

[36]
<Fig/liquid_holdup_gamma_l.png, id=769, 481.8pt x 308.65312pt>
File: Fig/liquid_holdup_gamma_l.png Graphic file (type png)
<use Fig/liquid_holdup_gamma_l.png>
Package pdftex.def Info: Fig/liquid_holdup_gamma_l.png  used on input line 1050
.
(pdftex.def)             Requested size: 361.3491pt x 231.48926pt.
 [37 <./Fig/liquid_holdup_gamma_l.png>]
<Fig/h_l_vs_inclination_pipe.png, id=776, 511.9125pt x 329.73187pt>
File: Fig/h_l_vs_inclination_pipe.png Graphic file (type png)
<use Fig/h_l_vs_inclination_pipe.png>
Package pdftex.def Info: Fig/h_l_vs_inclination_pipe.png  used on input line 10
72.
(pdftex.def)             Requested size: 383.93344pt x 247.29828pt.


LaTeX Warning: `h' float specifier changed to `ht'.

[38 <./Fig/h_l_vs_inclination_pipe.png>] [39]
Underfull \hbox (badness 10000) in paragraph at lines 1157--1157
[]|\T5/ptm/m/n/13 Ch  dng
 []


Underfull \hbox (badness 1365) in paragraph at lines 1157--1157
[]|\T5/ptm/m/n/13 Tt c (Down-
 []

[40]
Ch\uhorn \ohorn ng 4.
[41

]
<Fig/ipr_vs_const_pi.png, id=814, 417.05812pt x 293.59688pt>
File: Fig/ipr_vs_const_pi.png Graphic file (type png)
<use Fig/ipr_vs_const_pi.png>
Package pdftex.def Info: Fig/ipr_vs_const_pi.png  used on input line 1193.
(pdftex.def)             Requested size: 229.38268pt x 161.47878pt.
<Fig/intake_pressure_vs_pi.png, id=815, 417.05812pt x 293.59688pt>
File: Fig/intake_pressure_vs_pi.png Graphic file (type png)
<use Fig/intake_pressure_vs_pi.png>
Package pdftex.def Info: Fig/intake_pressure_vs_pi.png  used on input line 1195
.
(pdftex.def)             Requested size: 229.38268pt x 161.47878pt.
<Fig/mix_between_intake_and_ipr.png, id=822, 417.05812pt x 294.34969pt>
File: Fig/mix_between_intake_and_ipr.png Graphic file (type png)
<use Fig/mix_between_intake_and_ipr.png>
Package pdftex.def Info: Fig/mix_between_intake_and_ipr.png  used on input line
 1205.
(pdftex.def)             Requested size: 333.64694pt x 235.48006pt.
 [42 <./Fig/ipr_vs_const_pi.png> <./Fig/intake_pressure_vs_pi.png>]
[43 <./Fig/mix_between_intake_and_ipr.png>]
<Fig/too_high_thp.png, id=834, 417.81094pt x 294.34969pt>
File: Fig/too_high_thp.png Graphic file (type png)
<use Fig/too_high_thp.png>
Package pdftex.def Info: Fig/too_high_thp.png  used on input line 1224.
(pdftex.def)             Requested size: 229.79672pt x 161.89282pt.
<Fig/choke_performance_curve.png, id=835, 417.05812pt x 294.34969pt>
File: Fig/choke_performance_curve.png Graphic file (type png)
<use Fig/choke_performance_curve.png>
Package pdftex.def Info: Fig/choke_performance_curve.png  used on input line 12
26.
(pdftex.def)             Requested size: 229.38268pt x 161.89282pt.
 [44 <./Fig/too_high_thp.png> <./Fig/choke_performance_curve.png>]
<Fig/tubing_performance_vs_intake_pressure.png, id=848, 417.05812pt x 293.59688
pt>
File: Fig/tubing_performance_vs_intake_pressure.png Graphic file (type png)
<use Fig/tubing_performance_vs_intake_pressure.png>
Package pdftex.def Info: Fig/tubing_performance_vs_intake_pressure.png  used on
 input line 1239.
(pdftex.def)             Requested size: 229.38268pt x 161.47878pt.
<Fig/tubing_vs_choke_performance.png, id=849, 417.05812pt x 294.34969pt>
File: Fig/tubing_vs_choke_performance.png Graphic file (type png)
<use Fig/tubing_vs_choke_performance.png>
Package pdftex.def Info: Fig/tubing_vs_choke_performance.png  used on input lin
e 1241.
(pdftex.def)             Requested size: 229.38268pt x 161.89282pt.
 [45 <./Fig/tubing_performance_vs_intake_pressure.png> <./Fig/tubing_vs_choke_p
erformance.png>]
<Fig/enhance_ipr_with_perforation.png, id=860, 417.05812pt x 294.34969pt>
File: Fig/enhance_ipr_with_perforation.png Graphic file (type png)
<use Fig/enhance_ipr_with_perforation.png>
Package pdftex.def Info: Fig/enhance_ipr_with_perforation.png  used on input li
ne 1259.
(pdftex.def)             Requested size: 229.38268pt x 161.89282pt.
<Fig/min_max_choke_size.png, id=861, 417.05812pt x 293.59688pt>
File: Fig/min_max_choke_size.png Graphic file (type png)
<use Fig/min_max_choke_size.png>
Package pdftex.def Info: Fig/min_max_choke_size.png  used on input line 1261.
(pdftex.def)             Requested size: 229.38268pt x 161.47878pt.
 [46 <./Fig/enhance_ipr_with_perforation.png> <./Fig/min_max_choke_size.png>]
<Fig/effect_of_decline_res_pressure.png, id=872, 417.05812pt x 294.34969pt>
File: Fig/effect_of_decline_res_pressure.png Graphic file (type png)
<use Fig/effect_of_decline_res_pressure.png>
Package pdftex.def Info: Fig/effect_of_decline_res_pressure.png  used on input 
line 1274.
(pdftex.def)             Requested size: 229.38268pt x 161.89282pt.
<Fig/optimum_gor.png, id=873, 417.05812pt x 297.36093pt>
File: Fig/optimum_gor.png Graphic file (type png)
<use Fig/optimum_gor.png>
Package pdftex.def Info: Fig/optimum_gor.png  used on input line 1276.
(pdftex.def)             Requested size: 229.38268pt x 163.54901pt.
 [47 <./Fig/effect_of_decline_res_pressure.png> <./Fig/optimum_gor.png>]
<Fig/gor_of_production_well.png, id=883, 604.50844pt x 307.1475pt>
File: Fig/gor_of_production_well.png Graphic file (type png)
<use Fig/gor_of_production_well.png>
Package pdftex.def Info: Fig/gor_of_production_well.png  used on input line 129
0.
(pdftex.def)             Requested size: 423.15302pt x 215.00177pt.
 [48 <./Fig/gor_of_production_well.png>]
Ch\uhorn \ohorn ng 5.
<Fig/production_system.png, id=892, 685.05937pt x 496.85625pt>
File: Fig/production_system.png Graphic file (type png)
<use Fig/production_system.png>
Package pdftex.def Info: Fig/production_system.png  used on input line 1302.
(pdftex.def)             Requested size: 411.03879pt x 298.11604pt.
[49

 <./Fig/production_system.png>]

LaTeX Warning: `h' float specifier changed to `ht'.


LaTeX Warning: `h' float specifier changed to `ht'.


LaTeX Warning: `h' float specifier changed to `ht'.


LaTeX Warning: `h' float specifier changed to `ht'.


LaTeX Warning: `h' float specifier changed to `ht'.


LaTeX Warning: `h' float specifier changed to `ht'.


LaTeX Warning: `h' float specifier changed to `ht'.

[50] [51] [52]
<Fig/surface_equipment.PNG, id=915, 402.00188pt x 60.225pt>
File: Fig/surface_equipment.PNG Graphic file (type png)
<use Fig/surface_equipment.PNG>
Package pdftex.def Info: Fig/surface_equipment.PNG  used on input line 1452.
(pdftex.def)             Requested size: 361.79834pt x 54.20198pt.
 [53

 <./Fig/surface_equipment.PNG>]
<Fig/1d_well_model.png, id=922, 289.83281pt x 353.06906pt>
File: Fig/1d_well_model.png Graphic file (type png)
<use Fig/1d_well_model.png>
Package pdftex.def Info: Fig/1d_well_model.png  used on input line 1461.
(pdftex.def)             Requested size: 318.81706pt x 388.37715pt.
 [54 <./Fig/1d_well_model.png>]
<Fig/2d_well_model.png, id=928, 289.83281pt x 353.06906pt>
File: Fig/2d_well_model.png Graphic file (type png)
<use Fig/2d_well_model.png>
Package pdftex.def Info: Fig/2d_well_model.png  used on input line 1469.
(pdftex.def)             Requested size: 318.81706pt x 388.37715pt.
 [55 <./Fig/2d_well_model.png>]
<Fig/hd_directional_drilling.PNG, id=934, 337.26pt x 292.09125pt>
File: Fig/hd_directional_drilling.PNG Graphic file (type png)
<use Fig/hd_directional_drilling.PNG>
Package pdftex.def Info: Fig/hd_directional_drilling.PNG  used on input line 14
78.
(pdftex.def)             Requested size: 370.98714pt x 321.30135pt.
 [56 <./Fig/hd_directional_drilling.PNG>]
<Fig/Static_press_vs_choke.PNG, id=940, 591.71063pt x 340.27126pt>
File: Fig/Static_press_vs_choke.PNG Graphic file (type png)
<use Fig/Static_press_vs_choke.PNG>
Package pdftex.def Info: Fig/Static_press_vs_choke.PNG  used on input line 1496
.
(pdftex.def)             Requested size: 443.78188pt x 255.2028pt.

[57 <./Fig/Static_press_vs_choke.PNG>]
<Fig/tubing_vs_static_press.PNG, id=949, 591.71063pt x 341.77687pt>
File: Fig/tubing_vs_static_press.PNG Graphic file (type png)
<use Fig/tubing_vs_static_press.PNG>
Package pdftex.def Info: Fig/tubing_vs_static_press.PNG  used on input line 151
7.
(pdftex.def)             Requested size: 443.78188pt x 256.33202pt.
 [58 <./Fig/tubing_vs_static_press.PNG>]
<Fig/pi_vs_choke.PNG, id=957, 590.205pt x 345.54094pt>
File: Fig/pi_vs_choke.PNG Graphic file (type png)
<use Fig/pi_vs_choke.PNG>
Package pdftex.def Info: Fig/pi_vs_choke.PNG  used on input line 1537.
(pdftex.def)             Requested size: 442.65266pt x 259.15506pt.

[59 <./Fig/pi_vs_choke.PNG>]
<Fig/decrease_press_vs_tubing.PNG, id=965, 595.47469pt x 344.78813pt>
File: Fig/decrease_press_vs_tubing.PNG Graphic file (type png)
<use Fig/decrease_press_vs_tubing.PNG>
Package pdftex.def Info: Fig/decrease_press_vs_tubing.PNG  used on input line 1
558.
(pdftex.def)             Requested size: 446.6049pt x 258.59045pt.
 [60 <./Fig/decrease_press_vs_tubing.PNG>]
<Fig/decrease_press_vs_choke_size.PNG, id=973, 594.72188pt x 342.5297pt>
File: Fig/decrease_press_vs_choke_size.PNG Graphic file (type png)
<use Fig/decrease_press_vs_choke_size.PNG>
Package pdftex.def Info: Fig/decrease_press_vs_choke_size.PNG  used on input li
ne 1578.
(pdftex.def)             Requested size: 446.04031pt x 256.89664pt.
 [61 <./Fig/decrease_press_vs_choke_size.PNG>]

Package hyperref Warning: The anchor of a bookmark and its parent's must not
(hyperref)                be the same. Added a new anchor on input line 1598.

(main.bbl [62

])
Package atveryend Info: Empty hook `BeforeClearDocument' on input line 1611.
 [63

]
Package atveryend Info: Empty hook `AfterLastShipout' on input line 1611.
 (main.aux)
Package atveryend Info: Executing hook `AtVeryEndDocument' on input line 1611.
Package atveryend Info: Executing hook `AtEndAfterFileList' on input line 1611.

Package rerunfilecheck Info: File `main.out' has not changed.
(rerunfilecheck)             Checksum: 28B2B5D39774A0ACCA9FB0B46741CA18;9613.
Package atveryend Info: Empty hook `AtVeryVeryEnd' on input line 1611.
 ) 
Here is how much of TeX's memory you used:
 15149 strings out of 492970
 226485 string characters out of 3126593
 347063 words of memory out of 3000000
 18460 multiletter control sequences out of 15000+200000
 64074 words of font info for 102 fonts, out of 3000000 for 9000
 1141 hyphenation exceptions out of 8191
 41i,12n,49p,1359b,431s stack positions out of 5000i,500n,10000p,200000b,50000s
{C:/Users/Black/AppData/Local/Programs/MiKTeX 2.9/fonts/enc/dvips/vntex/t5.en
c}{C:/Users/Black/AppData/Local/Programs/MiKTeX 2.9/fonts/enc/dvips/base/8r.enc
}<C:/Users/Black/AppData/Local/Programs/MiKTeX 2.9/fonts/type1/public/amsfonts/
cm/cmex10.pfb><C:/Users/Black/AppData/Local/Programs/MiKTeX 2.9/fonts/type1/pub
lic/amsfonts/cm/cmmi10.pfb><C:/Users/Black/AppData/Local/Programs/MiKTeX 2.9/fo
nts/type1/public/amsfonts/cm/cmr10.pfb><C:/Users/Black/AppData/Local/Programs/M
iKTeX 2.9/fonts/type1/public/amsfonts/cm/cmsy10.pfb><C:/Users/Black/AppData/Loc
al/Programs/MiKTeX 2.9/fonts/type1/urw/symbol/usyr.pfb><C:/Users/Black/AppData/
Local/Programs/MiKTeX 2.9/fonts/type1/urw/symbol/usyr.pfb><C:/Users/Black/AppDa
ta/Local/Programs/MiKTeX 2.9/fonts/type1/vntex/urwvn/utmb8v.pfb><C:/Users/Black
/AppData/Local/Programs/MiKTeX 2.9/fonts/type1/vntex/urwvn/utmbi8v.pfb><C:/User
s/Black/AppData/Local/Programs/MiKTeX 2.9/fonts/type1/urw/times/utmr8a.pfb><C:/
Users/Black/AppData/Local/Programs/MiKTeX 2.9/fonts/type1/vntex/urwvn/utmr8v.pf
b><C:/Users/Black/AppData/Local/Programs/MiKTeX 2.9/fonts/type1/urw/times/utmri
8a.pfb><C:/Users/Black/AppData/Local/Programs/MiKTeX 2.9/fonts/type1/vntex/urwv
n/utmri8v.pfb>
Output written on main.pdf (78 pages, 2330993 bytes).
PDF statistics:
 1093 PDF objects out of 1200 (max. 8388607)
 283 named destinations out of 1000 (max. 500000)
 655 words of extra memory for PDF output out of 10000 (max. 10000000)

