\BOOKMARK [0][-]{content.0}{\376\377\000M\036\345\000c\000\040\000l\036\345\000c}{}% 1
\BOOKMARK [1][-]{chapter*.1}{\376\377\000M\036\344\000C\000\040\000L\036\344\000C}{content.0}% 2
\BOOKMARK [1][-]{chapter*.2}{\376\377\000D\000A\000N\000H\000\040\000S\000\301\000C\000H\000\040\000H\000\314\000N\000H\000\040\000V\036\274}{content.0}% 3
\BOOKMARK [1][-]{chapter*.3}{\376\377\000D\000A\000N\000H\000\040\000S\000\301\000C\000H\000\040\000B\036\242\000N\000G\000\040\000B\000I\036\302\000U}{content.0}% 4
\BOOKMARK [1][-]{chapter*.4}{\376\377\000D\000A\000N\000H\000\040\000M\036\344\000C\000\040\000K\000\335\000\040\000H\000I\036\306\000U\000\040\000V\000\300\000\040\000V\000I\036\276\000T\000\040\000T\036\256\000T}{content.0}% 5
\BOOKMARK [0][-]{chapter.1}{\376\377\000C\001\240\000\040\000S\036\336\000\040\000L\000\335\000\040\000T\000H\000U\000Y\036\276\000T}{}% 6
\BOOKMARK [1][-]{section.1.1}{\376\377\000C\000\341\000c\000\040\000p\000h\001\260\001\241\000n\000g\000\040\000p\000h\000\341\000p\000\040\000k\000h\000a\000i\000\040\000t\000h\000\341\000c\000\040\000n\000h\000\342\000n\000\040\000t\036\241\000o}{chapter.1}% 7
\BOOKMARK [2][-]{subsection.1.1.1}{\376\377\000B\001\241\000m\000\040\001\021\000i\036\307\000n\000\040\000l\000i\000\040\000t\000\342\000m\000\040\000c\000h\000\354\000m}{section.1.1}% 8
\BOOKMARK [3][-]{subsubsection.1.1.1.1}{\376\377\036\350\000n\000g\000\040\000d\036\345\000n\000g}{subsection.1.1.1}% 9
\BOOKMARK [3][-]{subsubsection.1.1.1.2}{\376\377\001\257\000u\000\040\001\021\000i\036\303\000m\000\040\000v\000\340\000\040\000h\036\241\000n\000\040\000c\000h\036\277}{subsection.1.1.1}% 10
\BOOKMARK [2][-]{subsection.1.1.2}{\376\377\000G\000a\000s\000\040\000l\000i\000f\000t}{section.1.1}% 11
\BOOKMARK [3][-]{subsubsection.1.1.2.1}{\376\377\036\350\000n\000g\000\040\000d\036\345\000n\000g}{subsection.1.1.2}% 12
\BOOKMARK [3][-]{subsubsection.1.1.2.2}{\376\377\001\257\000u\000\040\001\021\000i\036\303\000m\000\040\000v\000\340\000\040\000h\036\241\000n\000\040\000c\000h\036\277}{subsection.1.1.2}% 13
\BOOKMARK [2][-]{subsection.1.1.3}{\376\377\000M\036\331\000t\000\040\000s\036\321\000\040\000p\000h\001\260\001\241\000n\000g\000\040\000p\000h\000\341\000p\000\040\000k\000h\000\341\000c}{section.1.1}% 14
\BOOKMARK [1][-]{section.1.2}{\376\377\000T\000r\000\355\000\040\000t\000u\036\307\000\040\000n\000h\000\342\000n\000\040\000t\036\241\000o}{chapter.1}% 15
\BOOKMARK [2][-]{subsection.1.2.1}{\376\377\000G\000i\036\243\000i\000\040\000t\000h\000u\036\255\000t\000\040\000d\000i\000\040\000t\000r\000u\000y\036\301\000n}{section.1.2}% 16
\BOOKMARK [3][-]{subsubsection.1.2.1.1}{\376\377\000N\000g\000u\000y\000\352\000n\000\040\000l\000\375\000\040\000g\000i\036\243\000i\000\040\000t\000h\000u\036\255\000t}{subsection.1.2.1}% 17
\BOOKMARK [3][-]{subsubsection.1.2.1.2}{\376\377\000T\000h\000u\036\255\000t\000\040\000t\000o\000\341\000n\000\040\000d\000i\000\040\000t\000r\000u\000y\036\301\000n}{subsection.1.2.1}% 18
\BOOKMARK [2][-]{subsection.1.2.2}{\376\377\000B\000\340\000i\000\040\000t\000o\000\341\000n\000\040\000t\000h\036\335\000i\000\040\000g\000i\000a\000n}{section.1.2}% 19
\BOOKMARK [2][-]{subsection.1.2.3}{\376\377\000M\036\241\000n\000g\000\040\000n\000e\000u\000r\000o\000n\000\040\000t\000r\000u\000y\036\301\000n\000\040\000t\000h\036\263\000n\000g\000\040\001\021\000a\000\040\000l\036\333\000p}{section.1.2}% 20
\BOOKMARK [3][-]{subsubsection.1.2.3.1}{\376\377\000C\036\245\000u\000\040\000t\000r\000\372\000c\000\040\000c\001\241\000\040\000b\036\243\000n}{subsection.1.2.3}% 21
\BOOKMARK [3][-]{subsubsection.1.2.3.2}{\376\377\000H\000\340\000m\000\040\000k\000\355\000c\000h\000\040\000h\000o\036\241\000t}{subsection.1.2.3}% 22
\BOOKMARK [3][-]{subsubsection.1.2.3.3}{\376\377\000H\000\340\000m\000\040\000t\036\321\000i\000\040\001\260\000u}{subsection.1.2.3}% 23
\BOOKMARK [3][-]{subsubsection.1.2.3.4}{\376\377\000P\000h\001\260\001\241\000n\000g\000\040\000p\000h\000\341\000p\000\040\001\021\000\341\000n\000h\000\040\000g\000i\000\341}{subsection.1.2.3}% 24
\BOOKMARK [1][-]{section.1.3}{\376\377\001\020\001\260\036\335\000n\000g\000\040\000c\000o\000n\000g\000\040\001\021\036\267\000c\000\040\000t\000\355\000n\000h\000\040\000g\000a\000s\000\040\000l\000i\000f\000t}{chapter.1}% 25
\BOOKMARK [2][-]{subsection.1.3.1}{\376\377\001\020\001\260\036\335\000n\000g\000\040\000c\000o\000n\000g\000\040\001\021\036\267\000c\000\040\000t\000\355\000n\000h\000\040\000v\000\340\000\040\000b\000\340\000i\000\040\000t\000o\000\341\000n\000\040\000t\036\321\000i\000\040\001\260\000u}{section.1.3}% 26
\BOOKMARK [2][-]{subsection.1.3.2}{\376\377\000M\000\364\000\040\000h\000\354\000n\000h\000\040\000t\000o\000\341\000n\000\040\000h\036\315\000c}{section.1.3}% 27
\BOOKMARK [2][-]{subsection.1.3.3}{\376\377\000G\000i\036\243\000i\000\040\000p\000h\000\341\000p\000\040\000s\036\321}{section.1.3}% 28
\BOOKMARK [1][-]{section.1.4}{\376\377\000T\000h\000u\036\255\000t\000\040\000t\000o\000\341\000n\000\040\000t\036\321\000i\000\040\001\260\000u}{chapter.1}% 29
