This is pdfTeX, Version 3.14159265-2.6-1.40.17 (MiKTeX 2.9 64-bit) (preloaded format=pdflatex 2017.11.20)  28 JUL 2018 09:33
entering extended mode
**"F:/ /Document/JVPC Intership/internship-report/main.tex"
("F:/ /Document/JVPC Intership/internship-report/main.tex"
LaTeX2e <2016/03/31>
Babel <3.9r> and hyphenation patterns for 75 language(s) loaded.
("C:\Program Files\MiKTeX 2.9\tex\latex\base\report.cls"
Document Class: report 2014/09/29 v1.4h Standard LaTeX document class
("C:\Program Files\MiKTeX 2.9\tex\latex\base\size12.clo"
File: size12.clo 2014/09/29 v1.4h Standard LaTeX file (size option)
)
\c@part=\count79
\c@chapter=\count80
\c@section=\count81
\c@subsection=\count82
\c@subsubsection=\count83
\c@paragraph=\count84
\c@subparagraph=\count85
\c@figure=\count86
\c@table=\count87
\abovecaptionskip=\skip41
\belowcaptionskip=\skip42
\bibindent=\dimen102
)
("C:\Program Files\MiKTeX 2.9\tex\latex\base\inputenc.sty"
Package: inputenc 2015/03/17 v1.2c Input encoding file
\inpenc@prehook=\toks14
\inpenc@posthook=\toks15

(C:\vntex\tex\latex\vietnam\utf8.def
File: utf8.def 2002/05/21 UCS: Input encoding UTF-8
)) (C:\vntex\tex\latex\vietnam\ucs.sty
Package: ucs 2002/06/22 UCS: Unicode input support

(C:\vntex\tex\latex\vietnam\uni-global.def
File: uni-global.def 2002/07/04 UCS: Unicode global data
)
\uc@secondtry=\count88
\uc@combtoks=\toks16
\uc@combtoksb=\toks17
\uc@temptokena=\toks18
)
(C:\vntex\tex\latex\vietnam\vietnam.sty
Package: vietnam 2000/01/27 v1.0 Vietnamese captions

("C:\Program Files\MiKTeX 2.9\tex\latex\base\ifthen.sty"
Package: ifthen 2014/09/29 v1.1c Standard LaTeX ifthen package (DPC)
)
("C:\Program Files\MiKTeX 2.9\tex\latex\base\fontenc.sty"
Package: fontenc 2005/09/27 v1.99g Standard LaTeX package

(C:\vntex\tex\latex\vietnam\t5enc.def
File: t5enc.def 2001/09/21 v1.1 Vietnamese T5 encoding
)
LaTeX Font Info:    Try loading font information for T5+cmr on input line 105.
 (C:\vntex\tex\latex\vietnam\t5cmr.fd
File: t5cmr.fd 1999/05/25 v2.5h Standard LaTeX font definitions
))

Package vietnam Warning: No input encoding specified, used VISCII as default on
 input line 45.

(C:\vntex\tex\latex\vietnam\vncaps.tex))
("C:\Program Files\MiKTeX 2.9\tex\latex\geometry\geometry.sty"
Package: geometry 2010/09/12 v5.6 Page Geometry

("C:\Program Files\MiKTeX 2.9\tex\latex\graphics\keyval.sty"
Package: keyval 2014/10/28 v1.15 key=value parser (DPC)
\KV@toks@=\toks19
)
(C:\vntex\tex\latex\math\ifpdf.sty
Package: ifpdf 2001/06/14 v1.0 Providing \ifpdf (HO)
Package ifpdf Info: pdfTeX in pdf mode detected on input line 140.
) (C:\vntex\tex\latex\math\ifvtex.sty
Package: ifvtex 2001/06/14 v1.0 *TEST* Providing \ifvtex switches (HO)
Package ifvtex Info: VTeX not detected.
)
("C:\Program Files\MiKTeX 2.9\tex\generic\ifxetex\ifxetex.sty"
Package: ifxetex 2010/09/12 v0.6 Provides ifxetex conditional
)
\Gm@cnth=\count89
\Gm@cntv=\count90
\c@Gm@tempcnt=\count91
\Gm@bindingoffset=\dimen103
\Gm@wd@mp=\dimen104
\Gm@odd@mp=\dimen105
\Gm@even@mp=\dimen106
\Gm@layoutwidth=\dimen107
\Gm@layoutheight=\dimen108
\Gm@layouthoffset=\dimen109
\Gm@layoutvoffset=\dimen110
\Gm@dimlist=\toks20

("C:\Program Files\MiKTeX 2.9\tex\latex\geometry\geometry.cfg"))
("C:\Program Files\MiKTeX 2.9\tex\latex\amsmath\amsmath.sty"
Package: amsmath 2016/03/10 v2.15b AMS math features
\@mathmargin=\skip43

For additional information on amsmath, use the `?' option.
("C:\Program Files\MiKTeX 2.9\tex\latex\amsmath\amstext.sty"
Package: amstext 2000/06/29 v2.01 AMS text

("C:\Program Files\MiKTeX 2.9\tex\latex\amsmath\amsgen.sty"
File: amsgen.sty 1999/11/30 v2.0 generic functions
\@emptytoks=\toks21
\ex@=\dimen111
))
("C:\Program Files\MiKTeX 2.9\tex\latex\amsmath\amsbsy.sty"
Package: amsbsy 1999/11/29 v1.2d Bold Symbols
\pmbraise@=\dimen112
)
("C:\Program Files\MiKTeX 2.9\tex\latex\amsmath\amsopn.sty"
Package: amsopn 2016/03/08 v2.02 operator names
)
\inf@bad=\count92
LaTeX Info: Redefining \frac on input line 199.
\uproot@=\count93
\leftroot@=\count94
LaTeX Info: Redefining \overline on input line 297.
\classnum@=\count95
\DOTSCASE@=\count96
LaTeX Info: Redefining \ldots on input line 394.
LaTeX Info: Redefining \dots on input line 397.
LaTeX Info: Redefining \cdots on input line 518.
\Mathstrutbox@=\box26
\strutbox@=\box27
\big@size=\dimen113
LaTeX Font Info:    Redeclaring font encoding OML on input line 634.
LaTeX Font Info:    Redeclaring font encoding OMS on input line 635.
\macc@depth=\count97
\c@MaxMatrixCols=\count98
\dotsspace@=\muskip10
\c@parentequation=\count99
\dspbrk@lvl=\count100
\tag@help=\toks22
\row@=\count101
\column@=\count102
\maxfields@=\count103
\andhelp@=\toks23
\eqnshift@=\dimen114
\alignsep@=\dimen115
\tagshift@=\dimen116
\tagwidth@=\dimen117
\totwidth@=\dimen118
\lineht@=\dimen119
\@envbody=\toks24
\multlinegap=\skip44
\multlinetaggap=\skip45
\mathdisplay@stack=\toks25
LaTeX Info: Redefining \[ on input line 2739.
LaTeX Info: Redefining \] on input line 2740.
)
("C:\Program Files\MiKTeX 2.9\tex\latex\float\float.sty"
Package: float 2001/11/08 v1.3d Float enhancements (AL)
\c@float@type=\count104
\float@exts=\toks26
\float@box=\box28
\@float@everytoks=\toks27
\@floatcapt=\box29
)
("C:\Program Files\MiKTeX 2.9\tex\latex\amsfonts\amssymb.sty"
Package: amssymb 2013/01/14 v3.01 AMS font symbols

("C:\Program Files\MiKTeX 2.9\tex\latex\amsfonts\amsfonts.sty"
Package: amsfonts 2013/01/14 v3.01 Basic AMSFonts support
\symAMSa=\mathgroup4
\symAMSb=\mathgroup5
LaTeX Font Info:    Overwriting math alphabet `\mathfrak' in version `bold'
(Font)                  U/euf/m/n --> U/euf/b/n on input line 106.
))
("C:\Program Files\MiKTeX 2.9\tex\latex\graphics\graphicx.sty"
Package: graphicx 2014/10/28 v1.0g Enhanced LaTeX Graphics (DPC,SPQR)

("C:\Program Files\MiKTeX 2.9\tex\latex\graphics\graphics.sty"
Package: graphics 2016/05/09 v1.0r Standard LaTeX Graphics (DPC,SPQR)

("C:\Program Files\MiKTeX 2.9\tex\latex\graphics\trig.sty"
Package: trig 2016/01/03 v1.10 sin cos tan (DPC)
)
("C:\Program Files\MiKTeX 2.9\tex\latex\00miktex\graphics.cfg"
File: graphics.cfg 2016/01/02 v1.10 sample graphics configuration
)
Package graphics Info: Driver file: pdftex.def on input line 96.

("C:\Program Files\MiKTeX 2.9\tex\latex\pdftex-def\pdftex.def"
File: pdftex.def 2011/05/27 v0.06d Graphics/color for pdfTeX

("C:\Program Files\MiKTeX 2.9\tex\generic\oberdiek\infwarerr.sty"
Package: infwarerr 2016/05/16 v1.4 Providing info/warning/error messages (HO)
)
("C:\Program Files\MiKTeX 2.9\tex\generic\oberdiek\ltxcmds.sty"
Package: ltxcmds 2016/05/16 v1.23 LaTeX kernel commands for general use (HO)
)
\Gread@gobject=\count105
))
\Gin@req@height=\dimen120
\Gin@req@width=\dimen121
)
("C:\Program Files\MiKTeX 2.9\tex\latex\hyperref\hyperref.sty"
Package: hyperref 2016/05/21 v6.83p Hypertext links for LaTeX

("C:\Program Files\MiKTeX 2.9\tex\generic\oberdiek\hobsub-hyperref.sty"
Package: hobsub-hyperref 2016/05/16 v1.14 Bundle oberdiek, subset hyperref (HO)


("C:\Program Files\MiKTeX 2.9\tex\generic\oberdiek\hobsub-generic.sty"
Package: hobsub-generic 2016/05/16 v1.14 Bundle oberdiek, subset generic (HO)
Package: hobsub 2016/05/16 v1.14 Construct package bundles (HO)
Package hobsub Info: Skipping package `infwarerr' (already loaded).
Package hobsub Info: Skipping package `ltxcmds' (already loaded).
Package: ifluatex 2016/05/16 v1.4 Provides the ifluatex switch (HO)
Package ifluatex Info: LuaTeX not detected.
Package hobsub Info: Skipping package `ifvtex' (already loaded).
Package: intcalc 2016/05/16 v1.2 Expandable calculations with integers (HO)
Package hobsub Info: Skipping package `ifpdf' (already loaded).
Package: etexcmds 2016/05/16 v1.6 Avoid name clashes with e-TeX commands (HO)
Package etexcmds Info: Could not find \expanded.
(etexcmds)             That can mean that you are not using pdfTeX 1.50 or
(etexcmds)             that some package has redefined \expanded.
(etexcmds)             In the latter case, load this package earlier.
Package: kvsetkeys 2016/05/16 v1.17 Key value parser (HO)
Package: kvdefinekeys 2016/05/16 v1.4 Define keys (HO)
Package: pdftexcmds 2016/05/21 v0.22 Utility functions of pdfTeX for LuaTeX (HO
)


LaTeX Warning: You have requested, on input line 4644, version
               `2010/09/13' of package ifpdf,
               but only version
               `2001/06/14 v1.0 Providing \ifpdf (HO)'
               is available.

Package pdftexcmds Info: LuaTeX not detected.
Package pdftexcmds Info: \pdf@primitive is available.
Package pdftexcmds Info: \pdf@ifprimitive is available.
Package pdftexcmds Info: \pdfdraftmode found.
Package: pdfescape 2016/05/16 v1.14 Implements pdfTeX's escape features (HO)
Package: bigintcalc 2016/05/16 v1.4 Expandable calculations on big integers (HO
)
Package: bitset 2016/05/16 v1.2 Handle bit-vector datatype (HO)
Package: uniquecounter 2016/05/16 v1.3 Provide unlimited unique counter (HO)
)
Package hobsub Info: Skipping package `hobsub' (already loaded).
Package: letltxmacro 2016/05/16 v1.5 Let assignment for LaTeX macros (HO)
Package: hopatch 2016/05/16 v1.3 Wrapper for package hooks (HO)
Package: xcolor-patch 2016/05/16 xcolor patch
Package: atveryend 2016/05/16 v1.9 Hooks at the very end of document (HO)
Package atveryend Info: \enddocument detected (standard20110627).
Package: atbegshi 2016/05/16 v1.17 At begin shipout hook (HO)


LaTeX Warning: You have requested, on input line 1837, version
               `2011/01/30' of package ifpdf,
               but only version
               `2001/06/14 v1.0 Providing \ifpdf (HO)'
               is available.

Package: refcount 2016/05/16 v3.5 Data extraction from label references (HO)
Package: hycolor 2016/05/16 v1.8 Color options for hyperref/bookmark (HO)
)

LaTeX Warning: You have requested, on input line 108, version
               `2006/02/20' of package ifpdf,
               but only version
               `2001/06/14 v1.0 Providing \ifpdf (HO)'
               is available.

("C:\Program Files\MiKTeX 2.9\tex\latex\oberdiek\auxhook.sty"
Package: auxhook 2016/05/16 v1.4 Hooks for auxiliary files (HO)
)
("C:\Program Files\MiKTeX 2.9\tex\latex\oberdiek\kvoptions.sty"
Package: kvoptions 2016/05/16 v3.12 Key value format for package options (HO)
)
\@linkdim=\dimen122
\Hy@linkcounter=\count106
\Hy@pagecounter=\count107

("C:\Program Files\MiKTeX 2.9\tex\latex\hyperref\pd1enc.def"
File: pd1enc.def 2016/05/21 v6.83p Hyperref: PDFDocEncoding definition (HO)
)
\Hy@SavedSpaceFactor=\count108

("C:\Program Files\MiKTeX 2.9\tex\latex\00miktex\hyperref.cfg"
File: hyperref.cfg 2002/06/06 v1.2 hyperref configuration of TeXLive
)
Package hyperref Info: Option `unicode' set `true' on input line 4362.

("C:\Program Files\MiKTeX 2.9\tex\latex\hyperref\puenc.def"
File: puenc.def 2016/05/21 v6.83p Hyperref: PDF Unicode definition (HO)
)
Package hyperref Info: Hyper figures OFF on input line 4486.
Package hyperref Info: Link nesting OFF on input line 4491.
Package hyperref Info: Hyper index ON on input line 4494.
Package hyperref Info: Plain pages OFF on input line 4501.
Package hyperref Info: Backreferencing OFF on input line 4506.
Package hyperref Info: Implicit mode ON; LaTeX internals redefined.
Package hyperref Info: Bookmarks ON on input line 4735.
\c@Hy@tempcnt=\count109

(C:\vntex\tex\latex\mystyle\url.sty
\Urlmuskip=\muskip11
Package: url 1999/03/28  ver 1.5x  Verb mode for urls, etc.
)
LaTeX Info: Redefining \url on input line 5088.
\XeTeXLinkMargin=\dimen123
\Fld@menulength=\count110
\Field@Width=\dimen124
\Fld@charsize=\dimen125
Package hyperref Info: Hyper figures OFF on input line 6342.
Package hyperref Info: Link nesting OFF on input line 6347.
Package hyperref Info: Hyper index ON on input line 6350.
Package hyperref Info: backreferencing OFF on input line 6357.
Package hyperref Info: Link coloring OFF on input line 6362.
Package hyperref Info: Link coloring with OCG OFF on input line 6367.
Package hyperref Info: PDF/A mode OFF on input line 6372.
LaTeX Info: Redefining \ref on input line 6412.
LaTeX Info: Redefining \pageref on input line 6416.
\Hy@abspage=\count111
\c@Item=\count112
\c@Hfootnote=\count113
)

Package hyperref Message: Driver (autodetected): hpdftex.

("C:\Program Files\MiKTeX 2.9\tex\latex\hyperref\hpdftex.def"
File: hpdftex.def 2016/05/21 v6.83p Hyperref driver for pdfTeX
\Fld@listcount=\count114
\c@bookmark@seq@number=\count115

("C:\Program Files\MiKTeX 2.9\tex\latex\oberdiek\rerunfilecheck.sty"
Package: rerunfilecheck 2016/05/16 v1.8 Rerun checks for auxiliary files (HO)
Package uniquecounter Info: New unique counter `rerunfilecheck' on input line 2
82.
)
\Hy@SectionHShift=\skip46
)
("C:\Program Files\MiKTeX 2.9\tex\latex\caption\caption.sty"
Package: caption 2016/02/21 v3.3-144 Customizing captions (AR)

("C:\Program Files\MiKTeX 2.9\tex\latex\caption\caption3.sty"
Package: caption3 2016/05/22 v1.7-166 caption3 kernel (AR)
Package caption3 Info: TeX engine: e-TeX on input line 67.
\captionmargin=\dimen126
\captionmargin@=\dimen127
\captionwidth=\dimen128
\caption@tempdima=\dimen129
\caption@indent=\dimen130
\caption@parindent=\dimen131
\caption@hangindent=\dimen132
)
\c@ContinuedFloat=\count116
Package caption Info: float package is loaded.
Package caption Info: hyperref package is loaded.
)
("C:\Program Files\MiKTeX 2.9\tex\latex\xcolor\xcolor.sty"
Package: xcolor 2016/05/11 v2.12 LaTeX color extensions (UK)

("C:\Program Files\MiKTeX 2.9\tex\latex\00miktex\color.cfg"
File: color.cfg 2016/01/02 v1.6 sample color configuration
)
Package xcolor Info: Driver file: pdftex.def on input line 225.

(C:\vntex\tex\latex\mystyle\colortbl.sty
Package: colortbl 1998/05/06 v0.1h Color table columns (DPC)

("C:\Program Files\MiKTeX 2.9\tex\latex\tools\array.sty"
Package: array 2014/10/28 v2.4c Tabular extension package (FMi)
\col@sep=\dimen133
\extrarowheight=\dimen134
\NC@list=\toks28
\extratabsurround=\skip47
\backup@length=\skip48
)
\everycr=\toks29
\minrowclearance=\skip49
)
\rownum=\count117
Package xcolor Info: Model `cmy' substituted by `cmy0' on input line 1348.
Package xcolor Info: Model `hsb' substituted by `rgb' on input line 1352.
Package xcolor Info: Model `RGB' extended on input line 1364.
Package xcolor Info: Model `HTML' substituted by `rgb' on input line 1366.
Package xcolor Info: Model `Hsb' substituted by `hsb' on input line 1367.
Package xcolor Info: Model `tHsb' substituted by `hsb' on input line 1368.
Package xcolor Info: Model `HSB' substituted by `hsb' on input line 1369.
Package xcolor Info: Model `Gray' substituted by `gray' on input line 1370.
Package xcolor Info: Model `wave' substituted by `hsb' on input line 1371.
)
("C:\Program Files\MiKTeX 2.9\tex\latex\titlesec\titletoc.sty"
Package: titletoc 2011/12/15 v1.6 TOC entries
\ttl@leftsep=\dimen135
)
("C:\Program Files\MiKTeX 2.9\tex\latex\etoc\etoc.sty"
Package: etoc 2018/07/04 v1.08p Completely customisable TOCs (JFB)

("C:\Program Files\MiKTeX 2.9\tex\latex\tools\multicol.sty"
Package: multicol 2016/04/07 v1.8p multicolumn formatting (FMi)
\c@tracingmulticols=\count118
\mult@box=\box30
\multicol@leftmargin=\dimen136
\c@unbalance=\count119
\c@collectmore=\count120
\doublecol@number=\count121
\multicoltolerance=\count122
\multicolpretolerance=\count123
\full@width=\dimen137
\page@free=\dimen138
\premulticols=\dimen139
\postmulticols=\dimen140
\multicolsep=\skip50
\multicolbaselineskip=\skip51
\partial@page=\box31
\last@line=\box32
\maxbalancingoverflow=\dimen141
\mult@rightbox=\box33
\mult@grightbox=\box34
\mult@gfirstbox=\box35
\mult@firstbox=\box36
\@tempa=\box37
\@tempa=\box38
\@tempa=\box39
\@tempa=\box40
\@tempa=\box41
\@tempa=\box42
\@tempa=\box43
\@tempa=\box44
\@tempa=\box45
\@tempa=\box46
\@tempa=\box47
\@tempa=\box48
\@tempa=\box49
\@tempa=\box50
\@tempa=\box51
\@tempa=\box52
\@tempa=\box53
\c@columnbadness=\count124
\c@finalcolumnbadness=\count125
\last@try=\dimen142
\multicolovershoot=\dimen143
\multicolundershoot=\dimen144
\mult@nat@firstbox=\box54
\colbreak@box=\box55
\mc@col@check@num=\count126
)
\Etoc@toctoks=\toks30
\c@etoc@tocid=\count127
\c@etoc@tocdepth=\count128
\etoc@framed@titlebox=\box56
\etoc@framed@contentsbox=\box57
)
("C:\Program Files\MiKTeX 2.9\tex\latex\psnfss\mathptmx.sty"
Package: mathptmx 2005/04/12 PSNFSS-v9.2a Times w/ Math, improved (SPQR, WaS) 
LaTeX Font Info:    Redeclaring symbol font `operators' on input line 28.
LaTeX Font Info:    Overwriting symbol font `operators' in version `normal'
(Font)                  OT1/cmr/m/n --> OT1/ztmcm/m/n on input line 28.
LaTeX Font Info:    Overwriting symbol font `operators' in version `bold'
(Font)                  OT1/cmr/bx/n --> OT1/ztmcm/m/n on input line 28.
LaTeX Font Info:    Redeclaring symbol font `letters' on input line 29.
LaTeX Font Info:    Overwriting symbol font `letters' in version `normal'
(Font)                  OML/cmm/m/it --> OML/ztmcm/m/it on input line 29.
LaTeX Font Info:    Overwriting symbol font `letters' in version `bold'
(Font)                  OML/cmm/b/it --> OML/ztmcm/m/it on input line 29.
LaTeX Font Info:    Redeclaring symbol font `symbols' on input line 30.
LaTeX Font Info:    Overwriting symbol font `symbols' in version `normal'
(Font)                  OMS/cmsy/m/n --> OMS/ztmcm/m/n on input line 30.
LaTeX Font Info:    Overwriting symbol font `symbols' in version `bold'
(Font)                  OMS/cmsy/b/n --> OMS/ztmcm/m/n on input line 30.
LaTeX Font Info:    Redeclaring symbol font `largesymbols' on input line 31.
LaTeX Font Info:    Overwriting symbol font `largesymbols' in version `normal'
(Font)                  OMX/cmex/m/n --> OMX/ztmcm/m/n on input line 31.
LaTeX Font Info:    Overwriting symbol font `largesymbols' in version `bold'
(Font)                  OMX/cmex/m/n --> OMX/ztmcm/m/n on input line 31.
\symbold=\mathgroup6
\symitalic=\mathgroup7
LaTeX Font Info:    Redeclaring math alphabet \mathbf on input line 34.
LaTeX Font Info:    Overwriting math alphabet `\mathbf' in version `normal'
(Font)                  OT1/cmr/bx/n --> OT1/ptm/bx/n on input line 34.
LaTeX Font Info:    Overwriting math alphabet `\mathbf' in version `bold'
(Font)                  OT1/cmr/bx/n --> OT1/ptm/bx/n on input line 34.
LaTeX Font Info:    Redeclaring math alphabet \mathit on input line 35.
LaTeX Font Info:    Overwriting math alphabet `\mathit' in version `normal'
(Font)                  OT1/cmr/m/it --> OT1/ptm/m/it on input line 35.
LaTeX Font Info:    Overwriting math alphabet `\mathit' in version `bold'
(Font)                  OT1/cmr/bx/it --> OT1/ptm/m/it on input line 35.
LaTeX Info: Redefining \hbar on input line 50.
) (main.aux)
\openout1 = `main.aux'.

LaTeX Font Info:    Checking defaults for OML/cmm/m/it on input line 37.
LaTeX Font Info:    ... okay on input line 37.
LaTeX Font Info:    Checking defaults for T1/cmr/m/n on input line 37.
LaTeX Font Info:    ... okay on input line 37.
LaTeX Font Info:    Checking defaults for OT1/cmr/m/n on input line 37.
LaTeX Font Info:    ... okay on input line 37.
LaTeX Font Info:    Checking defaults for OMS/cmsy/m/n on input line 37.
LaTeX Font Info:    ... okay on input line 37.
LaTeX Font Info:    Checking defaults for OMX/cmex/m/n on input line 37.
LaTeX Font Info:    ... okay on input line 37.
LaTeX Font Info:    Checking defaults for U/cmr/m/n on input line 37.
LaTeX Font Info:    ... okay on input line 37.
LaTeX Font Info:    Checking defaults for T5/cmr/m/n on input line 37.
LaTeX Font Info:    ... okay on input line 37.
LaTeX Font Info:    Checking defaults for PD1/pdf/m/n on input line 37.
LaTeX Font Info:    ... okay on input line 37.
LaTeX Font Info:    Checking defaults for PU/pdf/m/n on input line 37.
LaTeX Font Info:    ... okay on input line 37.
LaTeX Font Info:    Try loading font information for T5+ptm on input line 37.

("C:\Program Files\MiKTeX 2.9\tex\latex\vntex\t5ptm.fd"
File: t5utm.fd 2005/08/24 Fontinst v1.929 font definitions for T5/ptm.
)
(C:\vntex\tex\latex\vietnam\ucsencs.def
File: ucsencs.def 2002/06/15 Fixes to fontencodings LGR, LHE, T3
)
*geometry* driver: auto-detecting
*geometry* detected driver: pdftex
*geometry* verbose mode - [ preamble ] result:
* driver: pdftex
* paper: letterpaper
* layout: <same size as paper>
* layoutoffset:(h,v)=(0.0pt,0.0pt)
* modes: 
* h-part:(L,W,R)=(92.14519pt, 430.00462pt, 92.14519pt)
* v-part:(T,H,B)=(95.39737pt, 556.47656pt, 143.09605pt)
* \paperwidth=614.295pt
* \paperheight=794.96999pt
* \textwidth=430.00462pt
* \textheight=556.47656pt
* \oddsidemargin=19.8752pt
* \evensidemargin=19.8752pt
* \topmargin=-13.87262pt
* \headheight=12.0pt
* \headsep=25.0pt
* \topskip=12.0pt
* \footskip=30.0pt
* \marginparwidth=35.0pt
* \marginparsep=10.0pt
* \columnsep=10.0pt
* \skip\footins=10.8pt plus 4.0pt minus 2.0pt
* \hoffset=0.0pt
* \voffset=0.0pt
* \mag=1000
* \@twocolumnfalse
* \@twosidefalse
* \@mparswitchfalse
* \@reversemarginfalse
* (1in=72.27pt=25.4mm, 1cm=28.453pt)

("C:\Program Files\MiKTeX 2.9\tex\context\base\supp-pdf.mkii"
[Loading MPS to PDF converter (version 2006.09.02).]
\scratchcounter=\count129
\scratchdimen=\dimen145
\scratchbox=\box58
\nofMPsegments=\count130
\nofMParguments=\count131
\everyMPshowfont=\toks31
\MPscratchCnt=\count132
\MPscratchDim=\dimen146
\MPnumerator=\count133
\makeMPintoPDFobject=\count134
\everyMPtoPDFconversion=\toks32
) ("C:\Program Files\MiKTeX 2.9\tex\latex\oberdiek\epstopdf-base.sty"
Package: epstopdf-base 2016/05/15 v2.6 Base part for package epstopdf

("C:\Program Files\MiKTeX 2.9\tex\latex\oberdiek\grfext.sty"
Package: grfext 2016/05/16 v1.2 Manage graphics extensions (HO)
)
Package grfext Info: Graphics extension search list:
(grfext)             [.png,.pdf,.jpg,.mps,.jpeg,.jbig2,.jb2,.PNG,.PDF,.JPG,.JPE
G,.JBIG2,.JB2,.eps]
(grfext)             \AppendGraphicsExtensions on input line 456.
)
\AtBeginShipoutBox=\box59
Package hyperref Info: Link coloring OFF on input line 37.

("C:\Program Files\MiKTeX 2.9\tex\latex\hyperref\nameref.sty"
Package: nameref 2016/05/21 v2.44 Cross-referencing by name of section

("C:\Program Files\MiKTeX 2.9\tex\generic\oberdiek\gettitlestring.sty"
Package: gettitlestring 2016/05/16 v1.5 Cleanup title references (HO)
)
\c@section@level=\count135
)
LaTeX Info: Redefining \ref on input line 37.
LaTeX Info: Redefining \pageref on input line 37.
LaTeX Info: Redefining \nameref on input line 37.

(main.out) (main.out)
\@outlinefile=\write3
\openout3 = `main.out'.

Package caption Info: Begin \AtBeginDocument code.
Package caption Info: End \AtBeginDocument code.
\Etoc@tf=\read1
LaTeX Font Info:    Font shape `T5/ptm/bx/n' in size <20.74> not available
(Font)              Font shape `T5/ptm/b/n' tried instead on input line 45.
 (C:\vntex\tex\latex\vietnam\uni-0.def
File: uni-0.def 2002/07/04 UCS: Unicode data U+0000..U+00FF
)
(C:\vntex\tex\latex\vietnam\uni-30.def
File: uni-30.def 2002/07/04 UCS: Unicode data U+1E00..U+1EFF
)
LaTeX Font Info:    Try loading font information for OT1+ztmcm on input line 45
.

("C:\Program Files\MiKTeX 2.9\tex\latex\psnfss\ot1ztmcm.fd"
File: ot1ztmcm.fd 2000/01/03 Fontinst v1.801 font definitions for OT1/ztmcm.
)
LaTeX Font Info:    Try loading font information for OML+ztmcm on input line 45
.

("C:\Program Files\MiKTeX 2.9\tex\latex\psnfss\omlztmcm.fd"
File: omlztmcm.fd 2000/01/03 Fontinst v1.801 font definitions for OML/ztmcm.
)
LaTeX Font Info:    Try loading font information for OMS+ztmcm on input line 45
.

("C:\Program Files\MiKTeX 2.9\tex\latex\psnfss\omsztmcm.fd"
File: omsztmcm.fd 2000/01/03 Fontinst v1.801 font definitions for OMS/ztmcm.
)
LaTeX Font Info:    Try loading font information for OMX+ztmcm on input line 45
.

("C:\Program Files\MiKTeX 2.9\tex\latex\psnfss\omxztmcm.fd"
File: omxztmcm.fd 2000/01/03 Fontinst v1.801 font definitions for OMX/ztmcm.
)
LaTeX Font Info:    Try loading font information for OT1+ptm on input line 45.

("C:\Program Files\MiKTeX 2.9\tex\latex\psnfss\ot1ptm.fd"
File: ot1ptm.fd 2001/06/04 font definitions for OT1/ptm.
)
LaTeX Font Info:    Font shape `OT1/ptm/bx/n' in size <14.4> not available
(Font)              Font shape `OT1/ptm/b/n' tried instead on input line 45.
LaTeX Font Info:    Font shape `OT1/ptm/bx/n' in size <10.95> not available
(Font)              Font shape `OT1/ptm/b/n' tried instead on input line 45.
LaTeX Font Info:    Font shape `OT1/ptm/bx/n' in size <8> not available
(Font)              Font shape `OT1/ptm/b/n' tried instead on input line 45.
 [1


{C:/ProgramData/MiKTeX/2.9/pdftex/config/pdftex.map}]
LaTeX Font Info:    Font shape `T5/ptm/bx/n' in size <12> not available
(Font)              Font shape `T5/ptm/b/n' tried instead on input line 49.
 (C:\vntex\tex\latex\vietnam\uni-1.def
File: uni-1.def 2002/07/04 UCS: Unicode data U+0100..U+01FF
)
(C:\vntex\tex\latex\vietnam\uni-32.def
File: uni-32.def 2002/07/04 UCS: Unicode data U+2000..U+20FF
)pdfTeX warning (ext4): destination with the same identifier (name{page.i}) has
 been already used, duplicate ignored
<to be read again> 
                   \relax 
l.58 \newpage
              [1]
\tf@toc=\write4
\openout4 = `main.toc'.

LaTeX Font Info:    Font shape `T5/ptm/bx/n' in size <24.88> not available
(Font)              Font shape `T5/ptm/b/n' tried instead on input line 60.
LaTeX Font Info:    Font shape `OT1/ptm/bx/n' in size <12> not available
(Font)              Font shape `OT1/ptm/b/n' tried instead on input line 60.
LaTeX Font Info:    Font shape `OT1/ptm/bx/n' in size <9> not available
(Font)              Font shape `OT1/ptm/b/n' tried instead on input line 60.
LaTeX Font Info:    Font shape `OT1/ptm/bx/n' in size <7> not available
(Font)              Font shape `OT1/ptm/b/n' tried instead on input line 60.
 [2

] [3] (main.lof [4

])
\tf@lof=\write5
\openout5 = `main.lof'.

 [5]
Ch\uhorn {}\ohorn {}ng 1.
LaTeX Font Info:    Font shape `T5/ptm/bx/n' in size <17.28> not available
(Font)              Font shape `T5/ptm/b/n' tried instead on input line 66.
LaTeX Font Info:    Font shape `T5/ptm/bx/n' in size <14.4> not available
(Font)              Font shape `T5/ptm/b/n' tried instead on input line 67.
[1


] [2] [3] [4]
Ch\uhorn {}\ohorn {}ng 2.
[5

] [6]
Ch\uhorn {}\ohorn {}ng 3.
[7

] [8] <welltest/interface.png, id=331, 726.46407pt x 469.755pt>
File: welltest/interface.png Graphic file (type png)

<use welltest/interface.png>
Package pdftex.def Info: welltest/interface.png used on input line 191.
(pdftex.def)             Requested size: 435.8818pt x 281.85518pt.

Overfull \hbox (5.87718pt too wide) in paragraph at lines 191--192
 [][] 
 []

[9 <./welltest/interface.png>]
<welltest/input_data.png, id=337, 630.10406pt x 465.23813pt>
File: welltest/input_data.png Graphic file (type png)

<use welltest/input_data.png>
Package pdftex.def Info: welltest/input_data.png used on input line 200.
(pdftex.def)             Requested size: 441.06984pt x 325.66446pt.

Overfull \hbox (11.06522pt too wide) in paragraph at lines 200--201
 [][] 
 []

[10 <./welltest/input_data.png>]
<welltest/rate_changes.png, id=343, 419.31656pt x 360.59718pt>
File: welltest/rate_changes.png Graphic file (type png)

<use welltest/rate_changes.png>
Package pdftex.def Info: welltest/rate_changes.png used on input line 209.
(pdftex.def)             Requested size: 419.31552pt x 360.5963pt.
 [11

 <./welltest/rate_changes.png>]
<welltest/fluid_des.png, id=348, 406.51875pt x 319.1925pt>
File: welltest/fluid_des.png Graphic file (type png)

<use welltest/fluid_des.png>
Package pdftex.def Info: welltest/fluid_des.png used on input line 218.
(pdftex.def)             Requested size: 406.51775pt x 319.19171pt.
 [12 <./welltest/fluid_des.png>]
<welltest/well_radius.png, id=354, 405.76593pt x 319.94531pt>
File: welltest/well_radius.png Graphic file (type png)

<use welltest/well_radius.png>
Package pdftex.def Info: welltest/well_radius.png used on input line 227.
(pdftex.def)             Requested size: 405.76494pt x 319.94452pt.
 [13

 <./welltest/well_radius.png>]
<welltest/layer_params.png, id=361, 364.36125pt x 373.395pt>
File: welltest/layer_params.png Graphic file (type png)

<use welltest/layer_params.png>
Package pdftex.def Info: welltest/layer_params.png used on input line 236.
(pdftex.def)             Requested size: 364.36035pt x 373.39409pt.
 [14

 <./welltest/layer_params.png>]
<welltest/oil_params.png, id=367, 594.72188pt x 441.14813pt>
File: welltest/oil_params.png Graphic file (type png)

<use welltest/oil_params.png>
Package pdftex.def Info: welltest/oil_params.png used on input line 245.
(pdftex.def)             Requested size: 416.30247pt x 308.80157pt.
 [15

 <./welltest/oil_params.png>]
<welltest/semilog_result.png, id=373, 971.12813pt x 529.98pt>
File: welltest/semilog_result.png Graphic file (type png)

<use welltest/semilog_result.png>
Package pdftex.def Info: welltest/semilog_result.png used on input line 255.
(pdftex.def)             Requested size: 437.00362pt x 238.48878pt.

Overfull \hbox (6.999pt too wide) in paragraph at lines 255--256
 [][] 
 []

<welltest/loglog.png, id=375, 1112.155pt x 469.755pt>
File: welltest/loglog.png Graphic file (type png)

<use welltest/loglog.png>
Package pdftex.def Info: welltest/loglog.png used on input line 264.
(pdftex.def)             Requested size: 444.85413pt x 187.89867pt.

Overfull \hbox (14.8495pt too wide) in paragraph at lines 264--265
 [][] 
 []


LaTeX Warning: `h' float specifier changed to `ht'.

[16

 <./welltest/semilog_result.png>] [17 <./welltest/loglog.png (PNG copy)>]
<Fig/tank_reservoir.PNG, id=384, 560.8453pt x 210.03468pt>
File: Fig/tank_reservoir.PNG Graphic file (type png)

<use Fig/tank_reservoir.PNG>
Package pdftex.def Info: Fig/tank_reservoir.PNG used on input line 284.
(pdftex.def)             Requested size: 392.58904pt x 147.02327pt.

<Fig/tank_model.jpg, id=386, 470.4368pt x 225.59047pt>
File: Fig/tank_model.jpg Graphic file (type jpg)

<use Fig/tank_model.jpg>
Package pdftex.def Info: Fig/tank_model.jpg used on input line 289.
(pdftex.def)             Requested size: 329.3035pt x 157.91223pt.
 [18 <./Fig/tank_reservoir.PNG> <./Fig/tank_model.jpg>] [19] [20] <Fig/interfac
e.png, id=406, 728.7225pt x 397.485pt>
File: Fig/interface.png Graphic file (type png)

<use Fig/interface.png>
Package pdftex.def Info: Fig/interface.png used on input line 332.
(pdftex.def)             Requested size: 437.23688pt x 238.49283pt.

Overfull \hbox (7.23225pt too wide) in paragraph at lines 332--333
 [][] 
 []

[21 <./Fig/interface.png>] <Fig/mba_tool.png, id=412, 462.22687pt x 289.08pt>
File: Fig/mba_tool.png Graphic file (type png)

<use Fig/mba_tool.png>
Package pdftex.def Info: Fig/mba_tool.png used on input line 341.
(pdftex.def)             Requested size: 416.00034pt x 260.16959pt.
 [22

 <./Fig/mba_tool.png>]
<Fig/pvt_input.png, id=418, 310.15875pt x 194.97844pt>
File: Fig/pvt_input.png Graphic file (type png)
 <use Fig/pvt_input.png>
Package pdftex.def Info: Fig/pvt_input.png used on input line 350.
(pdftex.def)             Requested size: 403.20633pt x 253.47192pt.

[23

 <./Fig/pvt_input.png>]
<Fig/correlations.png, id=428, 375.65344pt x 249.93375pt>
File: Fig/correlations.png Graphic file (type png)

<use Fig/correlations.png>
Package pdftex.def Info: Fig/correlations.png used on input line 371.
(pdftex.def)             Requested size: 413.22005pt x 274.92796pt.
 [24 <./Fig/correlations.png>]
<Fig/tank_params.png, id=434, 426.84468pt x 298.11375pt>
File: Fig/tank_params.png Graphic file (type png)

<use Fig/tank_params.png>
Package pdftex.def Info: Fig/tank_params.png used on input line 382.
(pdftex.def)             Requested size: 426.84364pt x 298.11302pt.
 [25 <./Fig/tank_params.png>]
<Fig/water_influx.png, id=440, 425.33907pt x 298.86656pt>
File: Fig/water_influx.png Graphic file (type png)

<use Fig/water_influx.png>
Package pdftex.def Info: Fig/water_influx.png used on input line 391.
(pdftex.def)             Requested size: 425.33801pt x 298.86581pt.
 [26

 <./Fig/water_influx.png>]
<Fig/compress.png, id=445, 424.58624pt x 297.36093pt>
File: Fig/compress.png Graphic file (type png)
 <use Fig/compress.png>
Package pdftex.def Info: Fig/compress.png used on input line 400.
(pdftex.def)             Requested size: 424.5852pt x 297.3602pt.

[27

 <./Fig/compress.png>]
<Fig/rel_perm.png, id=450, 424.58624pt x 298.86656pt>
File: Fig/rel_perm.png Graphic file (type png)
 <use Fig/rel_perm.png>
Package pdftex.def Info: Fig/rel_perm.png used on input line 409.
(pdftex.def)             Requested size: 424.5852pt x 298.86581pt.

[28

 <./Fig/rel_perm.png>]
<Fig/Pro_history.png, id=456, 426.84468pt x 298.11375pt>
File: Fig/Pro_history.png Graphic file (type png)

<use Fig/Pro_history.png>
Package pdftex.def Info: Fig/Pro_history.png used on input line 418.
(pdftex.def)             Requested size: 426.84364pt x 298.11302pt.
 [29

 <./Fig/Pro_history.png>]
<Fig/drive_mechanism.png, id=461, 730.22812pt x 398.99063pt>
File: Fig/drive_mechanism.png Graphic file (type png)

<use Fig/drive_mechanism.png>
Package pdftex.def Info: Fig/drive_mechanism.png used on input line 427.
(pdftex.def)             Requested size: 438.14024pt x 239.39622pt.

Overfull \hbox (8.13562pt too wide) in paragraph at lines 427--428
 [][] 
 []

<Fig/gra_method.png, id=462, 730.22812pt x 398.23781pt>
File: Fig/gra_method.png Graphic file (type png)

<use Fig/gra_method.png>
Package pdftex.def Info: Fig/gra_method.png used on input line 433.
(pdftex.def)             Requested size: 438.14024pt x 238.94452pt.

Overfull \hbox (8.13562pt too wide) in paragraph at lines 433--434
 [][] 
 []

<Fig/analytical_method.png, id=463, 730.22812pt x 398.99063pt>
File: Fig/analytical_method.png Graphic file (type png)

<use Fig/analytical_method.png>
Package pdftex.def Info: Fig/analytical_method.png used on input line 439.
(pdftex.def)             Requested size: 438.14024pt x 239.39622pt.

Overfull \hbox (8.13562pt too wide) in paragraph at lines 439--440
 [][] 
 []


LaTeX Warning: `h' float specifier changed to `ht'.


LaTeX Warning: `h' float specifier changed to `ht'.

[30

 <./Fig/drive_mechanism.png>] [31 <./Fig/gra_method.png> <./Fig/analytical_meth
od.png>] <Fig/Campbell.png, id=478, 491.58656pt x 264.99pt>
File: Fig/Campbell.png Graphic file (type png)

<use Fig/Campbell.png>
Package pdftex.def Info: Fig/Campbell.png used on input line 449.
(pdftex.def)             Requested size: 491.58536pt x 264.98935pt.

Overfull \hbox (61.58073pt too wide) in paragraph at lines 449--450
 [][] 
 []

<Fig/water_influx_1.png, id=480, 435.12563pt x 301.8778pt>
File: Fig/water_influx_1.png Graphic file (type png)

<use Fig/water_influx_1.png>
Package pdftex.def Info: Fig/water_influx_1.png used on input line 457.
(pdftex.def)             Requested size: 435.12456pt x 301.87706pt.

Overfull \hbox (5.11993pt too wide) in paragraph at lines 457--458
 [][] 
 []


LaTeX Warning: `h' float specifier changed to `ht'.

[32

 <./Fig/Campbell.png (PNG copy)>]
<Fig/ener_aquifer.png, id=486, 730.22812pt x 376.40625pt>
File: Fig/ener_aquifer.png Graphic file (type png)

<use Fig/ener_aquifer.png>
Package pdftex.def Info: Fig/ener_aquifer.png used on input line 467.
(pdftex.def)             Requested size: 438.14024pt x 225.84547pt.

Overfull \hbox (8.13562pt too wide) in paragraph at lines 467--468
 [][] 
 []

<Fig/gra_aquifer.png, id=487, 730.22812pt x 388.45125pt>
File: Fig/gra_aquifer.png Graphic file (type png)

<use Fig/gra_aquifer.png>
Package pdftex.def Info: Fig/gra_aquifer.png used on input line 473.
(pdftex.def)             Requested size: 438.14024pt x 233.07254pt.

Overfull \hbox (8.13562pt too wide) in paragraph at lines 473--474
 [][] 
 []

<Fig/ana_aquifer.png, id=488, 730.22812pt x 375.65344pt>
File: Fig/ana_aquifer.png Graphic file (type png)

<use Fig/ana_aquifer.png>
Package pdftex.def Info: Fig/ana_aquifer.png used on input line 479.
(pdftex.def)             Requested size: 438.14024pt x 225.3938pt.

Overfull \hbox (8.13562pt too wide) in paragraph at lines 479--480
 [][] 
 []

<Fig/wd_aquifer.png, id=489, 730.22812pt x 378.66469pt>
File: Fig/wd_aquifer.png Graphic file (type png)

<use Fig/wd_aquifer.png>
Package pdftex.def Info: Fig/wd_aquifer.png used on input line 485.
(pdftex.def)             Requested size: 438.14024pt x 227.20056pt.

Overfull \hbox (8.13562pt too wide) in paragraph at lines 485--486
 [][] 
 []


LaTeX Warning: `h' float specifier changed to `ht'.


LaTeX Warning: `h' float specifier changed to `ht'.


LaTeX Warning: `h' float specifier changed to `ht'.


LaTeX Warning: `h' float specifier changed to `ht'.

[33 <./Fig/water_influx_1.png>] [34 <./Fig/ener_aquifer.png> <./Fig/gra_aquifer
.png>] [35 <./Fig/ana_aquifer.png> <./Fig/wd_aquifer.png>]
<Fig/before_regression.png, id=504, 266.49562pt x 210.03468pt>
File: Fig/before_regression.png Graphic file (type png)

<use Fig/before_regression.png>
Package pdftex.def Info: Fig/before_regression.png used on input line 494.
(pdftex.def)             Requested size: 426.39355pt x 336.05594pt.
 [36

 <./Fig/before_regression.png>]
<Fig/after_regression.png, id=509, 274.02374pt x 216.05719pt>
File: Fig/after_regression.png Graphic file (type png)

<use Fig/after_regression.png>
Package pdftex.def Info: Fig/after_regression.png used on input line 501.
(pdftex.def)             Requested size: 438.43858pt x 345.69194pt.

Overfull \hbox (8.43396pt too wide) in paragraph at lines 501--502
 [][] 
 []

<Fig/ener_fixed.png, id=511, 730.22812pt x 378.66469pt>
File: Fig/ener_fixed.png Graphic file (type png)

<use Fig/ener_fixed.png>
Package pdftex.def Info: Fig/ener_fixed.png used on input line 509.
(pdftex.def)             Requested size: 438.14024pt x 227.20056pt.

Overfull \hbox (8.13562pt too wide) in paragraph at lines 509--510
 [][] 
 []

<Fig/gra_fixed.png, id=512, 730.22812pt x 388.45125pt>
File: Fig/gra_fixed.png Graphic file (type png)
 <use Fig/gra_fixed.png>
Package pdftex.def Info: Fig/gra_fixed.png used on input line 515.
(pdftex.def)             Requested size: 438.14024pt x 233.07254pt.

Overfull \hbox (8.13562pt too wide) in paragraph at lines 515--516
 [][] 
 []

<Fig/ana_fixed.png, id=513, 730.22812pt x 377.15906pt>
File: Fig/ana_fixed.png Graphic file (type png)
 <use Fig/ana_fixed.png>
Package pdftex.def Info: Fig/ana_fixed.png used on input line 521.
(pdftex.def)             Requested size: 438.14024pt x 226.29718pt.

Overfull \hbox (8.13562pt too wide) in paragraph at lines 521--522
 [][] 
 []

<Fig/wd_fixed.png, id=514, 730.22812pt x 378.66469pt>
File: Fig/wd_fixed.png Graphic file (type png)
 <use Fig/wd_fixed.png>
Package pdftex.def Info: Fig/wd_fixed.png used on input line 527.
(pdftex.def)             Requested size: 438.14024pt x 227.20056pt.

Overfull \hbox (8.13562pt too wide) in paragraph at lines 527--528
 [][] 
 []


LaTeX Warning: `h' float specifier changed to `ht'.


LaTeX Warning: `h' float specifier changed to `ht'.


LaTeX Warning: `h' float specifier changed to `ht'.


LaTeX Warning: `h' float specifier changed to `ht'.

[37

 <./Fig/after_regression.png>] [38 <./Fig/ener_fixed.png> <./Fig/gra_fixed.png>
] [39 <./Fig/ana_fixed.png> <./Fig/wd_fixed.png>] [40

]
<Fig/model_workflow.PNG, id=534, 578.91281pt x 407.27156pt>
File: Fig/model_workflow.PNG Graphic file (type png)

<use Fig/model_workflow.PNG>
Package pdftex.def Info: Fig/model_workflow.PNG used on input line 581.
(pdftex.def)             Requested size: 405.2362pt x 285.08813pt.


LaTeX Warning: `h' float specifier changed to `ht'.

[41] [42 <./Fig/model_workflow.PNG>] [43]
Ch\uhorn {}\ohorn {}ng 4.
Package atveryend Info: Empty hook `BeforeClearDocument' on input line 616.
[44

]
Package atveryend Info: Empty hook `AfterLastShipout' on input line 616.
 (main.aux)
Package atveryend Info: Executing hook `AtVeryEndDocument' on input line 616.
Package atveryend Info: Executing hook `AtEndAfterFileList' on input line 616.
Package rerunfilecheck Info: File `main.out' has not changed.
(rerunfilecheck)             Checksum: D5EABE64DB3D0D298A3509C3487E1D4C;6766.
Package atveryend Info: Empty hook `AtVeryVeryEnd' on input line 616.
 ) 
Here is how much of TeX's memory you used:
 14960 strings out of 493335
 206981 string characters out of 3139259
 278966 words of memory out of 3000000
 18123 multiletter control sequences out of 15000+200000
 59111 words of font info for 97 fonts, out of 3000000 for 9000
 1141 hyphenation exceptions out of 8191
 38i,10n,39p,842b,601s stack positions out of 5000i,500n,10000p,200000b,50000s
{C:/Program Files/MiKTeX 2.9/fonts/enc/dvips/fontname/t5.enc}{C:/Program File
s/MiKTeX 2.9/fonts/enc/dvips/fontname/8r.enc}<C:/Program Files/MiKTeX 2.9/fonts
/type1/public/amsfonts/cm/cmex10.pfb><C:/Program Files/MiKTeX 2.9/fonts/type1/p
ublic/amsfonts/cm/cmmi10.pfb><C:/Program Files/MiKTeX 2.9/fonts/type1/public/am
sfonts/cm/cmr10.pfb><C:/Program Files/MiKTeX 2.9/fonts/type1/public/amsfonts/cm
/cmsy10.pfb><C:/Program Files/MiKTeX 2.9/fonts/type1/urw/symbol/usyr.pfb><C:/Pr
ogram Files/MiKTeX 2.9/fonts/type1/urw/symbol/usyr.pfb><C:/Program Files/MiKTeX
 2.9/fonts/type1/vntex/urwvn/utmb8v.pfb><C:/Program Files/MiKTeX 2.9/fonts/type
1/urw/times/utmr8a.pfb><C:/Program Files/MiKTeX 2.9/fonts/type1/vntex/urwvn/utm
r8v.pfb><C:/Program Files/MiKTeX 2.9/fonts/type1/urw/times/utmri8a.pfb><C:/Prog
ram Files/MiKTeX 2.9/fonts/type1/vntex/urwvn/utmri8v.pfb>
Output written on main.pdf (50 pages, 2476304 bytes).
PDF statistics:
 625 PDF objects out of 1000 (max. 8388607)
 145 named destinations out of 1000 (max. 500000)
 445 words of extra memory for PDF output out of 10000 (max. 10000000)

