\BOOKMARK [0][-]{content.0}{\376\377\000M\036\345\000c\000\040\000l\036\345\000c}{}% 1
\BOOKMARK [0][-]{chapter.1}{\376\377\000K\000H\000\301\000I\000\040\000Q\000U\000\301\000T\000\040\000V\036\300\000\040\001\020\001\240\000N\000\040\000V\036\312\000\040\000T\000H\036\360\000C\000\040\000T\036\254\000P}{}% 2
\BOOKMARK [1][-]{section.1.1}{\376\377\000T\036\325\000n\000g\000\040\000q\000u\000a\000n\000,\000\040\000l\036\313\000c\000h\000\040\000s\036\355\000\040\000h\000\354\000n\000h\000\040\000t\000h\000\340\000n\000h\000,\000\040\000c\001\241\000\040\000c\036\245\000u\000\040\000t\036\325\000\040\000c\000h\036\351\000c\000\040\000v\000\340\000\040\000c\000h\036\351\000c\000\040\000n\001\003\000n\000g\000\040\000n\000h\000i\036\307\000m\000\040\000v\036\345\000\040\000c\036\347\000a\000\040\000C\000\364\000n\000g\000\040\000t\000y\000\040\000L\000i\000\352\000n\000\040\000d\000o\000a\000n\000h\000\040\000J\000V\000P\000C}{chapter.1}% 3
\BOOKMARK [2][-]{subsection.1.1.1}{\376\377\000T\036\325\000n\000g\000\040\000q\000u\000a\000n}{section.1.1}% 4
\BOOKMARK [2][-]{subsection.1.1.2}{\376\377\000L\036\313\000c\000h\000\040\000s\036\355\000\040\000h\000\354\000n\000h\000\040\000t\000h\000\340\000n\000h}{section.1.1}% 5
\BOOKMARK [2][-]{subsection.1.1.3}{\376\377\000L\036\313\000c\000h\000\040\000s\036\355\000\040\000p\000h\000\341\000t\000\040\000t\000r\000i\036\303\000n\000\040\000L\000\364\000\040\0001\0005\000-\0002}{section.1.1}% 6
\BOOKMARK [2][-]{subsection.1.1.4}{\376\377\000C\001\241\000\040\000c\036\245\000u\000\040\000t\036\325\000\040\000c\000h\036\351\000c}{section.1.1}% 7
\BOOKMARK [2][-]{subsection.1.1.5}{\376\377\000C\000h\036\351\000c\000\040\000n\001\003\000n\000g\000,\000\040\000n\000h\000i\036\307\000m\000\040\000v\036\345}{section.1.1}% 8
\BOOKMARK [1][-]{section.1.2}{\376\377\000P\000h\000\362\000n\000g\000\040\000C\000\364\000n\000g\000\040\000n\000g\000h\036\307\000\040\000m\036\317}{chapter.1}% 9
\BOOKMARK [0][-]{chapter.2}{\376\377\000K\036\276\000T\000\040\000Q\000U\036\242\000\040\000T\000H\036\360\000C\000\040\000T\036\254\000P}{}% 10
\BOOKMARK [1][-]{section.2.1}{\376\377\000N\036\331\000i\000\040\000d\000u\000n\000g\000\040\000c\000\364\000n\000g\000\040\000v\000i\036\307\000c\000\040\001\021\001\260\036\343\000c\000\040\000g\000i\000a\000o}{chapter.2}% 11
\BOOKMARK [2][-]{subsection.2.1.1}{\376\377\000N\036\331\000i\000\040\000d\000u\000n\000g\000\040\000v\000\340\000\040\000m\036\345\000c\000\040\000t\000i\000\352\000u}{section.2.1}% 12
\BOOKMARK [2][-]{subsection.2.1.2}{\376\377\000P\000h\001\260\001\241\000n\000g\000\040\000p\000h\000\341\000p\000\040\000t\000i\036\277\000n\000\040\000h\000\340\000n\000h\000,\000\040\000t\000i\036\277\000n\000\040\001\021\036\331\000\040\000v\000\340\000\040\000k\036\277\000t\000\040\000q\000u\036\243}{section.2.1}% 13
\BOOKMARK [2][-]{subsection.2.1.3}{\376\377\000T\036\361\000\040\000n\000h\036\255\000n\000\040\000x\000\351\000t\000\040\000v\036\301\000\040\000m\036\351\000c\000\040\001\021\036\331\000\040\000h\000o\000\340\000n\000\040\000t\000h\000\340\000n\000h\000\040\000c\000\364\000n\000g\000\040\000v\000i\036\307\000c\000\040\001\021\001\260\036\343\000c\000\040\000g\000i\000a\000o}{section.2.1}% 14
\BOOKMARK [1][-]{section.2.2}{\376\377\000N\000h\036\357\000n\000g\000\040\000k\000i\036\277\000n\000\040\000t\000h\036\351\000c\000,\000\040\000k\001\051\000\040\000n\001\003\000n\000g\000\040\000v\000\340\000\040\000k\000i\000n\000h\000\040\000n\000g\000h\000i\036\307\000m\000\040\000t\000h\000u\000\040\001\021\001\260\036\343\000c}{chapter.2}% 15
\BOOKMARK [0][-]{chapter.3}{\376\377\000N\036\330\000I\000\040\000D\000U\000N\000G\000\040\000K\036\276\000T\000\040\000Q\000U\036\242\000\040\000T\000H\036\360\000C\000\040\000T\036\254\000P}{}% 16
\BOOKMARK [1][-]{section.3.1}{\376\377\000P\000h\000\342\000n\000\040\000t\000\355\000c\000h\000\040\000t\000h\036\355\000\040\000v\036\311\000a}{chapter.3}% 17
\BOOKMARK [2][-]{subsection.3.1.1}{\376\377\000T\036\325\000n\000g\000\040\000q\000u\000a\000n}{section.3.1}% 18
\BOOKMARK [2][-]{subsection.3.1.2}{\376\377\000P\000h\000\342\000n\000\040\000t\000\355\000c\000h\000\040\000t\000h\036\355\000\040\000v\036\311\000a\000\040\000b\036\261\000n\000g\000\040\000p\000h\036\247\000n\000\040\000m\036\301\000m\000\040\000P\000a\000n\000S\000y\000s\000t\000e\000m}{section.3.1}% 19
\BOOKMARK [3][-]{subsubsection.3.1.2.1}{\376\377\000P\000a\000n\000S\000y\000s\000t\000e\000m}{subsection.3.1.2}% 20
\BOOKMARK [3][-]{subsubsection.3.1.2.2}{\376\377\000T\000h\036\361\000c\000\040\000h\000\340\000n\000h\000\040\000v\036\333\000i\000\040\000P\000a\000n\000S\000y\000s\000t\000e\000m}{subsection.3.1.2}% 21
\BOOKMARK [1][-]{section.3.2}{\376\377\000P\000h\001\260\001\241\000n\000g\000\040\000t\000r\000\354\000n\000h\000\040\000c\000\342\000n\000\040\000b\036\261\000n\000g\000\040\000v\036\255\000t\000\040\000c\000h\036\245\000t}{chapter.3}% 22
\BOOKMARK [2][-]{subsection.3.2.1}{\376\377\000T\036\325\000n\000g\000\040\000q\000u\000a\000n}{section.3.2}% 23
\BOOKMARK [2][-]{subsection.3.2.2}{\376\377\000D\036\361\000\040\001\021\000o\000\341\000n\000\040\001\021\036\267\000c\000\040\000t\000\355\000n\000h\000\040\000v\036\311\000a\000\040\000b\036\261\000n\000g\000\040\000M\000B\000A\000L}{section.3.2}% 24
\BOOKMARK [3][-]{subsubsection.3.2.2.1}{\376\377\000P\000e\000t\000r\000o\000l\000e\000u\000m\000\040\000E\000x\000p\000e\000r\000t\000s\000\040\000v\000\340\000\040\000m\000\364\000\040\001\021\000u\000n\000\040\000M\000B\000A\000L}{subsection.3.2.2}% 25
\BOOKMARK [3][-]{subsubsection.3.2.2.2}{\376\377\000T\000h\036\361\000c\000\040\000h\000\340\000n\000h\000\040\000v\036\333\000i\000\040\000M\000B\000A\000L}{subsection.3.2.2}% 26
\BOOKMARK [1][-]{section.3.3}{\376\377\000M\000\364\000\040\000p\000h\036\317\000n\000g\000\040\000v\036\311\000a}{chapter.3}% 27
\BOOKMARK [2][-]{subsection.3.3.1}{\376\377\000T\036\325\000n\000g\000\040\000q\000u\000a\000n}{section.3.3}% 28
\BOOKMARK [2][-]{subsection.3.3.2}{\376\377\000M\000\364\000\040\000p\000h\036\317\000n\000g\000\040\000v\036\311\000a\000\040\000v\036\333\000i\000\040\000p\000h\036\247\000n\000\040\000m\036\301\000m\000\040\000E\000C\000L\000I\000P\000S\000E}{section.3.3}% 29
\BOOKMARK [3][-]{subsubsection.3.3.2.1}{\376\377\000E\000C\000L\000I\000P\000S\000E}{subsection.3.3.2}% 30
\BOOKMARK [0][-]{chapter.4}{\376\377\000K\036\276\000T\000\040\000L\000U\036\254\000N\000\040\000V\000\300\000\040\000K\000I\036\276\000N\000\040\000N\000G\000H\036\312}{}% 31
\BOOKMARK [1][-]{section.4.1}{\376\377\000K\036\277\000t\000\040\000l\000u\036\255\000n}{chapter.4}% 32
\BOOKMARK [1][-]{section.4.2}{\376\377\000K\000i\036\277\000n\000\040\000n\000g\000h\036\313}{chapter.4}% 33
